sending incremental file list
deleting test/images/zigzagged_0109.jpg
deleting test/images/zigzagged_0101.jpg
deleting test/images/zigzagged_0096.jpg
deleting test/images/zigzagged_0087.jpg
deleting test/images/zigzagged_0080.jpg
deleting test/images/zigzagged_0061.jpg
deleting test/images/zigzagged_0056.jpg
deleting test/images/zigzagged_0035.jpg
deleting test/images/zigzagged_0021.jpg
deleting test/images/zigzagged_0014.jpg
deleting test/images/wrinkled_0121.jpg
deleting test/images/wrinkled_0113.jpg
deleting test/images/wrinkled_0108.jpg
deleting test/images/wrinkled_0098.jpg
deleting test/images/wrinkled_0090.jpg
deleting test/images/wrinkled_0066.jpg
deleting test/images/wrinkled_0060.jpg
deleting test/images/wrinkled_0038.jpg
deleting test/images/wrinkled_0025.jpg
deleting test/images/wrinkled_0014.jpg
deleting test/images/woven_0107.jpg
deleting test/images/woven_0099.jpg
deleting test/images/woven_0093.jpg
deleting test/images/woven_0081.jpg
deleting test/images/woven_0073.jpg
deleting test/images/woven_0053.jpg
deleting test/images/woven_0048.jpg
deleting test/images/woven_0024.jpg
deleting test/images/woven_0012.jpg
deleting test/images/woven_0004.jpg
deleting test/images/waffled_0175.jpg
deleting test/images/waffled_0167.jpg
deleting test/images/waffled_0162.jpg
deleting test/images/waffled_0153.jpg
deleting test/images/waffled_0146.jpg
deleting test/images/waffled_0126.jpg
deleting test/images/waffled_0121.jpg
deleting test/images/waffled_0099.jpg
deleting test/images/waffled_0063.jpg
deleting test/images/waffled_0054.jpg
deleting test/images/veined_0165.jpg
deleting test/images/veined_0157.jpg
deleting test/images/veined_0152.jpg
deleting test/images/veined_0143.jpg
deleting test/images/veined_0136.jpg
deleting test/images/veined_0117.jpg
deleting test/images/veined_0112.jpg
deleting test/images/veined_0090.jpg
deleting test/images/veined_0075.jpg
deleting test/images/veined_0067.jpg
deleting test/images/swirly_0154.jpg
deleting test/images/swirly_0146.jpg
deleting test/images/swirly_0141.jpg
deleting test/images/swirly_0132.jpg
deleting test/images/swirly_0125.jpg
deleting test/images/swirly_0105.jpg
deleting test/images/swirly_0099.jpg
deleting test/images/swirly_0076.jpg
deleting test/images/swirly_0065.jpg
deleting test/images/swirly_0058.jpg
deleting test/images/studded_0193.jpg
deleting test/images/studded_0185.jpg
deleting test/images/studded_0180.jpg
deleting test/images/studded_0170.jpg
deleting test/images/studded_0163.jpg
deleting test/images/studded_0139.jpg
deleting test/images/studded_0134.jpg
deleting test/images/studded_0106.jpg
deleting test/images/studded_0065.jpg
deleting test/images/studded_0020.jpg
deleting test/images/striped_0101.jpg
deleting test/images/striped_0093.jpg
deleting test/images/striped_0088.jpg
deleting test/images/striped_0079.jpg
deleting test/images/striped_0072.jpg
deleting test/images/striped_0052.jpg
deleting test/images/striped_0046.jpg
deleting test/images/striped_0025.jpg
deleting test/images/striped_0013.jpg
deleting test/images/striped_0004.jpg
deleting test/images/stratified_0150.jpg
deleting test/images/stratified_0142.jpg
deleting test/images/stratified_0137.jpg
deleting test/images/stratified_0128.jpg
deleting test/images/stratified_0121.jpg
deleting test/images/stratified_0102.jpg
deleting test/images/stratified_0097.jpg
deleting test/images/stratified_0067.jpg
deleting test/images/stratified_0053.jpg
deleting test/images/stratified_0045.jpg
deleting test/images/stained_0116.jpg
deleting test/images/stained_0108.jpg
deleting test/images/stained_0103.jpg
deleting test/images/stained_0094.jpg
deleting test/images/stained_0087.jpg
deleting test/images/stained_0068.jpg
deleting test/images/stained_0063.jpg
deleting test/images/stained_0042.jpg
deleting test/images/stained_0031.jpg
deleting test/images/stained_0024.jpg
deleting test/images/sprinkled_0120.jpg
deleting test/images/sprinkled_0112.jpg
deleting test/images/sprinkled_0107.jpg
deleting test/images/sprinkled_0098.jpg
deleting test/images/sprinkled_0090.jpg
deleting test/images/sprinkled_0067.jpg
deleting test/images/sprinkled_0062.jpg
deleting test/images/sprinkled_0040.jpg
deleting test/images/sprinkled_0020.jpg
deleting test/images/sprinkled_0013.jpg
deleting test/images/spiralled_0116.jpg
deleting test/images/spiralled_0108.jpg
deleting test/images/spiralled_0103.jpg
deleting test/images/spiralled_0093.jpg
deleting test/images/spiralled_0085.jpg
deleting test/images/spiralled_0065.jpg
deleting test/images/spiralled_0056.jpg
deleting test/images/spiralled_0033.jpg
deleting test/images/spiralled_0018.jpg
deleting test/images/spiralled_0011.jpg
deleting test/images/smeared_0126.jpg
deleting test/images/smeared_0118.jpg
deleting test/images/smeared_0113.jpg
deleting test/images/smeared_0103.jpg
deleting test/images/smeared_0095.jpg
deleting test/images/smeared_0073.jpg
deleting test/images/smeared_0067.jpg
deleting test/images/smeared_0041.jpg
deleting test/images/smeared_0029.jpg
deleting test/images/smeared_0020.jpg
deleting test/images/scaly_0201.jpg
deleting test/images/scaly_0192.jpg
deleting test/images/scaly_0187.jpg
deleting test/images/scaly_0178.jpg
deleting test/images/scaly_0171.jpg
deleting test/images/scaly_0152.jpg
deleting test/images/scaly_0147.jpg
deleting test/images/scaly_0126.jpg
deleting test/images/scaly_0115.jpg
deleting test/images/scaly_0107.jpg
deleting test/images/potholed_0147.jpg
deleting test/images/potholed_0139.jpg
deleting test/images/potholed_0134.jpg
deleting test/images/potholed_0125.jpg
deleting test/images/potholed_0118.jpg
deleting test/images/potholed_0099.jpg
deleting test/images/potholed_0092.jpg
deleting test/images/potholed_0066.jpg
deleting test/images/potholed_0050.jpg
deleting test/images/potholed_0043.jpg
deleting test/images/porous_0152.jpg
deleting test/images/porous_0144.jpg
deleting test/images/porous_0139.jpg
deleting test/images/porous_0130.jpg
deleting test/images/porous_0123.jpg
deleting test/images/porous_0104.jpg
deleting test/images/porous_0099.jpg
deleting test/images/porous_0072.jpg
deleting test/images/porous_0057.jpg
deleting test/images/porous_0046.jpg
deleting test/images/polka-dotted_0204.jpg
deleting test/images/polka-dotted_0195.jpg
deleting test/images/polka-dotted_0188.jpg
deleting test/images/polka-dotted_0179.jpg
deleting test/images/polka-dotted_0168.jpg
deleting test/images/polka-dotted_0140.jpg
deleting test/images/polka-dotted_0134.jpg
deleting test/images/polka-dotted_0112.jpg
deleting test/images/polka-dotted_0097.jpg
deleting test/images/polka-dotted_0069.jpg
deleting test/images/pleated_0149.jpg
deleting test/images/pleated_0141.jpg
deleting test/images/pleated_0136.jpg
deleting test/images/pleated_0127.jpg
deleting test/images/pleated_0120.jpg
deleting test/images/pleated_0101.jpg
deleting test/images/pleated_0096.jpg
deleting test/images/pleated_0067.jpg
deleting test/images/pleated_0054.jpg
deleting test/images/pleated_0047.jpg
deleting test/images/pitted_0138.jpg
deleting test/images/pitted_0130.jpg
deleting test/images/pitted_0125.jpg
deleting test/images/pitted_0116.jpg
deleting test/images/pitted_0109.jpg
deleting test/images/pitted_0078.jpg
deleting test/images/pitted_0073.jpg
deleting test/images/pitted_0038.jpg
deleting test/images/pitted_0011.jpg
deleting test/images/pitted_0004.jpg
deleting test/images/perforated_0148.jpg
deleting test/images/perforated_0140.jpg
deleting test/images/perforated_0135.jpg
deleting test/images/perforated_0126.jpg
deleting test/images/perforated_0119.jpg
deleting test/images/perforated_0097.jpg
deleting test/images/perforated_0085.jpg
deleting test/images/perforated_0042.jpg
deleting test/images/perforated_0025.jpg
deleting test/images/perforated_0012.jpg
deleting test/images/paisley_0107.jpg
deleting test/images/paisley_0099.jpg
deleting test/images/paisley_0094.jpg
deleting test/images/paisley_0084.jpg
deleting test/images/paisley_0077.jpg
deleting test/images/paisley_0052.jpg
deleting test/images/paisley_0047.jpg
deleting test/images/paisley_0023.jpg
deleting test/images/paisley_0011.jpg
deleting test/images/paisley_0004.jpg
deleting test/images/meshed_0166.jpg
deleting test/images/meshed_0158.jpg
deleting test/images/meshed_0153.jpg
deleting test/images/meshed_0144.jpg
deleting test/images/meshed_0137.jpg
deleting test/images/meshed_0118.jpg
deleting test/images/meshed_0113.jpg
deleting test/images/meshed_0072.jpg
deleting test/images/meshed_0042.jpg
deleting test/images/meshed_0025.jpg
deleting test/images/matted_0142.jpg
deleting test/images/matted_0134.jpg
deleting test/images/matted_0129.jpg
deleting test/images/matted_0120.jpg
deleting test/images/matted_0113.jpg
deleting test/images/matted_0089.jpg
deleting test/images/matted_0083.jpg
deleting test/images/matted_0054.jpg
deleting test/images/matted_0038.jpg
deleting test/images/matted_0026.jpg
deleting test/images/marbled_0170.jpg
deleting test/images/marbled_0162.jpg
deleting test/images/marbled_0157.jpg
deleting test/images/marbled_0148.jpg
deleting test/images/marbled_0141.jpg
deleting test/images/marbled_0121.jpg
deleting test/images/marbled_0116.jpg
deleting test/images/marbled_0095.jpg
deleting test/images/marbled_0082.jpg
deleting test/images/marbled_0074.jpg
deleting test/images/lined_0153.jpg
deleting test/images/lined_0143.jpg
deleting test/images/lined_0137.jpg
deleting test/images/lined_0128.jpg
deleting test/images/lined_0121.jpg
deleting test/images/lined_0101.jpg
deleting test/images/lined_0087.jpg
deleting test/images/lined_0057.jpg
deleting test/images/lined_0036.jpg
deleting test/images/lined_0023.jpg
deleting test/images/lacelike_0097.jpg
deleting test/images/lacelike_0088.jpg
deleting test/images/lacelike_0083.jpg
deleting test/images/lacelike_0074.jpg
deleting test/images/lacelike_0067.jpg
deleting test/images/lacelike_0048.jpg
deleting test/images/lacelike_0043.jpg
deleting test/images/lacelike_0022.jpg
deleting test/images/lacelike_0011.jpg
deleting test/images/lacelike_0004.jpg
deleting test/images/knitted_0179.jpg
deleting test/images/knitted_0171.jpg
deleting test/images/knitted_0166.jpg
deleting test/images/knitted_0157.jpg
deleting test/images/knitted_0150.jpg
deleting test/images/knitted_0131.jpg
deleting test/images/knitted_0126.jpg
deleting test/images/knitted_0105.jpg
deleting test/images/knitted_0091.jpg
deleting test/images/knitted_0075.jpg
deleting test/images/interlaced_0177.jpg
deleting test/images/interlaced_0169.jpg
deleting test/images/interlaced_0164.jpg
deleting test/images/interlaced_0155.jpg
deleting test/images/interlaced_0148.jpg
deleting test/images/interlaced_0129.jpg
deleting test/images/interlaced_0124.jpg
deleting test/images/interlaced_0102.jpg
deleting test/images/interlaced_0067.jpg
deleting test/images/interlaced_0047.jpg
deleting test/images/honeycombed_0151.jpg
deleting test/images/honeycombed_0143.jpg
deleting test/images/honeycombed_0138.jpg
deleting test/images/honeycombed_0129.jpg
deleting test/images/honeycombed_0122.jpg
deleting test/images/honeycombed_0103.jpg
deleting test/images/honeycombed_0098.jpg
deleting test/images/honeycombed_0067.jpg
deleting test/images/honeycombed_0050.jpg
deleting test/images/honeycombed_0043.jpg
deleting test/images/grooved_0145.jpg
deleting test/images/grooved_0137.jpg
deleting test/images/grooved_0132.jpg
deleting test/images/grooved_0123.jpg
deleting test/images/grooved_0116.jpg
deleting test/images/grooved_0097.jpg
deleting test/images/grooved_0092.jpg
deleting test/images/grooved_0066.jpg
deleting test/images/grooved_0055.jpg
deleting test/images/grooved_0047.jpg
deleting test/images/grid_0111.jpg
deleting test/images/grid_0103.jpg
deleting test/images/grid_0098.jpg
deleting test/images/grid_0088.jpg
deleting test/images/grid_0081.jpg
deleting test/images/grid_0060.jpg
deleting test/images/grid_0055.jpg
deleting test/images/grid_0030.jpg
deleting test/images/grid_0015.jpg
deleting test/images/grid_0005.jpg
deleting test/images/gauzy_0179.jpg
deleting test/images/gauzy_0171.jpg
deleting test/images/gauzy_0166.jpg
deleting test/images/gauzy_0157.jpg
deleting test/images/gauzy_0150.jpg
deleting test/images/gauzy_0131.jpg
deleting test/images/gauzy_0126.jpg
deleting test/images/gauzy_0105.jpg
deleting test/images/gauzy_0090.jpg
deleting test/images/gauzy_0081.jpg
deleting test/images/frilly_0102.jpg
deleting test/images/frilly_0091.jpg
deleting test/images/frilly_0085.jpg
deleting test/images/frilly_0075.jpg
deleting test/images/frilly_0068.jpg
deleting test/images/frilly_0049.jpg
deleting test/images/frilly_0044.jpg
deleting test/images/frilly_0022.jpg
deleting test/images/frilly_0011.jpg
deleting test/images/frilly_0004.jpg
deleting test/images/freckled_0154.jpg
deleting test/images/freckled_0146.jpg
deleting test/images/freckled_0141.jpg
deleting test/images/freckled_0132.jpg
deleting test/images/freckled_0125.jpg
deleting test/images/freckled_0106.jpg
deleting test/images/freckled_0101.jpg
deleting test/images/freckled_0075.jpg
deleting test/images/freckled_0059.jpg
deleting test/images/freckled_0048.jpg
deleting test/images/flecked_0145.jpg
deleting test/images/flecked_0137.jpg
deleting test/images/flecked_0132.jpg
deleting test/images/flecked_0123.jpg
deleting test/images/flecked_0116.jpg
deleting test/images/flecked_0096.jpg
deleting test/images/flecked_0090.jpg
deleting test/images/flecked_0065.jpg
deleting test/images/flecked_0053.jpg
deleting test/images/flecked_0045.jpg
deleting test/images/fibrous_0192.jpg
deleting test/images/fibrous_0184.jpg
deleting test/images/fibrous_0179.jpg
deleting test/images/fibrous_0170.jpg
deleting test/images/fibrous_0163.jpg
deleting test/images/fibrous_0144.jpg
deleting test/images/fibrous_0139.jpg
deleting test/images/fibrous_0118.jpg
deleting test/images/fibrous_0107.jpg
deleting test/images/fibrous_0095.jpg
deleting test/images/dotted_0182.jpg
deleting test/images/dotted_0172.jpg
deleting test/images/dotted_0167.jpg
deleting test/images/dotted_0156.jpg
deleting test/images/dotted_0149.jpg
deleting test/images/dotted_0128.jpg
deleting test/images/dotted_0123.jpg
deleting test/images/dotted_0102.jpg
deleting test/images/dotted_0073.jpg
deleting test/images/dotted_0047.jpg
deleting test/images/crystalline_0196.jpg
deleting test/images/crystalline_0188.jpg
deleting test/images/crystalline_0183.jpg
deleting test/images/crystalline_0174.jpg
deleting test/images/crystalline_0167.jpg
deleting test/images/crystalline_0148.jpg
deleting test/images/crystalline_0143.jpg
deleting test/images/crystalline_0122.jpg
deleting test/images/crystalline_0111.jpg
deleting test/images/crystalline_0104.jpg
deleting test/images/crosshatched_0148.jpg
deleting test/images/crosshatched_0140.jpg
deleting test/images/crosshatched_0135.jpg
deleting test/images/crosshatched_0126.jpg
deleting test/images/crosshatched_0119.jpg
deleting test/images/crosshatched_0100.jpg
deleting test/images/crosshatched_0095.jpg
deleting test/images/crosshatched_0059.jpg
deleting test/images/crosshatched_0048.jpg
deleting test/images/crosshatched_0025.jpg
deleting test/images/cracked_0143.jpg
deleting test/images/cracked_0135.jpg
deleting test/images/cracked_0130.jpg
deleting test/images/cracked_0121.jpg
deleting test/images/cracked_0114.jpg
deleting test/images/cracked_0094.jpg
deleting test/images/cracked_0089.jpg
deleting test/images/cracked_0067.jpg
deleting test/images/cracked_0056.jpg
deleting test/images/cracked_0048.jpg
deleting test/images/cobwebbed_0137.jpg
deleting test/images/cobwebbed_0129.jpg
deleting test/images/cobwebbed_0124.jpg
deleting test/images/cobwebbed_0115.jpg
deleting test/images/cobwebbed_0108.jpg
deleting test/images/cobwebbed_0089.jpg
deleting test/images/cobwebbed_0084.jpg
deleting test/images/cobwebbed_0062.jpg
deleting test/images/cobwebbed_0051.jpg
deleting test/images/cobwebbed_0044.jpg
deleting test/images/chequered_0191.jpg
deleting test/images/chequered_0183.jpg
deleting test/images/chequered_0178.jpg
deleting test/images/chequered_0167.jpg
deleting test/images/chequered_0158.jpg
deleting test/images/chequered_0123.jpg
deleting test/images/chequered_0118.jpg
deleting test/images/chequered_0084.jpg
deleting test/images/chequered_0052.jpg
deleting test/images/chequered_0044.jpg
deleting test/images/bumpy_0179.jpg
deleting test/images/bumpy_0171.jpg
deleting test/images/bumpy_0166.jpg
deleting test/images/bumpy_0157.jpg
deleting test/images/bumpy_0150.jpg
deleting test/images/bumpy_0131.jpg
deleting test/images/bumpy_0126.jpg
deleting test/images/bumpy_0105.jpg
deleting test/images/bumpy_0077.jpg
deleting test/images/bumpy_0059.jpg
deleting test/images/bubbly_0149.jpg
deleting test/images/bubbly_0141.jpg
deleting test/images/bubbly_0136.jpg
deleting test/images/bubbly_0127.jpg
deleting test/images/bubbly_0120.jpg
deleting test/images/bubbly_0101.jpg
deleting test/images/bubbly_0093.jpg
deleting test/images/bubbly_0067.jpg
deleting test/images/bubbly_0052.jpg
deleting test/images/bubbly_0044.jpg
deleting test/images/braided_0173.jpg
deleting test/images/braided_0165.jpg
deleting test/images/braided_0160.jpg
deleting test/images/braided_0151.jpg
deleting test/images/braided_0144.jpg
deleting test/images/braided_0125.jpg
deleting test/images/braided_0120.jpg
deleting test/images/braided_0081.jpg
deleting test/images/braided_0061.jpg
deleting test/images/braided_0008.jpg
deleting test/images/blotchy_0117.jpg
deleting test/images/blotchy_0109.jpg
deleting test/images/blotchy_0104.jpg
deleting test/images/blotchy_0094.jpg
deleting test/images/blotchy_0087.jpg
deleting test/images/blotchy_0066.jpg
deleting test/images/blotchy_0061.jpg
deleting test/images/blotchy_0038.jpg
deleting test/images/blotchy_0025.jpg
deleting test/images/blotchy_0015.jpg
deleting test/images/banded_0125.jpg
deleting test/images/banded_0117.jpg
deleting test/images/banded_0112.jpg
deleting test/images/banded_0103.jpg
deleting test/images/banded_0096.jpg
deleting test/images/banded_0073.jpg
deleting test/images/banded_0066.jpg
deleting test/images/banded_0037.jpg
deleting test/images/banded_0016.jpg
deleting test/images/banded_0006.jpg
deleting test/label_images/zigzagged_0109.jpg
deleting test/label_images/zigzagged_0101.jpg
deleting test/label_images/zigzagged_0096.jpg
deleting test/label_images/zigzagged_0087.jpg
deleting test/label_images/zigzagged_0080.jpg
deleting test/label_images/zigzagged_0061.jpg
deleting test/label_images/zigzagged_0056.jpg
deleting test/label_images/zigzagged_0035.jpg
deleting test/label_images/zigzagged_0021.jpg
deleting test/label_images/zigzagged_0014.jpg
deleting test/label_images/wrinkled_0121.jpg
deleting test/label_images/wrinkled_0113.jpg
deleting test/label_images/wrinkled_0108.jpg
deleting test/label_images/wrinkled_0098.jpg
deleting test/label_images/wrinkled_0090.jpg
deleting test/label_images/wrinkled_0066.jpg
deleting test/label_images/wrinkled_0060.jpg
deleting test/label_images/wrinkled_0038.jpg
deleting test/label_images/wrinkled_0025.jpg
deleting test/label_images/wrinkled_0014.jpg
deleting test/label_images/woven_0107.jpg
deleting test/label_images/woven_0099.jpg
deleting test/label_images/woven_0093.jpg
deleting test/label_images/woven_0081.jpg
deleting test/label_images/woven_0073.jpg
deleting test/label_images/woven_0053.jpg
deleting test/label_images/woven_0048.jpg
deleting test/label_images/woven_0024.jpg
deleting test/label_images/woven_0012.jpg
deleting test/label_images/woven_0004.jpg
deleting test/label_images/waffled_0175.jpg
deleting test/label_images/waffled_0167.jpg
deleting test/label_images/waffled_0162.jpg
deleting test/label_images/waffled_0153.jpg
deleting test/label_images/waffled_0146.jpg
deleting test/label_images/waffled_0126.jpg
deleting test/label_images/waffled_0121.jpg
deleting test/label_images/waffled_0099.jpg
deleting test/label_images/waffled_0063.jpg
deleting test/label_images/waffled_0054.jpg
deleting test/label_images/veined_0165.jpg
deleting test/label_images/veined_0157.jpg
deleting test/label_images/veined_0152.jpg
deleting test/label_images/veined_0143.jpg
deleting test/label_images/veined_0136.jpg
deleting test/label_images/veined_0117.jpg
deleting test/label_images/veined_0112.jpg
deleting test/label_images/veined_0090.jpg
deleting test/label_images/veined_0075.jpg
deleting test/label_images/veined_0067.jpg
deleting test/label_images/swirly_0154.jpg
deleting test/label_images/swirly_0146.jpg
deleting test/label_images/swirly_0141.jpg
deleting test/label_images/swirly_0132.jpg
deleting test/label_images/swirly_0125.jpg
deleting test/label_images/swirly_0105.jpg
deleting test/label_images/swirly_0099.jpg
deleting test/label_images/swirly_0076.jpg
deleting test/label_images/swirly_0065.jpg
deleting test/label_images/swirly_0058.jpg
deleting test/label_images/studded_0193.jpg
deleting test/label_images/studded_0185.jpg
deleting test/label_images/studded_0180.jpg
deleting test/label_images/studded_0170.jpg
deleting test/label_images/studded_0163.jpg
deleting test/label_images/studded_0139.jpg
deleting test/label_images/studded_0134.jpg
deleting test/label_images/studded_0106.jpg
deleting test/label_images/studded_0065.jpg
deleting test/label_images/studded_0020.jpg
deleting test/label_images/striped_0101.jpg
deleting test/label_images/striped_0093.jpg
deleting test/label_images/striped_0088.jpg
deleting test/label_images/striped_0079.jpg
deleting test/label_images/striped_0072.jpg
deleting test/label_images/striped_0052.jpg
deleting test/label_images/striped_0046.jpg
deleting test/label_images/striped_0025.jpg
deleting test/label_images/striped_0013.jpg
deleting test/label_images/striped_0004.jpg
deleting test/label_images/stratified_0150.jpg
deleting test/label_images/stratified_0142.jpg
deleting test/label_images/stratified_0137.jpg
deleting test/label_images/stratified_0128.jpg
deleting test/label_images/stratified_0121.jpg
deleting test/label_images/stratified_0102.jpg
deleting test/label_images/stratified_0097.jpg
deleting test/label_images/stratified_0067.jpg
deleting test/label_images/stratified_0053.jpg
deleting test/label_images/stratified_0045.jpg
deleting test/label_images/stained_0116.jpg
deleting test/label_images/stained_0108.jpg
deleting test/label_images/stained_0103.jpg
deleting test/label_images/stained_0094.jpg
deleting test/label_images/stained_0087.jpg
deleting test/label_images/stained_0068.jpg
deleting test/label_images/stained_0063.jpg
deleting test/label_images/stained_0042.jpg
deleting test/label_images/stained_0031.jpg
deleting test/label_images/stained_0024.jpg
deleting test/label_images/sprinkled_0120.jpg
deleting test/label_images/sprinkled_0112.jpg
deleting test/label_images/sprinkled_0107.jpg
deleting test/label_images/sprinkled_0098.jpg
deleting test/label_images/sprinkled_0090.jpg
deleting test/label_images/sprinkled_0067.jpg
deleting test/label_images/sprinkled_0062.jpg
deleting test/label_images/sprinkled_0040.jpg
deleting test/label_images/sprinkled_0020.jpg
deleting test/label_images/sprinkled_0013.jpg
deleting test/label_images/spiralled_0116.jpg
deleting test/label_images/spiralled_0108.jpg
deleting test/label_images/spiralled_0103.jpg
deleting test/label_images/spiralled_0093.jpg
deleting test/label_images/spiralled_0085.jpg
deleting test/label_images/spiralled_0065.jpg
deleting test/label_images/spiralled_0056.jpg
deleting test/label_images/spiralled_0033.jpg
deleting test/label_images/spiralled_0018.jpg
deleting test/label_images/spiralled_0011.jpg
deleting test/label_images/smeared_0126.jpg
deleting test/label_images/smeared_0118.jpg
deleting test/label_images/smeared_0113.jpg
deleting test/label_images/smeared_0103.jpg
deleting test/label_images/smeared_0095.jpg
deleting test/label_images/smeared_0073.jpg
deleting test/label_images/smeared_0067.jpg
deleting test/label_images/smeared_0041.jpg
deleting test/label_images/smeared_0029.jpg
deleting test/label_images/smeared_0020.jpg
deleting test/label_images/scaly_0201.jpg
deleting test/label_images/scaly_0192.jpg
deleting test/label_images/scaly_0187.jpg
deleting test/label_images/scaly_0178.jpg
deleting test/label_images/scaly_0171.jpg
deleting test/label_images/scaly_0152.jpg
deleting test/label_images/scaly_0147.jpg
deleting test/label_images/scaly_0126.jpg
deleting test/label_images/scaly_0115.jpg
deleting test/label_images/scaly_0107.jpg
deleting test/label_images/potholed_0147.jpg
deleting test/label_images/potholed_0139.jpg
deleting test/label_images/potholed_0134.jpg
deleting test/label_images/potholed_0125.jpg
deleting test/label_images/potholed_0118.jpg
deleting test/label_images/potholed_0099.jpg
deleting test/label_images/potholed_0092.jpg
deleting test/label_images/potholed_0066.jpg
deleting test/label_images/potholed_0050.jpg
deleting test/label_images/potholed_0043.jpg
deleting test/label_images/porous_0152.jpg
deleting test/label_images/porous_0144.jpg
deleting test/label_images/porous_0139.jpg
deleting test/label_images/porous_0130.jpg
deleting test/label_images/porous_0123.jpg
deleting test/label_images/porous_0104.jpg
deleting test/label_images/porous_0099.jpg
deleting test/label_images/porous_0072.jpg
deleting test/label_images/porous_0057.jpg
deleting test/label_images/porous_0046.jpg
deleting test/label_images/polka-dotted_0204.jpg
deleting test/label_images/polka-dotted_0195.jpg
deleting test/label_images/polka-dotted_0188.jpg
deleting test/label_images/polka-dotted_0179.jpg
deleting test/label_images/polka-dotted_0168.jpg
deleting test/label_images/polka-dotted_0140.jpg
deleting test/label_images/polka-dotted_0134.jpg
deleting test/label_images/polka-dotted_0112.jpg
deleting test/label_images/polka-dotted_0097.jpg
deleting test/label_images/polka-dotted_0069.jpg
deleting test/label_images/pleated_0149.jpg
deleting test/label_images/pleated_0141.jpg
deleting test/label_images/pleated_0136.jpg
deleting test/label_images/pleated_0127.jpg
deleting test/label_images/pleated_0120.jpg
deleting test/label_images/pleated_0101.jpg
deleting test/label_images/pleated_0096.jpg
deleting test/label_images/pleated_0067.jpg
deleting test/label_images/pleated_0054.jpg
deleting test/label_images/pleated_0047.jpg
deleting test/label_images/pitted_0138.jpg
deleting test/label_images/pitted_0130.jpg
deleting test/label_images/pitted_0125.jpg
deleting test/label_images/pitted_0116.jpg
deleting test/label_images/pitted_0109.jpg
deleting test/label_images/pitted_0078.jpg
deleting test/label_images/pitted_0073.jpg
deleting test/label_images/pitted_0038.jpg
deleting test/label_images/pitted_0011.jpg
deleting test/label_images/pitted_0004.jpg
deleting test/label_images/perforated_0148.jpg
deleting test/label_images/perforated_0140.jpg
deleting test/label_images/perforated_0135.jpg
deleting test/label_images/perforated_0126.jpg
deleting test/label_images/perforated_0119.jpg
deleting test/label_images/perforated_0097.jpg
deleting test/label_images/perforated_0085.jpg
deleting test/label_images/perforated_0042.jpg
deleting test/label_images/perforated_0025.jpg
deleting test/label_images/perforated_0012.jpg
deleting test/label_images/paisley_0107.jpg
deleting test/label_images/paisley_0099.jpg
deleting test/label_images/paisley_0094.jpg
deleting test/label_images/paisley_0084.jpg
deleting test/label_images/paisley_0077.jpg
deleting test/label_images/paisley_0052.jpg
deleting test/label_images/paisley_0047.jpg
deleting test/label_images/paisley_0023.jpg
deleting test/label_images/paisley_0011.jpg
deleting test/label_images/paisley_0004.jpg
deleting test/label_images/meshed_0166.jpg
deleting test/label_images/meshed_0158.jpg
deleting test/label_images/meshed_0153.jpg
deleting test/label_images/meshed_0144.jpg
deleting test/label_images/meshed_0137.jpg
deleting test/label_images/meshed_0118.jpg
deleting test/label_images/meshed_0113.jpg
deleting test/label_images/meshed_0072.jpg
deleting test/label_images/meshed_0042.jpg
deleting test/label_images/meshed_0025.jpg
deleting test/label_images/matted_0142.jpg
deleting test/label_images/matted_0134.jpg
deleting test/label_images/matted_0129.jpg
deleting test/label_images/matted_0120.jpg
deleting test/label_images/matted_0113.jpg
deleting test/label_images/matted_0089.jpg
deleting test/label_images/matted_0083.jpg
deleting test/label_images/matted_0054.jpg
deleting test/label_images/matted_0038.jpg
deleting test/label_images/matted_0026.jpg
deleting test/label_images/marbled_0170.jpg
deleting test/label_images/marbled_0162.jpg
deleting test/label_images/marbled_0157.jpg
deleting test/label_images/marbled_0148.jpg
deleting test/label_images/marbled_0141.jpg
deleting test/label_images/marbled_0121.jpg
deleting test/label_images/marbled_0116.jpg
deleting test/label_images/marbled_0095.jpg
deleting test/label_images/marbled_0082.jpg
deleting test/label_images/marbled_0074.jpg
deleting test/label_images/lined_0153.jpg
deleting test/label_images/lined_0143.jpg
deleting test/label_images/lined_0137.jpg
deleting test/label_images/lined_0128.jpg
deleting test/label_images/lined_0121.jpg
deleting test/label_images/lined_0101.jpg
deleting test/label_images/lined_0087.jpg
deleting test/label_images/lined_0057.jpg
deleting test/label_images/lined_0036.jpg
deleting test/label_images/lined_0023.jpg
deleting test/label_images/lacelike_0097.jpg
deleting test/label_images/lacelike_0088.jpg
deleting test/label_images/lacelike_0083.jpg
deleting test/label_images/lacelike_0074.jpg
deleting test/label_images/lacelike_0067.jpg
deleting test/label_images/lacelike_0048.jpg
deleting test/label_images/lacelike_0043.jpg
deleting test/label_images/lacelike_0022.jpg
deleting test/label_images/lacelike_0011.jpg
deleting test/label_images/lacelike_0004.jpg
deleting test/label_images/knitted_0179.jpg
deleting test/label_images/knitted_0171.jpg
deleting test/label_images/knitted_0166.jpg
deleting test/label_images/knitted_0157.jpg
deleting test/label_images/knitted_0150.jpg
deleting test/label_images/knitted_0131.jpg
deleting test/label_images/knitted_0126.jpg
deleting test/label_images/knitted_0105.jpg
deleting test/label_images/knitted_0091.jpg
deleting test/label_images/knitted_0075.jpg
deleting test/label_images/interlaced_0177.jpg
deleting test/label_images/interlaced_0169.jpg
deleting test/label_images/interlaced_0164.jpg
deleting test/label_images/interlaced_0155.jpg
deleting test/label_images/interlaced_0148.jpg
deleting test/label_images/interlaced_0129.jpg
deleting test/label_images/interlaced_0124.jpg
deleting test/label_images/interlaced_0102.jpg
deleting test/label_images/interlaced_0067.jpg
deleting test/label_images/interlaced_0047.jpg
deleting test/label_images/honeycombed_0151.jpg
deleting test/label_images/honeycombed_0143.jpg
deleting test/label_images/honeycombed_0138.jpg
deleting test/label_images/honeycombed_0129.jpg
deleting test/label_images/honeycombed_0122.jpg
deleting test/label_images/honeycombed_0103.jpg
deleting test/label_images/honeycombed_0098.jpg
deleting test/label_images/honeycombed_0067.jpg
deleting test/label_images/honeycombed_0050.jpg
deleting test/label_images/honeycombed_0043.jpg
deleting test/label_images/grooved_0145.jpg
deleting test/label_images/grooved_0137.jpg
deleting test/label_images/grooved_0132.jpg
deleting test/label_images/grooved_0123.jpg
deleting test/label_images/grooved_0116.jpg
deleting test/label_images/grooved_0097.jpg
deleting test/label_images/grooved_0092.jpg
deleting test/label_images/grooved_0066.jpg
deleting test/label_images/grooved_0055.jpg
deleting test/label_images/grooved_0047.jpg
deleting test/label_images/grid_0111.jpg
deleting test/label_images/grid_0103.jpg
deleting test/label_images/grid_0098.jpg
deleting test/label_images/grid_0088.jpg
deleting test/label_images/grid_0081.jpg
deleting test/label_images/grid_0060.jpg
deleting test/label_images/grid_0055.jpg
deleting test/label_images/grid_0030.jpg
deleting test/label_images/grid_0015.jpg
deleting test/label_images/grid_0005.jpg
deleting test/label_images/gauzy_0179.jpg
deleting test/label_images/gauzy_0171.jpg
deleting test/label_images/gauzy_0166.jpg
deleting test/label_images/gauzy_0157.jpg
deleting test/label_images/gauzy_0150.jpg
deleting test/label_images/gauzy_0131.jpg
deleting test/label_images/gauzy_0126.jpg
deleting test/label_images/gauzy_0105.jpg
deleting test/label_images/gauzy_0090.jpg
deleting test/label_images/gauzy_0081.jpg
deleting test/label_images/frilly_0102.jpg
deleting test/label_images/frilly_0091.jpg
deleting test/label_images/frilly_0085.jpg
deleting test/label_images/frilly_0075.jpg
deleting test/label_images/frilly_0068.jpg
deleting test/label_images/frilly_0049.jpg
deleting test/label_images/frilly_0044.jpg
deleting test/label_images/frilly_0022.jpg
deleting test/label_images/frilly_0011.jpg
deleting test/label_images/frilly_0004.jpg
deleting test/label_images/freckled_0154.jpg
deleting test/label_images/freckled_0146.jpg
deleting test/label_images/freckled_0141.jpg
deleting test/label_images/freckled_0132.jpg
deleting test/label_images/freckled_0125.jpg
deleting test/label_images/freckled_0106.jpg
deleting test/label_images/freckled_0101.jpg
deleting test/label_images/freckled_0075.jpg
deleting test/label_images/freckled_0059.jpg
deleting test/label_images/freckled_0048.jpg
deleting test/label_images/flecked_0145.jpg
deleting test/label_images/flecked_0137.jpg
deleting test/label_images/flecked_0132.jpg
deleting test/label_images/flecked_0123.jpg
deleting test/label_images/flecked_0116.jpg
deleting test/label_images/flecked_0096.jpg
deleting test/label_images/flecked_0090.jpg
deleting test/label_images/flecked_0065.jpg
deleting test/label_images/flecked_0053.jpg
deleting test/label_images/flecked_0045.jpg
deleting test/label_images/fibrous_0192.jpg
deleting test/label_images/fibrous_0184.jpg
deleting test/label_images/fibrous_0179.jpg
deleting test/label_images/fibrous_0170.jpg
deleting test/label_images/fibrous_0163.jpg
deleting test/label_images/fibrous_0144.jpg
deleting test/label_images/fibrous_0139.jpg
deleting test/label_images/fibrous_0118.jpg
deleting test/label_images/fibrous_0107.jpg
deleting test/label_images/fibrous_0095.jpg
deleting test/label_images/dotted_0182.jpg
deleting test/label_images/dotted_0172.jpg
deleting test/label_images/dotted_0167.jpg
deleting test/label_images/dotted_0156.jpg
deleting test/label_images/dotted_0149.jpg
deleting test/label_images/dotted_0128.jpg
deleting test/label_images/dotted_0123.jpg
deleting test/label_images/dotted_0102.jpg
deleting test/label_images/dotted_0073.jpg
deleting test/label_images/dotted_0047.jpg
deleting test/label_images/crystalline_0196.jpg
deleting test/label_images/crystalline_0188.jpg
deleting test/label_images/crystalline_0183.jpg
deleting test/label_images/crystalline_0174.jpg
deleting test/label_images/crystalline_0167.jpg
deleting test/label_images/crystalline_0148.jpg
deleting test/label_images/crystalline_0143.jpg
deleting test/label_images/crystalline_0122.jpg
deleting test/label_images/crystalline_0111.jpg
deleting test/label_images/crystalline_0104.jpg
deleting test/label_images/crosshatched_0148.jpg
deleting test/label_images/crosshatched_0140.jpg
deleting test/label_images/crosshatched_0135.jpg
deleting test/label_images/crosshatched_0126.jpg
deleting test/label_images/crosshatched_0119.jpg
deleting test/label_images/crosshatched_0100.jpg
deleting test/label_images/crosshatched_0095.jpg
deleting test/label_images/crosshatched_0059.jpg
deleting test/label_images/crosshatched_0048.jpg
deleting test/label_images/crosshatched_0025.jpg
deleting test/label_images/cracked_0143.jpg
deleting test/label_images/cracked_0135.jpg
deleting test/label_images/cracked_0130.jpg
deleting test/label_images/cracked_0121.jpg
deleting test/label_images/cracked_0114.jpg
deleting test/label_images/cracked_0094.jpg
deleting test/label_images/cracked_0089.jpg
deleting test/label_images/cracked_0067.jpg
deleting test/label_images/cracked_0056.jpg
deleting test/label_images/cracked_0048.jpg
deleting test/label_images/cobwebbed_0137.jpg
deleting test/label_images/cobwebbed_0129.jpg
deleting test/label_images/cobwebbed_0124.jpg
deleting test/label_images/cobwebbed_0115.jpg
deleting test/label_images/cobwebbed_0108.jpg
deleting test/label_images/cobwebbed_0089.jpg
deleting test/label_images/cobwebbed_0084.jpg
deleting test/label_images/cobwebbed_0062.jpg
deleting test/label_images/cobwebbed_0051.jpg
deleting test/label_images/cobwebbed_0044.jpg
deleting test/label_images/chequered_0191.jpg
deleting test/label_images/chequered_0183.jpg
deleting test/label_images/chequered_0178.jpg
deleting test/label_images/chequered_0167.jpg
deleting test/label_images/chequered_0158.jpg
deleting test/label_images/chequered_0123.jpg
deleting test/label_images/chequered_0118.jpg
deleting test/label_images/chequered_0084.jpg
deleting test/label_images/chequered_0052.jpg
deleting test/label_images/chequered_0044.jpg
deleting test/label_images/bumpy_0179.jpg
deleting test/label_images/bumpy_0171.jpg
deleting test/label_images/bumpy_0166.jpg
deleting test/label_images/bumpy_0157.jpg
deleting test/label_images/bumpy_0150.jpg
deleting test/label_images/bumpy_0131.jpg
deleting test/label_images/bumpy_0126.jpg
deleting test/label_images/bumpy_0105.jpg
deleting test/label_images/bumpy_0077.jpg
deleting test/label_images/bumpy_0059.jpg
deleting test/label_images/bubbly_0149.jpg
deleting test/label_images/bubbly_0141.jpg
deleting test/label_images/bubbly_0136.jpg
deleting test/label_images/bubbly_0127.jpg
deleting test/label_images/bubbly_0120.jpg
deleting test/label_images/bubbly_0101.jpg
deleting test/label_images/bubbly_0093.jpg
deleting test/label_images/bubbly_0067.jpg
deleting test/label_images/bubbly_0052.jpg
deleting test/label_images/bubbly_0044.jpg
deleting test/label_images/braided_0173.jpg
deleting test/label_images/braided_0165.jpg
deleting test/label_images/braided_0160.jpg
deleting test/label_images/braided_0151.jpg
deleting test/label_images/braided_0144.jpg
deleting test/label_images/braided_0125.jpg
deleting test/label_images/braided_0120.jpg
deleting test/label_images/braided_0081.jpg
deleting test/label_images/braided_0061.jpg
deleting test/label_images/braided_0008.jpg
deleting test/label_images/blotchy_0117.jpg
deleting test/label_images/blotchy_0109.jpg
deleting test/label_images/blotchy_0104.jpg
deleting test/label_images/blotchy_0094.jpg
deleting test/label_images/blotchy_0087.jpg
deleting test/label_images/blotchy_0066.jpg
deleting test/label_images/blotchy_0061.jpg
deleting test/label_images/blotchy_0038.jpg
deleting test/label_images/blotchy_0025.jpg
deleting test/label_images/blotchy_0015.jpg
deleting test/label_images/banded_0125.jpg
deleting test/label_images/banded_0117.jpg
deleting test/label_images/banded_0112.jpg
deleting test/label_images/banded_0103.jpg
deleting test/label_images/banded_0096.jpg
deleting test/label_images/banded_0073.jpg
deleting test/label_images/banded_0066.jpg
deleting test/label_images/banded_0037.jpg
deleting test/label_images/banded_0016.jpg
deleting test/label_images/banded_0006.jpg
use 3 GPU(s)
  0%|          | 0/470 [00:00<?, ?it/s][('continue_from_epoch', '-1'), ('seed', '0'), ('task', 'regression'), ('use_gpu', 'True'), ('gpu_id', '0,1,2'), ('model_name', 'context_encoder'), ('kernel_size', '4'), ('num_layers_enc', '6'), ('num_channels_enc', '64'), ('num_channels_progression_enc', '[1, 1, 2, 4, 8]'), ('num_channels_bottleneck', '4000'), ('num_layers_dec', '5'), ('num_channels_dec', '64'), ('num_channels_progression_dec', '[8, 4, 2, 1]'), ('dataset_name', 'DescribableTextures'), ('num_image_channels', '3'), ('image_height', '128'), ('image_width', '128'), ('normalisation', 'range-11'), ('scale_image', 'None'), ('debug_mode', 'False'), ('num_workers', '6'), ('augment', 'False'), ('gamma_factor', '1'), ('rot_angle', '0'), ('translate_factor', '[0, 0]'), ('scale_factor', '1'), ('shear_angle', '0'), ('patch_mode', 'True'), ('patch_size', '[128, 128]'), ('patch_location_during_training', 'random'), ('patch_rejection_threshold', '10'), ('mask_size', '[64, 64]'), ('batch_size', '100'), ('loss', 'L2'), ('num_epochs', '200'), ('learning_rate', '0.0002'), ('betas', '[0.5, 0.999]'), ('weight_decay_coefficient', '0'), ('anomaly_dataset_name', 'DTPathologicalIrreg1'), ('AD_patch_stride', '[10, 10]'), ('measure_of_anomaly', 'absolute distance'), ('window_aggregation_method', 'mean'), ('save_anomaly_maps', 'True'), ('AD_batch_size', '50'), ('AD_margins', '[128, 128]'), ('experiment_name', 'CE_DTD_r2_stand_scale_1___AD_window_mean')]
Loading data from:  /disk/scratch/s1890594/data/DTPathologicalIrreg1
Loading data from:  /disk/scratch/s1890594/data/DTPathologicalIrreg1
  0%|          | 1/470 [01:02<8:06:00, 62.18s/it]  0%|          | 2/470 [01:31<6:48:08, 52.33s/it]  1%|          | 3/470 [02:22<6:43:50, 51.88s/it]  1%|          | 4/470 [02:34<5:10:53, 40.03s/it]  1%|          | 5/470 [03:03<4:44:44, 36.74s/it]  1%|▏         | 6/470 [03:07<3:27:31, 26.83s/it]  1%|▏         | 7/470 [03:12<2:37:21, 20.39s/it]  2%|▏         | 8/470 [03:54<3:26:45, 26.85s/it]  2%|▏         | 9/470 [03:58<2:33:09, 19.93s/it]  2%|▏         | 10/470 [04:04<2:00:07, 15.67s/it]  2%|▏         | 11/470 [04:35<2:34:22, 20.18s/it]  3%|▎         | 12/470 [05:06<2:59:02, 23.46s/it]  3%|▎         | 13/470 [05:29<2:57:51, 23.35s/it]  3%|▎         | 14/470 [06:07<3:30:49, 27.74s/it]  3%|▎         | 15/470 [06:32<3:25:07, 27.05s/it]  3%|▎         | 16/470 [07:02<3:31:10, 27.91s/it]  4%|▎         | 17/470 [07:31<3:31:55, 28.07s/it]  4%|▍         | 18/470 [07:38<2:44:39, 21.86s/it]  4%|▍         | 19/470 [07:45<2:10:20, 17.34s/it]  4%|▍         | 20/470 [08:34<3:22:17, 26.97s/it]  4%|▍         | 21/470 [09:14<3:50:32, 30.81s/it]  5%|▍         | 22/470 [09:41<3:42:40, 29.82s/it]  5%|▍         | 23/470 [09:45<2:42:34, 21.82s/it]  5%|▌         | 24/470 [09:50<2:06:43, 17.05s/it]  5%|▌         | 25/470 [09:55<1:39:41, 13.44s/it]  6%|▌         | 26/470 [10:03<1:26:01, 11.62s/it]  6%|▌         | 27/470 [10:14<1:25:39, 11.60s/it]  6%|▌         | 28/470 [10:18<1:07:42,  9.19s/it]  6%|▌         | 29/470 [10:27<1:07:06,  9.13s/it]  6%|▋         | 30/470 [10:30<53:55,  7.35s/it]    7%|▋         | 31/470 [10:39<56:25,  7.71s/it]  7%|▋         | 32/470 [11:01<1:27:08, 11.94s/it]  7%|▋         | 33/470 [11:05<1:09:46,  9.58s/it]  7%|▋         | 34/470 [11:43<2:13:06, 18.32s/it]  7%|▋         | 35/470 [12:26<3:04:53, 25.50s/it]  8%|▊         | 36/470 [12:48<2:57:29, 24.54s/it]  8%|▊         | 37/470 [13:13<2:57:53, 24.65s/it]  8%|▊         | 38/470 [13:17<2:12:57, 18.47s/it]  8%|▊         | 39/470 [13:26<1:51:40, 15.55s/it]  9%|▊         | 40/470 [13:41<1:50:11, 15.38s/it]  9%|▊         | 41/470 [14:36<3:16:10, 27.44s/it]  9%|▉         | 42/470 [14:40<2:26:20, 20.52s/it]  9%|▉         | 43/470 [14:47<1:55:34, 16.24s/it]  9%|▉         | 44/470 [14:50<1:28:25, 12.45s/it] 10%|▉         | 45/470 [14:53<1:07:13,  9.49s/it] 10%|▉         | 46/470 [15:07<1:16:22, 10.81s/it] 10%|█         | 47/470 [15:10<1:00:37,  8.60s/it] 10%|█         | 48/470 [15:25<1:13:49, 10.50s/it] 10%|█         | 49/470 [15:39<1:20:16, 11.44s/it] 11%|█         | 50/470 [15:42<1:02:54,  8.99s/it] 11%|█         | 51/470 [16:21<2:04:56, 17.89s/it] 11%|█         | 52/470 [17:19<3:29:54, 30.13s/it] 11%|█▏        | 53/470 [17:56<3:43:37, 32.18s/it] 11%|█▏        | 54/470 [18:13<3:10:46, 27.52s/it] 12%|█▏        | 55/470 [18:17<2:21:55, 20.52s/it] 12%|█▏        | 56/470 [18:35<2:15:55, 19.70s/it] 12%|█▏        | 57/470 [18:51<2:07:43, 18.56s/it] 12%|█▏        | 58/470 [18:55<1:37:30, 14.20s/it] 13%|█▎        | 59/470 [19:00<1:19:24, 11.59s/it] 13%|█▎        | 60/470 [19:21<1:37:36, 14.28s/it] 13%|█▎        | 61/470 [19:31<1:28:40, 13.01s/it] 13%|█▎        | 62/470 [19:47<1:35:00, 13.97s/it] 13%|█▎        | 63/470 [20:19<2:11:24, 19.37s/it] 14%|█▎        | 64/470 [20:39<2:11:21, 19.41s/it] 14%|█▍        | 65/470 [20:46<1:46:07, 15.72s/it] 14%|█▍        | 66/470 [20:56<1:34:05, 13.97s/it] 14%|█▍        | 67/470 [21:23<2:00:51, 17.99s/it] 14%|█▍        | 68/470 [21:32<1:41:51, 15.20s/it] 15%|█▍        | 69/470 [22:13<2:32:55, 22.88s/it] 15%|█▍        | 70/470 [22:31<2:22:55, 21.44s/it] 15%|█▌        | 71/470 [22:39<1:56:21, 17.50s/it] 15%|█▌        | 72/470 [22:50<1:42:56, 15.52s/it] 16%|█▌        | 73/470 [23:20<2:11:22, 19.85s/it] 16%|█▌        | 74/470 [23:30<1:52:01, 16.97s/it] 16%|█▌        | 75/470 [23:46<1:49:02, 16.56s/it] 16%|█▌        | 76/470 [24:09<2:02:05, 18.59s/it] 16%|█▋        | 77/470 [24:24<1:54:44, 17.52s/it] 17%|█▋        | 78/470 [24:42<1:56:15, 17.80s/it] 17%|█▋        | 79/470 [25:26<2:46:34, 25.56s/it] 17%|█▋        | 80/470 [25:53<2:49:08, 26.02s/it] 17%|█▋        | 81/470 [25:58<2:07:50, 19.72s/it] 17%|█▋        | 82/470 [26:04<1:40:29, 15.54s/it] 18%|█▊        | 83/470 [26:27<1:53:57, 17.67s/it] 18%|█▊        | 84/470 [26:51<2:06:15, 19.63s/it] 18%|█▊        | 85/470 [27:31<2:45:05, 25.73s/it] 18%|█▊        | 86/470 [27:35<2:03:53, 19.36s/it] 19%|█▊        | 87/470 [27:49<1:53:01, 17.71s/it] 19%|█▊        | 88/470 [28:15<2:08:00, 20.11s/it] 19%|█▉        | 89/470 [28:41<2:18:18, 21.78s/it] 19%|█▉        | 90/470 [29:12<2:36:25, 24.70s/it] 19%|█▉        | 91/470 [29:51<3:02:29, 28.89s/it] 20%|█▉        | 92/470 [29:56<2:16:48, 21.72s/it] 20%|█▉        | 93/470 [30:17<2:15:38, 21.59s/it] 20%|██        | 94/470 [30:35<2:08:40, 20.53s/it] 20%|██        | 95/470 [30:54<2:04:43, 19.96s/it] 20%|██        | 96/470 [31:05<1:47:57, 17.32s/it] 21%|██        | 97/470 [31:27<1:55:54, 18.64s/it] 21%|██        | 98/470 [31:54<2:11:20, 21.18s/it] 21%|██        | 99/470 [32:11<2:02:49, 19.86s/it] 21%|██▏       | 100/470 [32:16<1:35:55, 15.56s/it] 21%|██▏       | 101/470 [32:33<1:38:36, 16.03s/it] 22%|██▏       | 102/470 [32:41<1:23:08, 13.56s/it] 22%|██▏       | 103/470 [32:48<1:10:31, 11.53s/it] 22%|██▏       | 104/470 [33:32<2:09:41, 21.26s/it] 22%|██▏       | 105/470 [33:37<1:40:07, 16.46s/it] 23%|██▎       | 106/470 [33:40<1:16:11, 12.56s/it] 23%|██▎       | 107/470 [33:55<1:19:17, 13.11s/it] 23%|██▎       | 108/470 [34:37<2:11:52, 21.86s/it] 23%|██▎       | 109/470 [35:11<2:33:09, 25.46s/it] 23%|██▎       | 110/470 [35:17<1:58:15, 19.71s/it] 24%|██▎       | 111/470 [35:38<1:59:20, 19.95s/it] 24%|██▍       | 112/470 [35:57<1:57:35, 19.71s/it] 24%|██▍       | 113/470 [36:39<2:36:49, 26.36s/it] 24%|██▍       | 114/470 [36:43<1:56:23, 19.62s/it] 24%|██▍       | 115/470 [37:15<2:18:55, 23.48s/it] 25%|██▍       | 116/470 [37:33<2:08:24, 21.76s/it] 25%|██▍       | 117/470 [38:04<2:25:03, 24.66s/it] 25%|██▌       | 118/470 [38:18<2:04:38, 21.25s/it] 25%|██▌       | 119/470 [38:20<1:31:40, 15.67s/it] 26%|██▌       | 120/470 [39:16<2:42:19, 27.83s/it] 26%|██▌       | 121/470 [39:53<2:57:16, 30.48s/it] 26%|██▌       | 122/470 [40:54<3:50:11, 39.69s/it] 26%|██▌       | 123/470 [41:09<3:06:55, 32.32s/it] 26%|██▋       | 124/470 [41:37<2:57:21, 30.76s/it] 27%|██▋       | 125/470 [41:59<2:42:12, 28.21s/it] 27%|██▋       | 126/470 [42:40<3:03:51, 32.07s/it] 27%|██▋       | 127/470 [42:49<2:24:32, 25.29s/it] 27%|██▋       | 128/470 [43:08<2:13:02, 23.34s/it] 27%|██▋       | 129/470 [43:12<1:39:49, 17.56s/it] 28%|██▊       | 130/470 [43:18<1:19:15, 13.99s/it] 28%|██▊       | 131/470 [43:25<1:07:45, 11.99s/it] 28%|██▊       | 132/470 [43:42<1:15:02, 13.32s/it] 28%|██▊       | 133/470 [43:48<1:03:27, 11.30s/it] 29%|██▊       | 134/470 [43:56<58:03, 10.37s/it]   29%|██▊       | 135/470 [44:00<45:56,  8.23s/it] 29%|██▉       | 136/470 [44:07<44:12,  7.94s/it] 29%|██▉       | 137/470 [44:11<37:50,  6.82s/it] 29%|██▉       | 138/470 [44:14<31:49,  5.75s/it] 30%|██▉       | 139/470 [44:19<29:46,  5.40s/it] 30%|██▉       | 140/470 [44:25<30:23,  5.53s/it] 30%|███       | 141/470 [44:57<1:13:59, 13.49s/it] 30%|███       | 142/470 [45:22<1:33:16, 17.06s/it] 30%|███       | 143/470 [45:46<1:44:41, 19.21s/it] 31%|███       | 144/470 [46:05<1:43:18, 19.01s/it] 31%|███       | 145/470 [46:24<1:42:59, 19.01s/it] 31%|███       | 146/470 [46:38<1:34:49, 17.56s/it] 31%|███▏      | 147/470 [46:57<1:37:15, 18.07s/it] 31%|███▏      | 148/470 [47:28<1:57:15, 21.85s/it] 32%|███▏      | 149/470 [47:51<1:58:00, 22.06s/it] 32%|███▏      | 150/470 [48:23<2:13:29, 25.03s/it] 32%|███▏      | 151/470 [48:48<2:13:45, 25.16s/it] 32%|███▏      | 152/470 [48:52<1:38:59, 18.68s/it] 33%|███▎      | 153/470 [49:06<1:31:51, 17.39s/it] 33%|███▎      | 154/470 [49:17<1:22:01, 15.57s/it] 33%|███▎      | 155/470 [49:51<1:49:41, 20.89s/it] 33%|███▎      | 156/470 [50:04<1:37:04, 18.55s/it] 33%|███▎      | 157/470 [50:34<1:55:44, 22.19s/it] 34%|███▎      | 158/470 [51:15<2:24:04, 27.71s/it] 34%|███▍      | 159/470 [51:40<2:19:38, 26.94s/it] 34%|███▍      | 160/470 [51:44<1:43:02, 19.94s/it] 34%|███▍      | 161/470 [52:11<1:53:19, 22.01s/it] 34%|███▍      | 162/470 [52:37<2:00:02, 23.39s/it] 35%|███▍      | 163/470 [52:46<1:36:53, 18.94s/it] 35%|███▍      | 164/470 [52:56<1:23:05, 16.29s/it] 35%|███▌      | 165/470 [53:15<1:27:27, 17.20s/it] 35%|███▌      | 166/470 [53:47<1:49:04, 21.53s/it] 36%|███▌      | 167/470 [54:16<2:00:01, 23.77s/it] 36%|███▌      | 168/470 [54:21<1:30:54, 18.06s/it] 36%|███▌      | 169/470 [54:25<1:10:18, 14.02s/it] 36%|███▌      | 170/470 [54:34<1:02:13, 12.45s/it] 36%|███▋      | 171/470 [54:37<47:24,  9.51s/it]   37%|███▋      | 172/470 [54:52<56:16, 11.33s/it] 37%|███▋      | 173/470 [55:15<1:12:24, 14.63s/it] 37%|███▋      | 174/470 [55:23<1:03:29, 12.87s/it] 37%|███▋      | 175/470 [55:43<1:12:41, 14.78s/it] 37%|███▋      | 176/470 [55:46<56:21, 11.50s/it]   38%|███▊      | 177/470 [55:59<57:57, 11.87s/it] 38%|███▊      | 178/470 [56:12<58:50, 12.09s/it] 38%|███▊      | 179/470 [56:27<1:02:37, 12.91s/it] 38%|███▊      | 180/470 [56:31<49:41, 10.28s/it]   39%|███▊      | 181/470 [57:03<1:21:10, 16.85s/it] 39%|███▊      | 182/470 [57:53<2:08:36, 26.79s/it] 39%|███▉      | 183/470 [57:55<1:33:11, 19.48s/it] 39%|███▉      | 184/470 [58:11<1:27:02, 18.26s/it] 39%|███▉      | 185/470 [59:06<2:18:55, 29.25s/it] 40%|███▉      | 186/470 [59:32<2:14:19, 28.38s/it] 40%|███▉      | 187/470 [1:00:03<2:18:11, 29.30s/it] 40%|████      | 188/470 [1:00:16<1:53:36, 24.17s/it] 40%|████      | 189/470 [1:00:30<1:39:40, 21.28s/it] 40%|████      | 190/470 [1:01:09<2:03:55, 26.56s/it] 41%|████      | 191/470 [1:01:13<1:31:54, 19.76s/it] 41%|████      | 192/470 [1:01:19<1:13:08, 15.79s/it] 41%|████      | 193/470 [1:01:35<1:12:56, 15.80s/it] 41%|████▏     | 194/470 [1:01:55<1:18:29, 17.06s/it] 41%|████▏     | 195/470 [1:02:17<1:24:42, 18.48s/it] 42%|████▏     | 196/470 [1:02:29<1:14:54, 16.40s/it] 42%|████▏     | 197/470 [1:02:34<59:05, 12.99s/it]   42%|████▏     | 198/470 [1:02:41<51:10, 11.29s/it] 42%|████▏     | 199/470 [1:03:29<1:41:27, 22.46s/it] 43%|████▎     | 200/470 [1:03:35<1:18:21, 17.41s/it] 43%|████▎     | 201/470 [1:04:07<1:37:07, 21.66s/it] 43%|████▎     | 202/470 [1:04:52<2:08:42, 28.81s/it] 43%|████▎     | 203/470 [1:04:59<1:39:08, 22.28s/it] 43%|████▎     | 204/470 [1:05:57<2:26:13, 32.98s/it] 44%|████▎     | 205/470 [1:06:19<2:11:06, 29.69s/it] 44%|████▍     | 206/470 [1:06:46<2:06:52, 28.84s/it] 44%|████▍     | 207/470 [1:07:31<2:27:34, 33.67s/it] 44%|████▍     | 208/470 [1:07:37<1:51:22, 25.50s/it] 44%|████▍     | 209/470 [1:07:42<1:23:33, 19.21s/it] 45%|████▍     | 210/470 [1:07:49<1:06:58, 15.45s/it] 45%|████▍     | 211/470 [1:07:59<1:00:16, 13.96s/it] 45%|████▌     | 212/470 [1:08:10<56:41, 13.18s/it]   45%|████▌     | 213/470 [1:08:33<1:09:01, 16.11s/it] 46%|████▌     | 214/470 [1:09:03<1:26:31, 20.28s/it] 46%|████▌     | 215/470 [1:09:12<1:11:02, 16.72s/it] 46%|████▌     | 216/470 [1:09:48<1:35:06, 22.46s/it] 46%|████▌     | 217/470 [1:10:13<1:38:41, 23.40s/it] 46%|████▋     | 218/470 [1:10:35<1:36:16, 22.92s/it] 47%|████▋     | 219/470 [1:10:51<1:26:30, 20.68s/it] 47%|████▋     | 220/470 [1:11:02<1:14:02, 17.77s/it] 47%|████▋     | 221/470 [1:11:26<1:22:41, 19.93s/it] 47%|████▋     | 222/470 [1:11:35<1:08:35, 16.59s/it] 47%|████▋     | 223/470 [1:11:41<55:25, 13.46s/it]   48%|████▊     | 224/470 [1:12:02<1:04:28, 15.73s/it] 48%|████▊     | 225/470 [1:12:26<1:14:10, 18.17s/it] 48%|████▊     | 226/470 [1:12:34<1:00:38, 14.91s/it] 48%|████▊     | 227/470 [1:13:05<1:20:11, 19.80s/it] 49%|████▊     | 228/470 [1:13:28<1:24:05, 20.85s/it] 49%|████▊     | 229/470 [1:13:33<1:04:50, 16.14s/it] 49%|████▉     | 230/470 [1:14:16<1:35:52, 23.97s/it] 49%|████▉     | 231/470 [1:14:37<1:32:34, 23.24s/it] 49%|████▉     | 232/470 [1:14:58<1:30:00, 22.69s/it] 50%|████▉     | 233/470 [1:15:28<1:37:59, 24.81s/it] 50%|████▉     | 234/470 [1:15:40<1:22:30, 20.98s/it] 50%|█████     | 235/470 [1:16:10<1:32:00, 23.49s/it] 50%|█████     | 236/470 [1:16:18<1:13:46, 18.92s/it] 50%|█████     | 237/470 [1:16:46<1:24:30, 21.76s/it] 51%|█████     | 238/470 [1:16:54<1:08:16, 17.66s/it] 51%|█████     | 239/470 [1:17:22<1:19:18, 20.60s/it] 51%|█████     | 240/470 [1:17:49<1:26:14, 22.50s/it] 51%|█████▏    | 241/470 [1:18:13<1:28:05, 23.08s/it] 51%|█████▏    | 242/470 [1:18:42<1:33:42, 24.66s/it] 52%|█████▏    | 243/470 [1:19:09<1:36:37, 25.54s/it] 52%|█████▏    | 244/470 [1:19:30<1:30:29, 24.03s/it] 52%|█████▏    | 245/470 [1:19:43<1:18:27, 20.92s/it] 52%|█████▏    | 246/470 [1:19:55<1:07:34, 18.10s/it] 53%|█████▎    | 247/470 [1:20:54<1:53:35, 30.56s/it] 53%|█████▎    | 248/470 [1:21:16<1:43:23, 27.94s/it] 53%|█████▎    | 249/470 [1:21:28<1:24:45, 23.01s/it] 53%|█████▎    | 250/470 [1:22:10<1:46:02, 28.92s/it] 53%|█████▎    | 251/470 [1:22:24<1:28:36, 24.28s/it] 54%|█████▎    | 252/470 [1:22:29<1:07:31, 18.58s/it] 54%|█████▍    | 253/470 [1:22:39<58:02, 16.05s/it]   54%|█████▍    | 254/470 [1:23:12<1:15:23, 20.94s/it] 54%|█████▍    | 255/470 [1:23:41<1:24:12, 23.50s/it] 54%|█████▍    | 256/470 [1:24:00<1:18:29, 22.01s/it] 55%|█████▍    | 257/470 [1:24:02<57:03, 16.07s/it]   55%|█████▍    | 258/470 [1:24:07<44:39, 12.64s/it] 55%|█████▌    | 259/470 [1:24:18<43:19, 12.32s/it] 55%|█████▌    | 260/470 [1:25:06<1:20:37, 23.03s/it] 56%|█████▌    | 261/470 [1:25:11<1:00:56, 17.49s/it] 56%|█████▌    | 262/470 [1:25:29<1:01:21, 17.70s/it] 56%|█████▌    | 263/470 [1:26:17<1:32:36, 26.84s/it] 56%|█████▌    | 264/470 [1:26:26<1:13:57, 21.54s/it] 56%|█████▋    | 265/470 [1:26:54<1:19:37, 23.30s/it] 57%|█████▋    | 266/470 [1:28:21<2:24:08, 42.40s/it] 57%|█████▋    | 267/470 [1:28:36<1:55:48, 34.23s/it] 57%|█████▋    | 268/470 [1:29:02<1:46:48, 31.72s/it] 57%|█████▋    | 269/470 [1:29:42<1:54:41, 34.24s/it] 57%|█████▋    | 270/470 [1:30:19<1:56:51, 35.06s/it] 58%|█████▊    | 271/470 [1:30:39<1:41:40, 30.66s/it] 58%|█████▊    | 272/470 [1:31:01<1:32:26, 28.01s/it] 58%|█████▊    | 273/470 [1:31:06<1:09:01, 21.02s/it] 58%|█████▊    | 274/470 [1:31:10<52:08, 15.96s/it]   59%|█████▊    | 275/470 [1:31:12<38:53, 11.97s/it] 59%|█████▊    | 276/470 [1:31:42<55:48, 17.26s/it] 59%|█████▉    | 277/470 [1:31:45<41:27, 12.89s/it] 59%|█████▉    | 278/470 [1:31:51<34:45, 10.86s/it] 59%|█████▉    | 279/470 [1:31:55<28:15,  8.88s/it] 60%|█████▉    | 280/470 [1:31:58<22:36,  7.14s/it] 60%|█████▉    | 281/470 [1:32:38<53:22, 16.95s/it] 60%|██████    | 282/470 [1:33:01<58:30, 18.67s/it] 60%|██████    | 283/470 [1:33:31<1:09:21, 22.25s/it] 60%|██████    | 284/470 [1:34:02<1:16:53, 24.80s/it] 61%|██████    | 285/470 [1:34:23<1:12:33, 23.53s/it] 61%|██████    | 286/470 [1:34:34<1:01:07, 19.93s/it] 61%|██████    | 287/470 [1:34:51<58:16, 19.11s/it]   61%|██████▏   | 288/470 [1:34:55<43:46, 14.43s/it] 61%|██████▏   | 289/470 [1:35:05<40:00, 13.26s/it] 62%|██████▏   | 290/470 [1:35:30<50:11, 16.73s/it] 62%|██████▏   | 291/470 [1:35:52<54:48, 18.37s/it] 62%|██████▏   | 292/470 [1:36:12<55:41, 18.77s/it] 62%|██████▏   | 293/470 [1:36:30<54:49, 18.58s/it] 63%|██████▎   | 294/470 [1:36:48<53:20, 18.19s/it] 63%|██████▎   | 295/470 [1:36:51<40:00, 13.72s/it] 63%|██████▎   | 296/470 [1:37:11<45:06, 15.55s/it] 63%|██████▎   | 297/470 [1:37:18<37:29, 13.00s/it] 63%|██████▎   | 298/470 [1:37:47<51:26, 17.95s/it] 64%|██████▎   | 299/470 [1:37:52<39:57, 14.02s/it] 64%|██████▍   | 300/470 [1:38:24<54:32, 19.25s/it] 64%|██████▍   | 301/470 [1:38:47<57:54, 20.56s/it] 64%|██████▍   | 302/470 [1:38:57<48:07, 17.19s/it] 64%|██████▍   | 303/470 [1:39:38<1:08:21, 24.56s/it] 65%|██████▍   | 304/470 [1:40:30<1:30:15, 32.62s/it] 65%|██████▍   | 305/470 [1:41:28<1:50:54, 40.33s/it] 65%|██████▌   | 306/470 [1:41:35<1:23:03, 30.39s/it] 65%|██████▌   | 307/470 [1:42:15<1:30:09, 33.19s/it] 66%|██████▌   | 308/470 [1:42:42<1:24:52, 31.44s/it] 66%|██████▌   | 309/470 [1:42:59<1:12:30, 27.02s/it] 66%|██████▌   | 310/470 [1:43:19<1:06:39, 24.99s/it] 66%|██████▌   | 311/470 [1:43:29<54:10, 20.44s/it]   66%|██████▋   | 312/470 [1:44:03<1:04:15, 24.40s/it] 67%|██████▋   | 313/470 [1:44:20<58:36, 22.40s/it]   67%|██████▋   | 314/470 [1:44:47<1:01:48, 23.77s/it] 67%|██████▋   | 315/470 [1:45:25<1:12:06, 27.92s/it] 67%|██████▋   | 316/470 [1:45:32<55:16, 21.54s/it]   67%|██████▋   | 317/470 [1:45:41<45:30, 17.84s/it] 68%|██████▊   | 318/470 [1:46:22<1:03:15, 24.97s/it] 68%|██████▊   | 319/470 [1:47:20<1:27:16, 34.68s/it] 68%|██████▊   | 320/470 [1:47:48<1:22:08, 32.86s/it] 68%|██████▊   | 321/470 [1:48:10<1:12:50, 29.33s/it] 69%|██████▊   | 322/470 [1:48:29<1:04:45, 26.26s/it] 69%|██████▊   | 323/470 [1:48:34<49:21, 20.15s/it]   69%|██████▉   | 324/470 [1:49:01<53:26, 21.96s/it] 69%|██████▉   | 325/470 [1:49:16<48:23, 20.02s/it] 69%|██████▉   | 326/470 [1:49:36<47:34, 19.82s/it] 70%|██████▉   | 327/470 [1:49:43<38:06, 15.99s/it] 70%|██████▉   | 328/470 [1:50:04<41:44, 17.63s/it] 70%|███████   | 329/470 [1:50:23<42:16, 17.99s/it] 70%|███████   | 330/470 [1:50:42<42:27, 18.19s/it] 70%|███████   | 331/470 [1:51:09<48:21, 20.88s/it] 71%|███████   | 332/470 [1:51:25<44:46, 19.46s/it] 71%|███████   | 333/470 [1:51:33<36:30, 15.99s/it] 71%|███████   | 334/470 [1:51:53<38:55, 17.17s/it] 71%|███████▏  | 335/470 [1:52:10<38:36, 17.16s/it] 71%|███████▏  | 336/470 [1:52:28<39:07, 17.52s/it] 72%|███████▏  | 337/470 [1:52:34<30:43, 13.86s/it] 72%|███████▏  | 338/470 [1:52:40<25:25, 11.56s/it] 72%|███████▏  | 339/470 [1:53:24<46:58, 21.52s/it] 72%|███████▏  | 340/470 [1:54:17<1:07:07, 30.98s/it] 73%|███████▎  | 341/470 [1:54:21<48:45, 22.67s/it]   73%|███████▎  | 342/470 [1:54:40<46:07, 21.62s/it] 73%|███████▎  | 343/470 [1:54:58<43:17, 20.46s/it] 73%|███████▎  | 344/470 [1:55:27<48:26, 23.07s/it] 73%|███████▎  | 345/470 [1:56:05<57:35, 27.64s/it] 74%|███████▎  | 346/470 [1:56:32<56:50, 27.50s/it] 74%|███████▍  | 347/470 [1:56:42<45:11, 22.04s/it] 74%|███████▍  | 348/470 [1:56:54<38:43, 19.05s/it] 74%|███████▍  | 349/470 [1:57:04<33:20, 16.54s/it] 74%|███████▍  | 350/470 [1:57:12<27:50, 13.92s/it] 75%|███████▍  | 351/470 [1:57:27<28:08, 14.19s/it] 75%|███████▍  | 352/470 [1:58:30<56:51, 28.91s/it] 75%|███████▌  | 353/470 [1:59:07<1:00:40, 31.11s/it] 75%|███████▌  | 354/470 [1:59:28<54:24, 28.14s/it]   76%|███████▌  | 355/470 [1:59:49<49:47, 25.98s/it] 76%|███████▌  | 356/470 [1:59:57<39:18, 20.69s/it] 76%|███████▌  | 357/470 [2:00:23<42:00, 22.31s/it] 76%|███████▌  | 358/470 [2:00:52<45:08, 24.18s/it] 76%|███████▋  | 359/470 [2:00:54<32:45, 17.71s/it] 77%|███████▋  | 360/470 [2:00:59<25:11, 13.74s/it] 77%|███████▋  | 361/470 [2:01:28<33:22, 18.38s/it] 77%|███████▋  | 362/470 [2:01:59<40:01, 22.23s/it] 77%|███████▋  | 363/470 [2:02:30<44:22, 24.89s/it] 77%|███████▋  | 364/470 [2:03:01<47:02, 26.63s/it] 78%|███████▊  | 365/470 [2:03:12<38:33, 22.03s/it] 78%|███████▊  | 366/470 [2:03:27<34:30, 19.91s/it] 78%|███████▊  | 367/470 [2:03:50<35:40, 20.78s/it] 78%|███████▊  | 368/470 [2:04:03<31:20, 18.44s/it] 79%|███████▊  | 369/470 [2:04:12<26:20, 15.65s/it] 79%|███████▊  | 370/470 [2:04:50<37:05, 22.25s/it] 79%|███████▉  | 371/470 [2:05:28<44:45, 27.13s/it] 79%|███████▉  | 372/470 [2:06:07<49:46, 30.47s/it] 79%|███████▉  | 373/470 [2:06:33<47:24, 29.33s/it] 80%|███████▉  | 374/470 [2:07:07<49:17, 30.81s/it] 80%|███████▉  | 375/470 [2:07:12<36:05, 22.80s/it] 80%|████████  | 376/470 [2:07:52<43:48, 27.96s/it] 80%|████████  | 377/470 [2:08:20<43:24, 28.01s/it] 80%|████████  | 378/470 [2:08:29<34:29, 22.50s/it] 81%|████████  | 379/470 [2:08:47<31:47, 20.97s/it] 81%|████████  | 380/470 [2:09:46<48:40, 32.45s/it] 81%|████████  | 381/470 [2:10:11<44:43, 30.15s/it] 81%|████████▏ | 382/470 [2:10:43<44:59, 30.67s/it] 81%|████████▏ | 383/470 [2:11:13<44:16, 30.53s/it] 82%|████████▏ | 384/470 [2:11:18<32:55, 22.97s/it] 82%|████████▏ | 385/470 [2:11:42<33:03, 23.33s/it] 82%|████████▏ | 386/470 [2:12:22<39:22, 28.13s/it] 82%|████████▏ | 387/470 [2:12:45<36:49, 26.62s/it] 83%|████████▎ | 388/470 [2:12:48<26:47, 19.60s/it] 83%|████████▎ | 389/470 [2:13:15<29:37, 21.94s/it] 83%|████████▎ | 390/470 [2:13:21<22:34, 16.93s/it] 83%|████████▎ | 391/470 [2:13:25<17:24, 13.22s/it] 83%|████████▎ | 392/470 [2:13:53<22:40, 17.44s/it] 84%|████████▎ | 393/470 [2:13:59<18:09, 14.14s/it] 84%|████████▍ | 394/470 [2:14:12<17:18, 13.67s/it] 84%|████████▍ | 395/470 [2:15:02<30:59, 24.79s/it] 84%|████████▍ | 396/470 [2:15:45<37:14, 30.19s/it] 84%|████████▍ | 397/470 [2:15:49<27:02, 22.23s/it] 85%|████████▍ | 398/470 [2:15:57<21:30, 17.92s/it] 85%|████████▍ | 399/470 [2:16:00<16:00, 13.52s/it] 85%|████████▌ | 400/470 [2:16:10<14:37, 12.53s/it] 85%|████████▌ | 401/470 [2:16:28<16:19, 14.19s/it] 86%|████████▌ | 402/470 [2:16:31<12:09, 10.73s/it] 86%|████████▌ | 403/470 [2:16:42<12:08, 10.87s/it] 86%|████████▌ | 404/470 [2:16:44<09:09,  8.33s/it] 86%|████████▌ | 405/470 [2:16:48<07:27,  6.88s/it] 86%|████████▋ | 406/470 [2:17:00<08:52,  8.32s/it] 87%|████████▋ | 407/470 [2:17:02<07:01,  6.68s/it] 87%|████████▋ | 408/470 [2:17:07<06:20,  6.14s/it] 87%|████████▋ | 409/470 [2:17:10<05:13,  5.14s/it] 87%|████████▋ | 410/470 [2:17:46<14:24, 14.42s/it] 87%|████████▋ | 411/470 [2:18:10<16:51, 17.15s/it] 88%|████████▊ | 412/470 [2:18:53<24:13, 25.07s/it] 88%|████████▊ | 413/470 [2:19:09<21:02, 22.15s/it] 88%|████████▊ | 414/470 [2:19:18<17:00, 18.22s/it] 88%|████████▊ | 415/470 [2:20:08<25:30, 27.82s/it] 89%|████████▊ | 416/470 [2:20:57<30:55, 34.36s/it] 89%|████████▊ | 417/470 [2:21:45<33:52, 38.36s/it] 89%|████████▉ | 418/470 [2:22:01<27:29, 31.72s/it] 89%|████████▉ | 419/470 [2:22:40<28:41, 33.76s/it] 89%|████████▉ | 420/470 [2:23:03<25:28, 30.56s/it] 90%|████████▉ | 421/470 [2:23:22<22:08, 27.12s/it] 90%|████████▉ | 422/470 [2:23:25<16:00, 20.00s/it] 90%|█████████ | 423/470 [2:23:51<17:02, 21.75s/it] 90%|█████████ | 424/470 [2:24:02<14:14, 18.58s/it] 90%|█████████ | 425/470 [2:24:33<16:35, 22.12s/it] 91%|█████████ | 426/470 [2:25:02<17:51, 24.36s/it] 91%|█████████ | 427/470 [2:25:25<17:06, 23.87s/it] 91%|█████████ | 428/470 [2:25:34<13:28, 19.25s/it] 91%|█████████▏| 429/470 [2:25:53<13:10, 19.27s/it] 91%|█████████▏| 430/470 [2:25:59<10:13, 15.33s/it] 92%|█████████▏| 431/470 [2:26:02<07:35, 11.67s/it] 92%|█████████▏| 432/470 [2:26:08<06:21, 10.05s/it] 92%|█████████▏| 433/470 [2:26:12<04:59,  8.08s/it] 92%|█████████▏| 434/470 [2:26:19<04:39,  7.78s/it] 93%|█████████▎| 435/470 [2:27:01<10:29, 17.99s/it] 93%|█████████▎| 436/470 [2:27:22<10:42, 18.88s/it] 93%|█████████▎| 437/470 [2:27:45<11:08, 20.26s/it] 93%|█████████▎| 438/470 [2:28:20<13:03, 24.48s/it] 93%|█████████▎| 439/470 [2:28:49<13:28, 26.07s/it] 94%|█████████▎| 440/470 [2:28:58<10:23, 20.78s/it] 94%|█████████▍| 441/470 [2:29:09<08:38, 17.89s/it] 94%|█████████▍| 442/470 [2:29:33<09:13, 19.75s/it] 94%|█████████▍| 443/470 [2:30:06<10:39, 23.68s/it] 94%|█████████▍| 444/470 [2:30:26<09:46, 22.57s/it] 95%|█████████▍| 445/470 [2:30:32<07:17, 17.49s/it] 95%|█████████▍| 446/470 [2:31:00<08:20, 20.84s/it] 95%|█████████▌| 447/470 [2:31:25<08:23, 21.90s/it] 95%|█████████▌| 448/470 [2:31:45<07:50, 21.38s/it] 96%|█████████▌| 449/470 [2:31:59<06:47, 19.38s/it] 96%|█████████▌| 450/470 [2:32:03<04:49, 14.48s/it] 96%|█████████▌| 451/470 [2:32:33<06:08, 19.38s/it] 96%|█████████▌| 452/470 [2:32:47<05:19, 17.77s/it] 96%|█████████▋| 453/470 [2:33:18<06:09, 21.73s/it] 97%|█████████▋| 454/470 [2:33:39<05:44, 21.52s/it] 97%|█████████▋| 455/470 [2:34:01<05:24, 21.64s/it] 97%|█████████▋| 456/470 [2:34:29<05:27, 23.37s/it] 97%|█████████▋| 457/470 [2:34:32<03:44, 17.30s/it] 97%|█████████▋| 458/470 [2:34:41<02:57, 14.79s/it] 98%|█████████▊| 459/470 [2:34:57<02:46, 15.11s/it] 98%|█████████▊| 460/470 [2:35:22<03:00, 18.08s/it] 98%|█████████▊| 461/470 [2:35:42<02:47, 18.63s/it] 98%|█████████▊| 462/470 [2:35:52<02:08, 16.10s/it] 99%|█████████▊| 463/470 [2:36:24<02:25, 20.84s/it] 99%|█████████▊| 464/470 [2:36:38<01:52, 18.81s/it] 99%|█████████▉| 465/470 [2:37:13<01:59, 23.90s/it] 99%|█████████▉| 466/470 [2:37:32<01:29, 22.41s/it] 99%|█████████▉| 467/470 [2:37:43<00:56, 18.99s/it]100%|█████████▉| 468/470 [2:37:54<00:33, 16.59s/it]100%|█████████▉| 469/470 [2:38:22<00:19, 20.00s/it]100%|██████████| 470/470 [2:38:25<00:00, 14.89s/it]
  0%|          | 0/470 [00:00<?, ?it/s]val set results:
Mean  aucroc :  0.7095
  0%|          | 1/470 [00:06<48:28,  6.20s/it]  0%|          | 2/470 [00:24<1:16:58,  9.87s/it]  1%|          | 3/470 [00:31<1:08:56,  8.86s/it]  1%|          | 4/470 [01:05<2:07:36, 16.43s/it]  1%|          | 5/470 [01:12<1:45:08, 13.57s/it]  1%|▏         | 6/470 [01:22<1:38:26, 12.73s/it]  1%|▏         | 7/470 [01:39<1:47:29, 13.93s/it]  2%|▏         | 8/470 [02:35<3:23:16, 26.40s/it]  2%|▏         | 9/470 [02:57<3:13:13, 25.15s/it]  2%|▏         | 10/470 [03:01<2:25:35, 18.99s/it]  2%|▏         | 11/470 [03:05<1:49:09, 14.27s/it]  3%|▎         | 12/470 [03:27<2:07:38, 16.72s/it]  3%|▎         | 13/470 [03:53<2:27:23, 19.35s/it]  3%|▎         | 14/470 [04:26<2:57:55, 23.41s/it]  3%|▎         | 15/470 [04:59<3:20:50, 26.48s/it]  3%|▎         | 16/470 [06:01<4:39:50, 36.98s/it]  4%|▎         | 17/470 [06:18<3:54:50, 31.11s/it]  4%|▍         | 18/470 [06:26<3:03:04, 24.30s/it]  4%|▍         | 19/470 [06:33<2:21:30, 18.83s/it]  4%|▍         | 20/470 [07:03<2:47:05, 22.28s/it]  4%|▍         | 21/470 [07:06<2:03:52, 16.55s/it]  5%|▍         | 22/470 [07:13<1:42:12, 13.69s/it]  5%|▍         | 23/470 [07:16<1:18:03, 10.48s/it]  5%|▌         | 24/470 [07:33<1:33:24, 12.57s/it]  5%|▌         | 25/470 [08:17<2:42:06, 21.86s/it]  6%|▌         | 26/470 [08:24<2:07:58, 17.29s/it]  6%|▌         | 27/470 [08:47<2:21:48, 19.21s/it]  6%|▌         | 28/470 [09:00<2:06:18, 17.15s/it]  6%|▌         | 29/470 [09:03<1:34:59, 12.92s/it]  6%|▋         | 30/470 [09:07<1:16:08, 10.38s/it]  7%|▋         | 31/470 [09:41<2:06:49, 17.33s/it]  7%|▋         | 32/470 [09:55<2:00:00, 16.44s/it]  7%|▋         | 33/470 [09:59<1:32:02, 12.64s/it]  7%|▋         | 34/470 [10:07<1:22:04, 11.29s/it]  7%|▋         | 35/470 [10:12<1:08:18,  9.42s/it]  8%|▊         | 36/470 [10:46<2:02:18, 16.91s/it]  8%|▊         | 37/470 [11:13<2:22:22, 19.73s/it]  8%|▊         | 38/470 [12:04<3:29:58, 29.16s/it]  8%|▊         | 39/470 [12:09<2:37:07, 21.87s/it]  9%|▊         | 40/470 [12:14<2:00:05, 16.76s/it]  9%|▊         | 41/470 [12:45<2:32:01, 21.26s/it]  9%|▉         | 42/470 [13:00<2:16:49, 19.18s/it]  9%|▉         | 43/470 [13:02<1:40:23, 14.11s/it]  9%|▉         | 44/470 [13:06<1:19:32, 11.20s/it] 10%|▉         | 45/470 [13:11<1:04:26,  9.10s/it] 10%|▉         | 46/470 [13:57<2:23:26, 20.30s/it] 10%|█         | 47/470 [14:07<2:02:01, 17.31s/it] 10%|█         | 48/470 [14:23<1:58:17, 16.82s/it] 10%|█         | 49/470 [14:28<1:32:12, 13.14s/it] 11%|█         | 50/470 [14:42<1:33:34, 13.37s/it] 11%|█         | 51/470 [15:34<2:55:04, 25.07s/it] 11%|█         | 52/470 [16:34<4:08:23, 35.65s/it] 11%|█▏        | 53/470 [16:50<3:26:24, 29.70s/it] 11%|█▏        | 54/470 [18:08<5:06:23, 44.19s/it] 12%|█▏        | 55/470 [18:36<4:32:48, 39.44s/it] 12%|█▏        | 56/470 [18:59<3:57:15, 34.38s/it] 12%|█▏        | 57/470 [19:25<3:40:19, 32.01s/it] 12%|█▏        | 58/470 [19:38<3:00:19, 26.26s/it] 13%|█▎        | 59/470 [19:45<2:20:36, 20.53s/it] 13%|█▎        | 60/470 [19:48<1:42:56, 15.06s/it] 13%|█▎        | 61/470 [20:02<1:41:03, 14.83s/it] 13%|█▎        | 62/470 [20:37<2:21:48, 20.85s/it] 13%|█▎        | 63/470 [20:43<1:52:08, 16.53s/it] 14%|█▎        | 64/470 [21:22<2:36:50, 23.18s/it] 14%|█▍        | 65/470 [22:19<3:44:33, 33.27s/it] 14%|█▍        | 66/470 [22:24<2:47:25, 24.86s/it] 14%|█▍        | 67/470 [22:54<2:57:34, 26.44s/it] 14%|█▍        | 68/470 [23:11<2:36:52, 23.42s/it] 15%|█▍        | 69/470 [23:24<2:16:29, 20.42s/it] 15%|█▍        | 70/470 [23:43<2:13:36, 20.04s/it] 15%|█▌        | 71/470 [24:50<3:45:47, 33.95s/it] 15%|█▌        | 72/470 [25:00<2:57:59, 26.83s/it] 16%|█▌        | 73/470 [25:36<3:16:54, 29.76s/it] 16%|█▌        | 74/470 [26:11<3:26:10, 31.24s/it] 16%|█▌        | 75/470 [26:55<3:49:49, 34.91s/it] 16%|█▌        | 76/470 [27:00<2:50:50, 26.02s/it] 16%|█▋        | 77/470 [27:12<2:23:49, 21.96s/it] 17%|█▋        | 78/470 [27:21<1:56:44, 17.87s/it] 17%|█▋        | 79/470 [27:24<1:28:45, 13.62s/it] 17%|█▋        | 80/470 [28:07<2:25:30, 22.39s/it] 17%|█▋        | 81/470 [29:06<3:35:09, 33.19s/it] 17%|█▋        | 82/470 [29:16<2:50:22, 26.35s/it] 18%|█▊        | 83/470 [29:43<2:51:08, 26.53s/it] 18%|█▊        | 84/470 [29:49<2:11:03, 20.37s/it] 18%|█▊        | 85/470 [29:55<1:43:10, 16.08s/it] 18%|█▊        | 86/470 [30:06<1:32:13, 14.41s/it] 19%|█▊        | 87/470 [30:11<1:14:42, 11.70s/it] 19%|█▊        | 88/470 [30:18<1:05:30, 10.29s/it] 19%|█▉        | 89/470 [30:43<1:33:39, 14.75s/it] 19%|█▉        | 90/470 [30:46<1:10:51, 11.19s/it] 19%|█▉        | 91/470 [30:57<1:11:04, 11.25s/it] 20%|█▉        | 92/470 [31:53<2:35:05, 24.62s/it] 20%|█▉        | 93/470 [32:46<3:26:55, 32.93s/it] 20%|██        | 94/470 [33:02<2:54:37, 27.86s/it] 20%|██        | 95/470 [33:24<2:44:27, 26.31s/it] 20%|██        | 96/470 [33:34<2:12:08, 21.20s/it] 21%|██        | 97/470 [33:58<2:18:28, 22.27s/it] 21%|██        | 98/470 [34:23<2:23:29, 23.14s/it] 21%|██        | 99/470 [34:51<2:31:55, 24.57s/it] 21%|██▏       | 100/470 [35:22<2:43:15, 26.47s/it] 21%|██▏       | 101/470 [35:47<2:39:48, 25.98s/it] 22%|██▏       | 102/470 [36:17<2:47:12, 27.26s/it] 22%|██▏       | 103/470 [36:21<2:04:10, 20.30s/it] 22%|██▏       | 104/470 [36:25<1:32:40, 15.19s/it] 22%|██▏       | 105/470 [36:29<1:12:04, 11.85s/it] 23%|██▎       | 106/470 [36:43<1:16:24, 12.60s/it] 23%|██▎       | 107/470 [36:50<1:05:21, 10.80s/it] 23%|██▎       | 108/470 [37:51<2:36:31, 25.94s/it] 23%|██▎       | 109/470 [38:11<2:24:54, 24.09s/it] 23%|██▎       | 110/470 [38:14<1:46:36, 17.77s/it] 24%|██▎       | 111/470 [39:03<2:42:25, 27.15s/it] 24%|██▍       | 112/470 [39:39<2:57:29, 29.75s/it] 24%|██▍       | 113/470 [39:44<2:12:39, 22.29s/it] 24%|██▍       | 114/470 [39:51<1:46:16, 17.91s/it] 24%|██▍       | 115/470 [40:49<2:56:03, 29.76s/it] 25%|██▍       | 116/470 [41:18<2:54:55, 29.65s/it] 25%|██▍       | 117/470 [41:57<3:10:27, 32.37s/it] 25%|██▌       | 118/470 [42:03<2:24:35, 24.65s/it] 25%|██▌       | 119/470 [42:42<2:48:08, 28.74s/it] 26%|██▌       | 120/470 [43:34<3:28:33, 35.75s/it] 26%|██▌       | 121/470 [44:04<3:17:41, 33.99s/it] 26%|██▌       | 122/470 [44:29<3:02:12, 31.42s/it] 26%|██▌       | 123/470 [44:57<2:56:04, 30.45s/it] 26%|██▋       | 124/470 [45:50<3:33:41, 37.06s/it] 27%|██▋       | 125/470 [46:22<3:25:26, 35.73s/it] 27%|██▋       | 126/470 [46:33<2:41:18, 28.14s/it] 27%|██▋       | 127/470 [46:38<2:02:25, 21.42s/it] 27%|██▋       | 128/470 [46:56<1:55:58, 20.35s/it] 27%|██▋       | 129/470 [47:15<1:52:20, 19.77s/it] 28%|██▊       | 130/470 [47:18<1:23:44, 14.78s/it] 28%|██▊       | 131/470 [47:21<1:03:08, 11.18s/it] 28%|██▊       | 132/470 [47:57<1:45:55, 18.80s/it] 28%|██▊       | 133/470 [48:30<2:08:52, 22.94s/it] 29%|██▊       | 134/470 [48:39<1:45:44, 18.88s/it] 29%|██▊       | 135/470 [48:51<1:32:52, 16.64s/it] 29%|██▉       | 136/470 [48:54<1:09:35, 12.50s/it] 29%|██▉       | 137/470 [48:58<56:22, 10.16s/it]   29%|██▉       | 138/470 [49:11<1:00:47, 10.99s/it] 30%|██▉       | 139/470 [49:17<51:51,  9.40s/it]   30%|██▉       | 140/470 [49:33<1:03:02, 11.46s/it] 30%|███       | 141/470 [49:53<1:17:20, 14.11s/it] 30%|███       | 142/470 [50:07<1:17:03, 14.10s/it] 30%|███       | 143/470 [50:44<1:54:00, 20.92s/it] 31%|███       | 144/470 [51:00<1:45:17, 19.38s/it] 31%|███       | 145/470 [51:23<1:50:29, 20.40s/it] 31%|███       | 146/470 [51:28<1:25:04, 15.75s/it] 31%|███▏      | 147/470 [51:33<1:08:28, 12.72s/it] 31%|███▏      | 148/470 [51:41<59:39, 11.12s/it]   32%|███▏      | 149/470 [51:45<47:39,  8.91s/it] 32%|███▏      | 150/470 [51:50<42:00,  7.88s/it] 32%|███▏      | 151/470 [52:33<1:38:14, 18.48s/it] 32%|███▏      | 152/470 [53:21<2:24:16, 27.22s/it] 33%|███▎      | 153/470 [53:57<2:38:30, 30.00s/it] 33%|███▎      | 154/470 [54:22<2:29:59, 28.48s/it] 33%|███▎      | 155/470 [54:41<2:13:58, 25.52s/it] 33%|███▎      | 156/470 [55:19<2:33:05, 29.25s/it] 33%|███▎      | 157/470 [55:25<1:56:44, 22.38s/it] 34%|███▎      | 158/470 [56:19<2:45:08, 31.76s/it] 34%|███▍      | 159/470 [56:24<2:03:27, 23.82s/it] 34%|███▍      | 160/470 [56:36<1:45:16, 20.38s/it] 34%|███▍      | 161/470 [57:03<1:54:43, 22.28s/it] 34%|███▍      | 162/470 [57:38<2:13:38, 26.03s/it] 35%|███▍      | 163/470 [58:06<2:16:13, 26.62s/it] 35%|███▍      | 164/470 [58:21<1:58:04, 23.15s/it] 35%|███▌      | 165/470 [58:45<1:58:17, 23.27s/it] 35%|███▌      | 166/470 [58:54<1:36:10, 18.98s/it] 36%|███▌      | 167/470 [59:22<1:50:21, 21.85s/it] 36%|███▌      | 168/470 [59:47<1:54:18, 22.71s/it] 36%|███▌      | 169/470 [59:49<1:22:55, 16.53s/it] 36%|███▌      | 170/470 [1:00:02<1:17:19, 15.46s/it] 36%|███▋      | 171/470 [1:00:32<1:38:51, 19.84s/it] 37%|███▋      | 172/470 [1:00:59<1:48:57, 21.94s/it] 37%|███▋      | 173/470 [1:01:21<1:48:51, 21.99s/it] 37%|███▋      | 174/470 [1:01:25<1:21:25, 16.50s/it] 37%|███▋      | 175/470 [1:01:38<1:16:06, 15.48s/it] 37%|███▋      | 176/470 [1:01:42<59:28, 12.14s/it]   38%|███▊      | 177/470 [1:01:46<47:37,  9.75s/it] 38%|███▊      | 178/470 [1:02:31<1:39:10, 20.38s/it] 38%|███▊      | 179/470 [1:03:02<1:53:21, 23.37s/it] 38%|███▊      | 180/470 [1:03:06<1:25:11, 17.62s/it] 39%|███▊      | 181/470 [1:03:11<1:06:09, 13.74s/it] 39%|███▊      | 182/470 [1:03:18<57:05, 11.89s/it]   39%|███▉      | 183/470 [1:03:51<1:27:14, 18.24s/it] 39%|███▉      | 184/470 [1:03:53<1:04:02, 13.44s/it] 39%|███▉      | 185/470 [1:03:56<48:24, 10.19s/it]   40%|███▉      | 186/470 [1:04:11<55:33, 11.74s/it] 40%|███▉      | 187/470 [1:04:16<44:52,  9.51s/it] 40%|████      | 188/470 [1:04:22<40:33,  8.63s/it] 40%|████      | 189/470 [1:04:33<43:35,  9.31s/it] 40%|████      | 190/470 [1:04:37<35:27,  7.60s/it] 41%|████      | 191/470 [1:04:42<32:27,  6.98s/it] 41%|████      | 192/470 [1:05:18<1:11:42, 15.48s/it] 41%|████      | 193/470 [1:05:23<57:32, 12.46s/it]   41%|████▏     | 194/470 [1:06:18<1:56:04, 25.23s/it] 41%|████▏     | 195/470 [1:06:28<1:33:59, 20.51s/it] 42%|████▏     | 196/470 [1:06:39<1:21:05, 17.76s/it] 42%|████▏     | 197/470 [1:06:41<59:36, 13.10s/it]   42%|████▏     | 198/470 [1:06:47<49:39, 10.96s/it] 42%|████▏     | 199/470 [1:06:52<41:19,  9.15s/it] 43%|████▎     | 200/470 [1:07:08<49:56, 11.10s/it] 43%|████▎     | 201/470 [1:07:17<46:45, 10.43s/it] 43%|████▎     | 202/470 [1:07:25<44:07,  9.88s/it] 43%|████▎     | 203/470 [1:07:30<36:58,  8.31s/it] 43%|████▎     | 204/470 [1:07:36<33:52,  7.64s/it] 44%|████▎     | 205/470 [1:08:14<1:14:42, 16.92s/it] 44%|████▍     | 206/470 [1:08:36<1:20:08, 18.21s/it] 44%|████▍     | 207/470 [1:09:18<1:51:01, 25.33s/it] 44%|████▍     | 208/470 [1:09:58<2:10:31, 29.89s/it] 44%|████▍     | 209/470 [1:10:16<1:53:38, 26.13s/it] 45%|████▍     | 210/470 [1:11:06<2:25:21, 33.54s/it] 45%|████▍     | 211/470 [1:11:22<2:01:58, 28.26s/it] 45%|████▌     | 212/470 [1:12:01<2:14:50, 31.36s/it] 45%|████▌     | 213/470 [1:13:09<3:02:06, 42.52s/it] 46%|████▌     | 214/470 [1:13:42<2:49:11, 39.65s/it] 46%|████▌     | 215/470 [1:14:16<2:40:23, 37.74s/it] 46%|████▌     | 216/470 [1:14:25<2:03:03, 29.07s/it] 46%|████▌     | 217/470 [1:14:33<1:35:55, 22.75s/it] 46%|████▋     | 218/470 [1:15:06<1:48:32, 25.84s/it] 47%|████▋     | 219/470 [1:16:13<2:40:25, 38.35s/it] 47%|████▋     | 220/470 [1:16:29<2:11:34, 31.58s/it] 47%|████▋     | 221/470 [1:16:32<1:35:57, 23.12s/it] 47%|████▋     | 222/470 [1:16:46<1:23:24, 20.18s/it] 47%|████▋     | 223/470 [1:17:10<1:28:29, 21.50s/it] 48%|████▊     | 224/470 [1:17:37<1:35:08, 23.20s/it] 48%|████▊     | 225/470 [1:17:40<1:09:17, 16.97s/it] 48%|████▊     | 226/470 [1:17:56<1:08:28, 16.84s/it] 48%|████▊     | 227/470 [1:18:19<1:15:24, 18.62s/it] 49%|████▊     | 228/470 [1:18:51<1:31:13, 22.62s/it] 49%|████▊     | 229/470 [1:18:55<1:07:47, 16.88s/it] 49%|████▉     | 230/470 [1:19:01<55:10, 13.80s/it]   49%|████▉     | 231/470 [1:19:06<43:42, 10.97s/it] 49%|████▉     | 232/470 [1:19:37<1:08:08, 17.18s/it] 50%|████▉     | 233/470 [1:20:07<1:22:21, 20.85s/it] 50%|████▉     | 234/470 [1:20:32<1:26:55, 22.10s/it] 50%|█████     | 235/470 [1:21:28<2:07:25, 32.53s/it] 50%|█████     | 236/470 [1:21:59<2:04:09, 31.84s/it] 50%|█████     | 237/470 [1:22:50<2:25:45, 37.53s/it] 51%|█████     | 238/470 [1:23:20<2:16:32, 35.31s/it] 51%|█████     | 239/470 [1:23:53<2:13:49, 34.76s/it] 51%|█████     | 240/470 [1:24:48<2:35:51, 40.66s/it] 51%|█████▏    | 241/470 [1:25:41<2:49:37, 44.44s/it] 51%|█████▏    | 242/470 [1:26:22<2:45:04, 43.44s/it] 52%|█████▏    | 243/470 [1:26:51<2:28:17, 39.19s/it] 52%|█████▏    | 244/470 [1:27:11<2:05:44, 33.38s/it] 52%|█████▏    | 245/470 [1:27:43<2:03:50, 33.02s/it] 52%|█████▏    | 246/470 [1:27:56<1:40:55, 27.03s/it] 53%|█████▎    | 247/470 [1:28:32<1:50:03, 29.61s/it] 53%|█████▎    | 248/470 [1:28:40<1:25:15, 23.04s/it] 53%|█████▎    | 249/470 [1:28:50<1:11:20, 19.37s/it] 53%|█████▎    | 250/470 [1:29:29<1:31:45, 25.02s/it] 53%|█████▎    | 251/470 [1:30:28<2:08:43, 35.27s/it] 54%|█████▎    | 252/470 [1:31:04<2:09:35, 35.67s/it] 54%|█████▍    | 253/470 [1:31:21<1:48:01, 29.87s/it] 54%|█████▍    | 254/470 [1:31:32<1:27:25, 24.28s/it] 54%|█████▍    | 255/470 [1:32:13<1:45:26, 29.43s/it] 54%|█████▍    | 256/470 [1:32:46<1:48:07, 30.31s/it] 55%|█████▍    | 257/470 [1:33:45<2:17:55, 38.85s/it] 55%|█████▍    | 258/470 [1:33:48<1:39:52, 28.27s/it] 55%|█████▌    | 259/470 [1:33:54<1:15:37, 21.50s/it] 55%|█████▌    | 260/470 [1:34:30<1:30:43, 25.92s/it] 56%|█████▌    | 261/470 [1:34:35<1:08:48, 19.76s/it] 56%|█████▌    | 262/470 [1:35:31<1:45:25, 30.41s/it] 56%|█████▌    | 263/470 [1:36:21<2:05:54, 36.49s/it] 56%|█████▌    | 264/470 [1:36:49<1:55:54, 33.76s/it] 56%|█████▋    | 265/470 [1:37:04<1:36:40, 28.30s/it] 57%|█████▋    | 266/470 [1:37:28<1:31:31, 26.92s/it] 57%|█████▋    | 267/470 [1:38:00<1:35:47, 28.31s/it] 57%|█████▋    | 268/470 [1:38:05<1:12:13, 21.45s/it] 57%|█████▋    | 269/470 [1:38:37<1:22:43, 24.69s/it] 57%|█████▋    | 270/470 [1:38:53<1:12:47, 21.84s/it] 58%|█████▊    | 271/470 [1:39:26<1:23:36, 25.21s/it] 58%|█████▊    | 272/470 [1:39:31<1:03:41, 19.30s/it] 58%|█████▊    | 273/470 [1:39:37<49:46, 15.16s/it]   58%|█████▊    | 274/470 [1:40:13<1:09:51, 21.38s/it] 59%|█████▊    | 275/470 [1:40:40<1:15:25, 23.21s/it] 59%|█████▊    | 276/470 [1:40:44<56:31, 17.48s/it]   59%|█████▉    | 277/470 [1:40:54<48:29, 15.07s/it] 59%|█████▉    | 278/470 [1:40:57<36:56, 11.54s/it] 59%|█████▉    | 279/470 [1:41:34<1:01:02, 19.18s/it] 60%|█████▉    | 280/470 [1:41:44<51:47, 16.35s/it]   60%|█████▉    | 281/470 [1:42:20<1:10:11, 22.28s/it] 60%|██████    | 282/470 [1:43:00<1:26:31, 27.61s/it] 60%|██████    | 283/470 [1:43:14<1:13:09, 23.47s/it] 60%|██████    | 284/470 [1:43:38<1:13:26, 23.69s/it] 61%|██████    | 285/470 [1:43:39<52:39, 17.08s/it]   61%|██████    | 286/470 [1:43:44<40:48, 13.31s/it] 61%|██████    | 287/470 [1:44:16<57:25, 18.83s/it] 61%|██████▏   | 288/470 [1:44:50<1:11:26, 23.55s/it] 61%|██████▏   | 289/470 [1:44:53<52:25, 17.38s/it]   62%|██████▏   | 290/470 [1:44:56<38:47, 12.93s/it] 62%|██████▏   | 291/470 [1:45:00<30:44, 10.31s/it] 62%|██████▏   | 292/470 [1:45:24<43:11, 14.56s/it] 62%|██████▏   | 293/470 [1:45:31<35:32, 12.05s/it] 63%|██████▎   | 294/470 [1:46:02<52:26, 17.88s/it] 63%|██████▎   | 295/470 [1:46:04<38:34, 13.23s/it] 63%|██████▎   | 296/470 [1:46:19<39:51, 13.75s/it] 63%|██████▎   | 297/470 [1:46:51<55:12, 19.15s/it] 63%|██████▎   | 298/470 [1:47:20<1:03:26, 22.13s/it] 64%|██████▎   | 299/470 [1:47:27<49:54, 17.51s/it]   64%|██████▍   | 300/470 [1:48:18<1:17:55, 27.51s/it] 64%|██████▍   | 301/470 [1:48:45<1:17:24, 27.48s/it] 64%|██████▍   | 302/470 [1:49:02<1:08:16, 24.39s/it] 64%|██████▍   | 303/470 [1:49:07<51:31, 18.51s/it]   65%|██████▍   | 304/470 [1:49:37<1:00:23, 21.83s/it] 65%|██████▍   | 305/470 [1:50:02<1:03:13, 22.99s/it] 65%|██████▌   | 306/470 [1:50:39<1:14:11, 27.14s/it] 65%|██████▌   | 307/470 [1:50:56<1:04:55, 23.90s/it] 66%|██████▌   | 308/470 [1:51:09<55:47, 20.67s/it]   66%|██████▌   | 309/470 [1:51:16<44:50, 16.71s/it] 66%|██████▌   | 310/470 [1:51:21<35:14, 13.21s/it] 66%|██████▌   | 311/470 [1:52:25<1:14:52, 28.26s/it] 66%|██████▋   | 312/470 [1:52:32<57:59, 22.02s/it]   67%|██████▋   | 313/470 [1:52:40<46:23, 17.73s/it] 67%|██████▋   | 314/470 [1:52:52<41:44, 16.05s/it] 67%|██████▋   | 315/470 [1:53:27<56:19, 21.80s/it] 67%|██████▋   | 316/470 [1:53:41<49:33, 19.31s/it] 67%|██████▋   | 317/470 [1:53:43<36:33, 14.33s/it] 68%|██████▊   | 318/470 [1:53:48<28:51, 11.39s/it] 68%|██████▊   | 319/470 [1:54:35<55:45, 22.15s/it] 68%|██████▊   | 320/470 [1:54:37<40:27, 16.18s/it] 68%|██████▊   | 321/470 [1:55:11<53:19, 21.47s/it] 69%|██████▊   | 322/470 [1:55:44<1:01:33, 24.96s/it] 69%|██████▊   | 323/470 [1:56:13<1:03:52, 26.07s/it] 69%|██████▉   | 324/470 [1:56:46<1:08:38, 28.21s/it] 69%|██████▉   | 325/470 [1:56:53<52:44, 21.82s/it]   69%|██████▉   | 326/470 [1:57:24<58:42, 24.46s/it] 70%|██████▉   | 327/470 [1:57:32<46:48, 19.64s/it] 70%|██████▉   | 328/470 [1:57:42<39:48, 16.82s/it] 70%|███████   | 329/470 [1:57:49<32:09, 13.68s/it] 70%|███████   | 330/470 [1:57:54<26:10, 11.22s/it] 70%|███████   | 331/470 [1:58:00<22:04,  9.53s/it] 71%|███████   | 332/470 [1:58:08<21:18,  9.27s/it] 71%|███████   | 333/470 [1:58:18<21:23,  9.37s/it] 71%|███████   | 334/470 [1:59:20<56:45, 25.04s/it] 71%|███████▏  | 335/470 [1:59:25<43:12, 19.20s/it] 71%|███████▏  | 336/470 [1:59:29<32:48, 14.69s/it] 72%|███████▏  | 337/470 [1:59:35<26:36, 12.01s/it] 72%|███████▏  | 338/470 [1:59:55<31:19, 14.24s/it] 72%|███████▏  | 339/470 [2:00:03<27:18, 12.51s/it] 72%|███████▏  | 340/470 [2:00:30<36:38, 16.91s/it] 73%|███████▎  | 341/470 [2:01:04<47:24, 22.05s/it] 73%|███████▎  | 342/470 [2:01:29<49:00, 22.97s/it] 73%|███████▎  | 343/470 [2:01:37<38:50, 18.35s/it] 73%|███████▎  | 344/470 [2:01:49<34:31, 16.44s/it] 73%|███████▎  | 345/470 [2:02:11<37:40, 18.08s/it] 74%|███████▎  | 346/470 [2:02:27<36:21, 17.59s/it] 74%|███████▍  | 347/470 [2:02:56<43:06, 21.03s/it] 74%|███████▍  | 348/470 [2:03:18<43:20, 21.32s/it] 74%|███████▍  | 349/470 [2:04:10<1:01:07, 30.31s/it] 74%|███████▍  | 350/470 [2:04:16<46:19, 23.16s/it]   75%|███████▍  | 351/470 [2:04:56<55:59, 28.23s/it] 75%|███████▍  | 352/470 [2:05:11<47:30, 24.16s/it] 75%|███████▌  | 353/470 [2:05:38<48:46, 25.02s/it] 75%|███████▌  | 354/470 [2:05:58<45:17, 23.42s/it] 76%|███████▌  | 355/470 [2:06:36<53:47, 28.07s/it] 76%|███████▌  | 356/470 [2:07:22<1:03:12, 33.26s/it] 76%|███████▌  | 357/470 [2:07:26<46:22, 24.63s/it]   76%|███████▌  | 358/470 [2:07:33<35:53, 19.23s/it] 76%|███████▋  | 359/470 [2:07:38<27:48, 15.03s/it] 77%|███████▋  | 360/470 [2:08:24<44:40, 24.36s/it] 77%|███████▋  | 361/470 [2:08:48<43:39, 24.03s/it] 77%|███████▋  | 362/470 [2:08:50<31:37, 17.56s/it] 77%|███████▋  | 363/470 [2:09:06<30:12, 16.94s/it] 77%|███████▋  | 364/470 [2:09:30<33:48, 19.14s/it] 78%|███████▊  | 365/470 [2:09:40<28:55, 16.53s/it] 78%|███████▊  | 366/470 [2:10:13<36:54, 21.29s/it] 78%|███████▊  | 367/470 [2:10:40<39:39, 23.10s/it] 78%|███████▊  | 368/470 [2:11:02<38:55, 22.90s/it] 79%|███████▊  | 369/470 [2:11:37<44:28, 26.42s/it] 79%|███████▊  | 370/470 [2:11:41<32:47, 19.68s/it] 79%|███████▉  | 371/470 [2:12:31<47:32, 28.81s/it] 79%|███████▉  | 372/470 [2:13:10<52:04, 31.89s/it] 79%|███████▉  | 373/470 [2:13:16<38:42, 23.94s/it] 80%|███████▉  | 374/470 [2:13:23<30:08, 18.83s/it] 80%|███████▉  | 375/470 [2:14:30<53:09, 33.57s/it] 80%|████████  | 376/470 [2:15:04<52:21, 33.42s/it] 80%|████████  | 377/470 [2:15:20<43:53, 28.32s/it] 80%|████████  | 378/470 [2:15:34<36:38, 23.90s/it] 81%|████████  | 379/470 [2:16:10<41:50, 27.59s/it] 81%|████████  | 380/470 [2:17:03<53:01, 35.35s/it] 81%|████████  | 381/470 [2:17:35<50:59, 34.38s/it] 81%|████████▏ | 382/470 [2:18:08<49:30, 33.75s/it] 81%|████████▏ | 383/470 [2:18:28<43:18, 29.86s/it] 82%|████████▏ | 384/470 [2:18:56<41:55, 29.25s/it] 82%|████████▏ | 385/470 [2:19:04<32:06, 22.66s/it] 82%|████████▏ | 386/470 [2:19:39<36:59, 26.43s/it] 82%|████████▏ | 387/470 [2:20:05<36:22, 26.30s/it] 83%|████████▎ | 388/470 [2:20:30<35:42, 26.13s/it] 83%|████████▎ | 389/470 [2:20:48<31:41, 23.48s/it] 83%|████████▎ | 390/470 [2:20:52<23:28, 17.61s/it] 83%|████████▎ | 391/470 [2:20:59<19:11, 14.58s/it] 83%|████████▎ | 392/470 [2:21:03<14:34, 11.22s/it] 84%|████████▎ | 393/470 [2:21:20<16:51, 13.14s/it] 84%|████████▍ | 394/470 [2:21:26<13:44, 10.85s/it] 84%|████████▍ | 395/470 [2:21:32<11:54,  9.53s/it] 84%|████████▍ | 396/470 [2:21:39<10:49,  8.78s/it] 84%|████████▍ | 397/470 [2:21:43<08:48,  7.23s/it] 85%|████████▍ | 398/470 [2:21:47<07:36,  6.34s/it] 85%|████████▍ | 399/470 [2:21:54<07:38,  6.46s/it] 85%|████████▌ | 400/470 [2:22:07<10:00,  8.58s/it] 85%|████████▌ | 401/470 [2:22:33<15:52, 13.80s/it] 86%|████████▌ | 402/470 [2:22:46<15:16, 13.47s/it] 86%|████████▌ | 403/470 [2:22:52<12:26, 11.15s/it] 86%|████████▌ | 404/470 [2:22:55<09:34,  8.71s/it] 86%|████████▌ | 405/470 [2:22:58<07:39,  7.07s/it] 86%|████████▋ | 406/470 [2:23:23<13:19, 12.50s/it] 87%|████████▋ | 407/470 [2:23:26<10:02,  9.57s/it] 87%|████████▋ | 408/470 [2:23:30<08:11,  7.93s/it] 87%|████████▋ | 409/470 [2:23:35<07:01,  6.91s/it] 87%|████████▋ | 410/470 [2:23:39<06:06,  6.10s/it] 87%|████████▋ | 411/470 [2:23:47<06:33,  6.68s/it] 88%|████████▊ | 412/470 [2:23:50<05:28,  5.66s/it] 88%|████████▊ | 413/470 [2:24:41<18:14, 19.20s/it] 88%|████████▊ | 414/470 [2:25:40<29:08, 31.23s/it] 88%|████████▊ | 415/470 [2:26:15<29:41, 32.39s/it] 89%|████████▊ | 416/470 [2:26:32<24:53, 27.65s/it] 89%|████████▊ | 417/470 [2:26:40<19:23, 21.95s/it] 89%|████████▉ | 418/470 [2:27:37<27:56, 32.25s/it] 89%|████████▉ | 419/470 [2:27:43<20:51, 24.55s/it] 89%|████████▉ | 420/470 [2:28:40<28:25, 34.10s/it] 90%|████████▉ | 421/470 [2:29:13<27:43, 33.96s/it] 90%|████████▉ | 422/470 [2:29:40<25:25, 31.79s/it] 90%|█████████ | 423/470 [2:30:08<24:03, 30.71s/it] 90%|█████████ | 424/470 [2:30:20<19:04, 24.88s/it] 90%|█████████ | 425/470 [2:31:09<24:13, 32.30s/it] 91%|█████████ | 426/470 [2:31:51<25:53, 35.30s/it] 91%|█████████ | 427/470 [2:32:03<20:07, 28.09s/it] 91%|█████████ | 428/470 [2:32:23<18:07, 25.89s/it] 91%|█████████▏| 429/470 [2:33:15<22:56, 33.58s/it] 91%|█████████▏| 430/470 [2:33:27<18:02, 27.06s/it] 92%|█████████▏| 431/470 [2:33:52<17:10, 26.42s/it] 92%|█████████▏| 432/470 [2:34:15<16:08, 25.47s/it] 92%|█████████▏| 433/470 [2:35:00<19:18, 31.32s/it] 92%|█████████▏| 434/470 [2:35:49<22:00, 36.68s/it] 93%|█████████▎| 435/470 [2:35:53<15:35, 26.72s/it] 93%|█████████▎| 436/470 [2:36:29<16:43, 29.50s/it] 93%|█████████▎| 437/470 [2:36:49<14:47, 26.88s/it] 93%|█████████▎| 438/470 [2:37:16<14:14, 26.72s/it] 93%|█████████▎| 439/470 [2:37:31<11:59, 23.21s/it] 94%|█████████▎| 440/470 [2:37:54<11:39, 23.32s/it] 94%|█████████▍| 441/470 [2:38:23<12:06, 25.05s/it] 94%|█████████▍| 442/470 [2:38:57<12:49, 27.49s/it] 94%|█████████▍| 443/470 [2:40:00<17:15, 38.36s/it] 94%|█████████▍| 444/470 [2:40:14<13:22, 30.86s/it] 95%|█████████▍| 445/470 [2:40:49<13:27, 32.28s/it] 95%|█████████▍| 446/470 [2:41:49<16:12, 40.52s/it] 95%|█████████▌| 447/470 [2:42:15<13:50, 36.10s/it] 95%|█████████▌| 448/470 [2:42:50<13:07, 35.78s/it] 96%|█████████▌| 449/470 [2:43:31<13:04, 37.35s/it] 96%|█████████▌| 450/470 [2:43:46<10:11, 30.55s/it] 96%|█████████▌| 451/470 [2:44:02<08:19, 26.30s/it] 96%|█████████▌| 452/470 [2:45:04<11:04, 36.91s/it] 96%|█████████▋| 453/470 [2:45:24<09:02, 31.93s/it] 97%|█████████▋| 454/470 [2:45:58<08:39, 32.46s/it] 97%|█████████▋| 455/470 [2:46:30<08:05, 32.38s/it] 97%|█████████▋| 456/470 [2:46:56<07:05, 30.41s/it] 97%|█████████▋| 457/470 [2:47:38<07:20, 33.89s/it] 97%|█████████▋| 458/470 [2:48:05<06:22, 31.91s/it] 98%|█████████▊| 459/470 [2:48:08<04:15, 23.23s/it] 98%|█████████▊| 460/470 [2:48:39<04:14, 25.44s/it] 98%|█████████▊| 461/470 [2:49:06<03:55, 26.13s/it] 98%|█████████▊| 462/470 [2:49:34<03:31, 26.48s/it] 99%|█████████▊| 463/470 [2:50:23<03:53, 33.42s/it] 99%|█████████▊| 464/470 [2:51:32<04:23, 43.89s/it] 99%|█████████▉| 465/470 [2:52:30<04:00, 48.16s/it] 99%|█████████▉| 466/470 [2:53:21<03:16, 49.06s/it] 99%|█████████▉| 467/470 [2:53:47<02:06, 42.10s/it]100%|█████████▉| 468/470 [2:54:25<01:22, 41.09s/it]100%|█████████▉| 469/470 [2:55:03<00:40, 40.02s/it]100%|██████████| 470/470 [2:55:16<00:00, 31.85s/it]
test set results:
Mean  aucroc :  0.7136
