sending incremental file list
deleting test/images/zigzagged_0109.jpg
deleting test/images/zigzagged_0101.jpg
deleting test/images/zigzagged_0096.jpg
deleting test/images/zigzagged_0087.jpg
deleting test/images/zigzagged_0080.jpg
deleting test/images/zigzagged_0061.jpg
deleting test/images/zigzagged_0056.jpg
deleting test/images/zigzagged_0035.jpg
deleting test/images/zigzagged_0021.jpg
deleting test/images/zigzagged_0014.jpg
deleting test/images/wrinkled_0121.jpg
deleting test/images/wrinkled_0113.jpg
deleting test/images/wrinkled_0108.jpg
deleting test/images/wrinkled_0098.jpg
deleting test/images/wrinkled_0090.jpg
deleting test/images/wrinkled_0066.jpg
deleting test/images/wrinkled_0060.jpg
deleting test/images/wrinkled_0038.jpg
deleting test/images/wrinkled_0025.jpg
deleting test/images/wrinkled_0014.jpg
deleting test/images/woven_0107.jpg
deleting test/images/woven_0099.jpg
deleting test/images/woven_0093.jpg
deleting test/images/woven_0081.jpg
deleting test/images/woven_0073.jpg
deleting test/images/woven_0053.jpg
deleting test/images/woven_0048.jpg
deleting test/images/woven_0024.jpg
deleting test/images/woven_0012.jpg
deleting test/images/woven_0004.jpg
deleting test/images/waffled_0175.jpg
deleting test/images/waffled_0167.jpg
deleting test/images/waffled_0162.jpg
deleting test/images/waffled_0153.jpg
deleting test/images/waffled_0146.jpg
deleting test/images/waffled_0126.jpg
deleting test/images/waffled_0121.jpg
deleting test/images/waffled_0099.jpg
deleting test/images/waffled_0063.jpg
deleting test/images/waffled_0054.jpg
deleting test/images/veined_0165.jpg
deleting test/images/veined_0157.jpg
deleting test/images/veined_0152.jpg
deleting test/images/veined_0143.jpg
deleting test/images/veined_0136.jpg
deleting test/images/veined_0117.jpg
deleting test/images/veined_0112.jpg
deleting test/images/veined_0090.jpg
deleting test/images/veined_0075.jpg
deleting test/images/veined_0067.jpg
deleting test/images/swirly_0154.jpg
deleting test/images/swirly_0146.jpg
deleting test/images/swirly_0141.jpg
deleting test/images/swirly_0132.jpg
deleting test/images/swirly_0125.jpg
deleting test/images/swirly_0105.jpg
deleting test/images/swirly_0099.jpg
deleting test/images/swirly_0076.jpg
deleting test/images/swirly_0065.jpg
deleting test/images/swirly_0058.jpg
deleting test/images/studded_0193.jpg
deleting test/images/studded_0185.jpg
deleting test/images/studded_0180.jpg
deleting test/images/studded_0170.jpg
deleting test/images/studded_0163.jpg
deleting test/images/studded_0139.jpg
deleting test/images/studded_0134.jpg
deleting test/images/studded_0106.jpg
deleting test/images/studded_0065.jpg
deleting test/images/studded_0020.jpg
deleting test/images/striped_0101.jpg
deleting test/images/striped_0093.jpg
deleting test/images/striped_0088.jpg
deleting test/images/striped_0079.jpg
deleting test/images/striped_0072.jpg
deleting test/images/striped_0052.jpg
deleting test/images/striped_0046.jpg
deleting test/images/striped_0025.jpg
deleting test/images/striped_0013.jpg
deleting test/images/striped_0004.jpg
deleting test/images/stratified_0150.jpg
deleting test/images/stratified_0142.jpg
deleting test/images/stratified_0137.jpg
deleting test/images/stratified_0128.jpg
deleting test/images/stratified_0121.jpg
deleting test/images/stratified_0102.jpg
deleting test/images/stratified_0097.jpg
deleting test/images/stratified_0067.jpg
deleting test/images/stratified_0053.jpg
deleting test/images/stratified_0045.jpg
deleting test/images/stained_0116.jpg
deleting test/images/stained_0108.jpg
deleting test/images/stained_0103.jpg
deleting test/images/stained_0094.jpg
deleting test/images/stained_0087.jpg
deleting test/images/stained_0068.jpg
deleting test/images/stained_0063.jpg
deleting test/images/stained_0042.jpg
deleting test/images/stained_0031.jpg
deleting test/images/stained_0024.jpg
deleting test/images/sprinkled_0120.jpg
deleting test/images/sprinkled_0112.jpg
deleting test/images/sprinkled_0107.jpg
deleting test/images/sprinkled_0098.jpg
deleting test/images/sprinkled_0090.jpg
deleting test/images/sprinkled_0067.jpg
deleting test/images/sprinkled_0062.jpg
deleting test/images/sprinkled_0040.jpg
deleting test/images/sprinkled_0020.jpg
deleting test/images/sprinkled_0013.jpg
deleting test/images/spiralled_0116.jpg
deleting test/images/spiralled_0108.jpg
deleting test/images/spiralled_0103.jpg
deleting test/images/spiralled_0093.jpg
deleting test/images/spiralled_0085.jpg
deleting test/images/spiralled_0065.jpg
deleting test/images/spiralled_0056.jpg
deleting test/images/spiralled_0033.jpg
deleting test/images/spiralled_0018.jpg
deleting test/images/spiralled_0011.jpg
deleting test/images/smeared_0126.jpg
deleting test/images/smeared_0118.jpg
deleting test/images/smeared_0113.jpg
deleting test/images/smeared_0103.jpg
deleting test/images/smeared_0095.jpg
deleting test/images/smeared_0073.jpg
deleting test/images/smeared_0067.jpg
deleting test/images/smeared_0041.jpg
deleting test/images/smeared_0029.jpg
deleting test/images/smeared_0020.jpg
deleting test/images/scaly_0201.jpg
deleting test/images/scaly_0192.jpg
deleting test/images/scaly_0187.jpg
deleting test/images/scaly_0178.jpg
deleting test/images/scaly_0171.jpg
deleting test/images/scaly_0152.jpg
deleting test/images/scaly_0147.jpg
deleting test/images/scaly_0126.jpg
deleting test/images/scaly_0115.jpg
deleting test/images/scaly_0107.jpg
deleting test/images/potholed_0147.jpg
deleting test/images/potholed_0139.jpg
deleting test/images/potholed_0134.jpg
deleting test/images/potholed_0125.jpg
deleting test/images/potholed_0118.jpg
deleting test/images/potholed_0099.jpg
deleting test/images/potholed_0092.jpg
deleting test/images/potholed_0066.jpg
deleting test/images/potholed_0050.jpg
deleting test/images/potholed_0043.jpg
deleting test/images/porous_0152.jpg
deleting test/images/porous_0144.jpg
deleting test/images/porous_0139.jpg
deleting test/images/porous_0130.jpg
deleting test/images/porous_0123.jpg
deleting test/images/porous_0104.jpg
deleting test/images/porous_0099.jpg
deleting test/images/porous_0072.jpg
deleting test/images/porous_0057.jpg
deleting test/images/porous_0046.jpg
deleting test/images/polka-dotted_0204.jpg
deleting test/images/polka-dotted_0195.jpg
deleting test/images/polka-dotted_0188.jpg
deleting test/images/polka-dotted_0179.jpg
deleting test/images/polka-dotted_0168.jpg
deleting test/images/polka-dotted_0140.jpg
deleting test/images/polka-dotted_0134.jpg
deleting test/images/polka-dotted_0112.jpg
deleting test/images/polka-dotted_0097.jpg
deleting test/images/polka-dotted_0069.jpg
deleting test/images/pleated_0149.jpg
deleting test/images/pleated_0141.jpg
deleting test/images/pleated_0136.jpg
deleting test/images/pleated_0127.jpg
deleting test/images/pleated_0120.jpg
deleting test/images/pleated_0101.jpg
deleting test/images/pleated_0096.jpg
deleting test/images/pleated_0067.jpg
deleting test/images/pleated_0054.jpg
deleting test/images/pleated_0047.jpg
deleting test/images/pitted_0138.jpg
deleting test/images/pitted_0130.jpg
deleting test/images/pitted_0125.jpg
deleting test/images/pitted_0116.jpg
deleting test/images/pitted_0109.jpg
deleting test/images/pitted_0078.jpg
deleting test/images/pitted_0073.jpg
deleting test/images/pitted_0038.jpg
deleting test/images/pitted_0011.jpg
deleting test/images/pitted_0004.jpg
deleting test/images/perforated_0148.jpg
deleting test/images/perforated_0140.jpg
deleting test/images/perforated_0135.jpg
deleting test/images/perforated_0126.jpg
deleting test/images/perforated_0119.jpg
deleting test/images/perforated_0097.jpg
deleting test/images/perforated_0085.jpg
deleting test/images/perforated_0042.jpg
deleting test/images/perforated_0025.jpg
deleting test/images/perforated_0012.jpg
deleting test/images/paisley_0107.jpg
deleting test/images/paisley_0099.jpg
deleting test/images/paisley_0094.jpg
deleting test/images/paisley_0084.jpg
deleting test/images/paisley_0077.jpg
deleting test/images/paisley_0052.jpg
deleting test/images/paisley_0047.jpg
deleting test/images/paisley_0023.jpg
deleting test/images/paisley_0011.jpg
deleting test/images/paisley_0004.jpg
deleting test/images/meshed_0166.jpg
deleting test/images/meshed_0158.jpg
deleting test/images/meshed_0153.jpg
deleting test/images/meshed_0144.jpg
deleting test/images/meshed_0137.jpg
deleting test/images/meshed_0118.jpg
deleting test/images/meshed_0113.jpg
deleting test/images/meshed_0072.jpg
deleting test/images/meshed_0042.jpg
deleting test/images/meshed_0025.jpg
deleting test/images/matted_0142.jpg
deleting test/images/matted_0134.jpg
deleting test/images/matted_0129.jpg
deleting test/images/matted_0120.jpg
deleting test/images/matted_0113.jpg
deleting test/images/matted_0089.jpg
deleting test/images/matted_0083.jpg
deleting test/images/matted_0054.jpg
deleting test/images/matted_0038.jpg
deleting test/images/matted_0026.jpg
deleting test/images/marbled_0170.jpg
deleting test/images/marbled_0162.jpg
deleting test/images/marbled_0157.jpg
deleting test/images/marbled_0148.jpg
deleting test/images/marbled_0141.jpg
deleting test/images/marbled_0121.jpg
deleting test/images/marbled_0116.jpg
deleting test/images/marbled_0095.jpg
deleting test/images/marbled_0082.jpg
deleting test/images/marbled_0074.jpg
deleting test/images/lined_0153.jpg
deleting test/images/lined_0143.jpg
deleting test/images/lined_0137.jpg
deleting test/images/lined_0128.jpg
deleting test/images/lined_0121.jpg
deleting test/images/lined_0101.jpg
deleting test/images/lined_0087.jpg
deleting test/images/lined_0057.jpg
deleting test/images/lined_0036.jpg
deleting test/images/lined_0023.jpg
deleting test/images/lacelike_0097.jpg
deleting test/images/lacelike_0088.jpg
deleting test/images/lacelike_0083.jpg
deleting test/images/lacelike_0074.jpg
deleting test/images/lacelike_0067.jpg
deleting test/images/lacelike_0048.jpg
deleting test/images/lacelike_0043.jpg
deleting test/images/lacelike_0022.jpg
deleting test/images/lacelike_0011.jpg
deleting test/images/lacelike_0004.jpg
deleting test/images/knitted_0179.jpg
deleting test/images/knitted_0171.jpg
deleting test/images/knitted_0166.jpg
deleting test/images/knitted_0157.jpg
deleting test/images/knitted_0150.jpg
deleting test/images/knitted_0131.jpg
deleting test/images/knitted_0126.jpg
deleting test/images/knitted_0105.jpg
deleting test/images/knitted_0091.jpg
deleting test/images/knitted_0075.jpg
deleting test/images/interlaced_0177.jpg
deleting test/images/interlaced_0169.jpg
deleting test/images/interlaced_0164.jpg
deleting test/images/interlaced_0155.jpg
deleting test/images/interlaced_0148.jpg
deleting test/images/interlaced_0129.jpg
deleting test/images/interlaced_0124.jpg
deleting test/images/interlaced_0102.jpg
deleting test/images/interlaced_0067.jpg
deleting test/images/interlaced_0047.jpg
deleting test/images/honeycombed_0151.jpg
deleting test/images/honeycombed_0143.jpg
deleting test/images/honeycombed_0138.jpg
deleting test/images/honeycombed_0129.jpg
deleting test/images/honeycombed_0122.jpg
deleting test/images/honeycombed_0103.jpg
deleting test/images/honeycombed_0098.jpg
deleting test/images/honeycombed_0067.jpg
deleting test/images/honeycombed_0050.jpg
deleting test/images/honeycombed_0043.jpg
deleting test/images/grooved_0145.jpg
deleting test/images/grooved_0137.jpg
deleting test/images/grooved_0132.jpg
deleting test/images/grooved_0123.jpg
deleting test/images/grooved_0116.jpg
deleting test/images/grooved_0097.jpg
deleting test/images/grooved_0092.jpg
deleting test/images/grooved_0066.jpg
deleting test/images/grooved_0055.jpg
deleting test/images/grooved_0047.jpg
deleting test/images/grid_0111.jpg
deleting test/images/grid_0103.jpg
deleting test/images/grid_0098.jpg
deleting test/images/grid_0088.jpg
deleting test/images/grid_0081.jpg
deleting test/images/grid_0060.jpg
deleting test/images/grid_0055.jpg
deleting test/images/grid_0030.jpg
deleting test/images/grid_0015.jpg
deleting test/images/grid_0005.jpg
deleting test/images/gauzy_0179.jpg
deleting test/images/gauzy_0171.jpg
deleting test/images/gauzy_0166.jpg
deleting test/images/gauzy_0157.jpg
deleting test/images/gauzy_0150.jpg
deleting test/images/gauzy_0131.jpg
deleting test/images/gauzy_0126.jpg
deleting test/images/gauzy_0105.jpg
deleting test/images/gauzy_0090.jpg
deleting test/images/gauzy_0081.jpg
deleting test/images/frilly_0102.jpg
deleting test/images/frilly_0091.jpg
deleting test/images/frilly_0085.jpg
deleting test/images/frilly_0075.jpg
deleting test/images/frilly_0068.jpg
deleting test/images/frilly_0049.jpg
deleting test/images/frilly_0044.jpg
deleting test/images/frilly_0022.jpg
deleting test/images/frilly_0011.jpg
deleting test/images/frilly_0004.jpg
deleting test/images/freckled_0154.jpg
deleting test/images/freckled_0146.jpg
deleting test/images/freckled_0141.jpg
deleting test/images/freckled_0132.jpg
deleting test/images/freckled_0125.jpg
deleting test/images/freckled_0106.jpg
deleting test/images/freckled_0101.jpg
deleting test/images/freckled_0075.jpg
deleting test/images/freckled_0059.jpg
deleting test/images/freckled_0048.jpg
deleting test/images/flecked_0145.jpg
deleting test/images/flecked_0137.jpg
deleting test/images/flecked_0132.jpg
deleting test/images/flecked_0123.jpg
deleting test/images/flecked_0116.jpg
deleting test/images/flecked_0096.jpg
deleting test/images/flecked_0090.jpg
deleting test/images/flecked_0065.jpg
deleting test/images/flecked_0053.jpg
deleting test/images/flecked_0045.jpg
deleting test/images/fibrous_0192.jpg
deleting test/images/fibrous_0184.jpg
deleting test/images/fibrous_0179.jpg
deleting test/images/fibrous_0170.jpg
deleting test/images/fibrous_0163.jpg
deleting test/images/fibrous_0144.jpg
deleting test/images/fibrous_0139.jpg
deleting test/images/fibrous_0118.jpg
deleting test/images/fibrous_0107.jpg
deleting test/images/fibrous_0095.jpg
deleting test/images/dotted_0182.jpg
deleting test/images/dotted_0172.jpg
deleting test/images/dotted_0167.jpg
deleting test/images/dotted_0156.jpg
deleting test/images/dotted_0149.jpg
deleting test/images/dotted_0128.jpg
deleting test/images/dotted_0123.jpg
deleting test/images/dotted_0102.jpg
deleting test/images/dotted_0073.jpg
deleting test/images/dotted_0047.jpg
deleting test/images/crystalline_0196.jpg
deleting test/images/crystalline_0188.jpg
deleting test/images/crystalline_0183.jpg
deleting test/images/crystalline_0174.jpg
deleting test/images/crystalline_0167.jpg
deleting test/images/crystalline_0148.jpg
deleting test/images/crystalline_0143.jpg
deleting test/images/crystalline_0122.jpg
deleting test/images/crystalline_0111.jpg
deleting test/images/crystalline_0104.jpg
deleting test/images/crosshatched_0148.jpg
deleting test/images/crosshatched_0140.jpg
deleting test/images/crosshatched_0135.jpg
deleting test/images/crosshatched_0126.jpg
deleting test/images/crosshatched_0119.jpg
deleting test/images/crosshatched_0100.jpg
deleting test/images/crosshatched_0095.jpg
deleting test/images/crosshatched_0059.jpg
deleting test/images/crosshatched_0048.jpg
deleting test/images/crosshatched_0025.jpg
deleting test/images/cracked_0143.jpg
deleting test/images/cracked_0135.jpg
deleting test/images/cracked_0130.jpg
deleting test/images/cracked_0121.jpg
deleting test/images/cracked_0114.jpg
deleting test/images/cracked_0094.jpg
deleting test/images/cracked_0089.jpg
deleting test/images/cracked_0067.jpg
deleting test/images/cracked_0056.jpg
deleting test/images/cracked_0048.jpg
deleting test/images/cobwebbed_0137.jpg
deleting test/images/cobwebbed_0129.jpg
deleting test/images/cobwebbed_0124.jpg
deleting test/images/cobwebbed_0115.jpg
deleting test/images/cobwebbed_0108.jpg
deleting test/images/cobwebbed_0089.jpg
deleting test/images/cobwebbed_0084.jpg
deleting test/images/cobwebbed_0062.jpg
deleting test/images/cobwebbed_0051.jpg
deleting test/images/cobwebbed_0044.jpg
deleting test/images/chequered_0191.jpg
deleting test/images/chequered_0183.jpg
deleting test/images/chequered_0178.jpg
deleting test/images/chequered_0167.jpg
deleting test/images/chequered_0158.jpg
deleting test/images/chequered_0123.jpg
deleting test/images/chequered_0118.jpg
deleting test/images/chequered_0084.jpg
deleting test/images/chequered_0052.jpg
deleting test/images/chequered_0044.jpg
deleting test/images/bumpy_0179.jpg
deleting test/images/bumpy_0171.jpg
deleting test/images/bumpy_0166.jpg
deleting test/images/bumpy_0157.jpg
deleting test/images/bumpy_0150.jpg
deleting test/images/bumpy_0131.jpg
deleting test/images/bumpy_0126.jpg
deleting test/images/bumpy_0105.jpg
deleting test/images/bumpy_0077.jpg
deleting test/images/bumpy_0059.jpg
deleting test/images/bubbly_0149.jpg
deleting test/images/bubbly_0141.jpg
deleting test/images/bubbly_0136.jpg
deleting test/images/bubbly_0127.jpg
deleting test/images/bubbly_0120.jpg
deleting test/images/bubbly_0101.jpg
deleting test/images/bubbly_0093.jpg
deleting test/images/bubbly_0067.jpg
deleting test/images/bubbly_0052.jpg
deleting test/images/bubbly_0044.jpg
deleting test/images/braided_0173.jpg
deleting test/images/braided_0165.jpg
deleting test/images/braided_0160.jpg
deleting test/images/braided_0151.jpg
deleting test/images/braided_0144.jpg
deleting test/images/braided_0125.jpg
deleting test/images/braided_0120.jpg
deleting test/images/braided_0081.jpg
deleting test/images/braided_0061.jpg
deleting test/images/braided_0008.jpg
deleting test/images/blotchy_0117.jpg
deleting test/images/blotchy_0109.jpg
deleting test/images/blotchy_0104.jpg
deleting test/images/blotchy_0094.jpg
deleting test/images/blotchy_0087.jpg
deleting test/images/blotchy_0066.jpg
deleting test/images/blotchy_0061.jpg
deleting test/images/blotchy_0038.jpg
deleting test/images/blotchy_0025.jpg
deleting test/images/blotchy_0015.jpg
deleting test/images/banded_0125.jpg
deleting test/images/banded_0117.jpg
deleting test/images/banded_0112.jpg
deleting test/images/banded_0103.jpg
deleting test/images/banded_0096.jpg
deleting test/images/banded_0073.jpg
deleting test/images/banded_0066.jpg
deleting test/images/banded_0037.jpg
deleting test/images/banded_0016.jpg
deleting test/images/banded_0006.jpg
deleting test/label_images/zigzagged_0109.jpg
deleting test/label_images/zigzagged_0101.jpg
deleting test/label_images/zigzagged_0096.jpg
deleting test/label_images/zigzagged_0087.jpg
deleting test/label_images/zigzagged_0080.jpg
deleting test/label_images/zigzagged_0061.jpg
deleting test/label_images/zigzagged_0056.jpg
deleting test/label_images/zigzagged_0035.jpg
deleting test/label_images/zigzagged_0021.jpg
deleting test/label_images/zigzagged_0014.jpg
deleting test/label_images/wrinkled_0121.jpg
deleting test/label_images/wrinkled_0113.jpg
deleting test/label_images/wrinkled_0108.jpg
deleting test/label_images/wrinkled_0098.jpg
deleting test/label_images/wrinkled_0090.jpg
deleting test/label_images/wrinkled_0066.jpg
deleting test/label_images/wrinkled_0060.jpg
deleting test/label_images/wrinkled_0038.jpg
deleting test/label_images/wrinkled_0025.jpg
deleting test/label_images/wrinkled_0014.jpg
deleting test/label_images/woven_0107.jpg
deleting test/label_images/woven_0099.jpg
deleting test/label_images/woven_0093.jpg
deleting test/label_images/woven_0081.jpg
deleting test/label_images/woven_0073.jpg
deleting test/label_images/woven_0053.jpg
deleting test/label_images/woven_0048.jpg
deleting test/label_images/woven_0024.jpg
deleting test/label_images/woven_0012.jpg
deleting test/label_images/woven_0004.jpg
deleting test/label_images/waffled_0175.jpg
deleting test/label_images/waffled_0167.jpg
deleting test/label_images/waffled_0162.jpg
deleting test/label_images/waffled_0153.jpg
deleting test/label_images/waffled_0146.jpg
deleting test/label_images/waffled_0126.jpg
deleting test/label_images/waffled_0121.jpg
deleting test/label_images/waffled_0099.jpg
deleting test/label_images/waffled_0063.jpg
deleting test/label_images/waffled_0054.jpg
deleting test/label_images/veined_0165.jpg
deleting test/label_images/veined_0157.jpg
deleting test/label_images/veined_0152.jpg
deleting test/label_images/veined_0143.jpg
deleting test/label_images/veined_0136.jpg
deleting test/label_images/veined_0117.jpg
deleting test/label_images/veined_0112.jpg
deleting test/label_images/veined_0090.jpg
deleting test/label_images/veined_0075.jpg
deleting test/label_images/veined_0067.jpg
deleting test/label_images/swirly_0154.jpg
deleting test/label_images/swirly_0146.jpg
deleting test/label_images/swirly_0141.jpg
deleting test/label_images/swirly_0132.jpg
deleting test/label_images/swirly_0125.jpg
deleting test/label_images/swirly_0105.jpg
deleting test/label_images/swirly_0099.jpg
deleting test/label_images/swirly_0076.jpg
deleting test/label_images/swirly_0065.jpg
deleting test/label_images/swirly_0058.jpg
deleting test/label_images/studded_0193.jpg
deleting test/label_images/studded_0185.jpg
deleting test/label_images/studded_0180.jpg
deleting test/label_images/studded_0170.jpg
deleting test/label_images/studded_0163.jpg
deleting test/label_images/studded_0139.jpg
deleting test/label_images/studded_0134.jpg
deleting test/label_images/studded_0106.jpg
deleting test/label_images/studded_0065.jpg
deleting test/label_images/studded_0020.jpg
deleting test/label_images/striped_0101.jpg
deleting test/label_images/striped_0093.jpg
deleting test/label_images/striped_0088.jpg
deleting test/label_images/striped_0079.jpg
deleting test/label_images/striped_0072.jpg
deleting test/label_images/striped_0052.jpg
deleting test/label_images/striped_0046.jpg
deleting test/label_images/striped_0025.jpg
deleting test/label_images/striped_0013.jpg
deleting test/label_images/striped_0004.jpg
deleting test/label_images/stratified_0150.jpg
deleting test/label_images/stratified_0142.jpg
deleting test/label_images/stratified_0137.jpg
deleting test/label_images/stratified_0128.jpg
deleting test/label_images/stratified_0121.jpg
deleting test/label_images/stratified_0102.jpg
deleting test/label_images/stratified_0097.jpg
deleting test/label_images/stratified_0067.jpg
deleting test/label_images/stratified_0053.jpg
deleting test/label_images/stratified_0045.jpg
deleting test/label_images/stained_0116.jpg
deleting test/label_images/stained_0108.jpg
deleting test/label_images/stained_0103.jpg
deleting test/label_images/stained_0094.jpg
deleting test/label_images/stained_0087.jpg
deleting test/label_images/stained_0068.jpg
deleting test/label_images/stained_0063.jpg
deleting test/label_images/stained_0042.jpg
deleting test/label_images/stained_0031.jpg
deleting test/label_images/stained_0024.jpg
deleting test/label_images/sprinkled_0120.jpg
deleting test/label_images/sprinkled_0112.jpg
deleting test/label_images/sprinkled_0107.jpg
deleting test/label_images/sprinkled_0098.jpg
deleting test/label_images/sprinkled_0090.jpg
deleting test/label_images/sprinkled_0067.jpg
deleting test/label_images/sprinkled_0062.jpg
deleting test/label_images/sprinkled_0040.jpg
deleting test/label_images/sprinkled_0020.jpg
deleting test/label_images/sprinkled_0013.jpg
deleting test/label_images/spiralled_0116.jpg
deleting test/label_images/spiralled_0108.jpg
deleting test/label_images/spiralled_0103.jpg
deleting test/label_images/spiralled_0093.jpg
deleting test/label_images/spiralled_0085.jpg
deleting test/label_images/spiralled_0065.jpg
deleting test/label_images/spiralled_0056.jpg
deleting test/label_images/spiralled_0033.jpg
deleting test/label_images/spiralled_0018.jpg
deleting test/label_images/spiralled_0011.jpg
deleting test/label_images/smeared_0126.jpg
deleting test/label_images/smeared_0118.jpg
deleting test/label_images/smeared_0113.jpg
deleting test/label_images/smeared_0103.jpg
deleting test/label_images/smeared_0095.jpg
deleting test/label_images/smeared_0073.jpg
deleting test/label_images/smeared_0067.jpg
deleting test/label_images/smeared_0041.jpg
deleting test/label_images/smeared_0029.jpg
deleting test/label_images/smeared_0020.jpg
deleting test/label_images/scaly_0201.jpg
deleting test/label_images/scaly_0192.jpg
deleting test/label_images/scaly_0187.jpg
deleting test/label_images/scaly_0178.jpg
deleting test/label_images/scaly_0171.jpg
deleting test/label_images/scaly_0152.jpg
deleting test/label_images/scaly_0147.jpg
deleting test/label_images/scaly_0126.jpg
deleting test/label_images/scaly_0115.jpg
deleting test/label_images/scaly_0107.jpg
deleting test/label_images/potholed_0147.jpg
deleting test/label_images/potholed_0139.jpg
deleting test/label_images/potholed_0134.jpg
deleting test/label_images/potholed_0125.jpg
deleting test/label_images/potholed_0118.jpg
deleting test/label_images/potholed_0099.jpg
deleting test/label_images/potholed_0092.jpg
deleting test/label_images/potholed_0066.jpg
deleting test/label_images/potholed_0050.jpg
deleting test/label_images/potholed_0043.jpg
deleting test/label_images/porous_0152.jpg
deleting test/label_images/porous_0144.jpg
deleting test/label_images/porous_0139.jpg
deleting test/label_images/porous_0130.jpg
deleting test/label_images/porous_0123.jpg
deleting test/label_images/porous_0104.jpg
deleting test/label_images/porous_0099.jpg
deleting test/label_images/porous_0072.jpg
deleting test/label_images/porous_0057.jpg
deleting test/label_images/porous_0046.jpg
deleting test/label_images/polka-dotted_0204.jpg
deleting test/label_images/polka-dotted_0195.jpg
deleting test/label_images/polka-dotted_0188.jpg
deleting test/label_images/polka-dotted_0179.jpg
deleting test/label_images/polka-dotted_0168.jpg
deleting test/label_images/polka-dotted_0140.jpg
deleting test/label_images/polka-dotted_0134.jpg
deleting test/label_images/polka-dotted_0112.jpg
deleting test/label_images/polka-dotted_0097.jpg
deleting test/label_images/polka-dotted_0069.jpg
deleting test/label_images/pleated_0149.jpg
deleting test/label_images/pleated_0141.jpg
deleting test/label_images/pleated_0136.jpg
deleting test/label_images/pleated_0127.jpg
deleting test/label_images/pleated_0120.jpg
deleting test/label_images/pleated_0101.jpg
deleting test/label_images/pleated_0096.jpg
deleting test/label_images/pleated_0067.jpg
deleting test/label_images/pleated_0054.jpg
deleting test/label_images/pleated_0047.jpg
deleting test/label_images/pitted_0138.jpg
deleting test/label_images/pitted_0130.jpg
deleting test/label_images/pitted_0125.jpg
deleting test/label_images/pitted_0116.jpg
deleting test/label_images/pitted_0109.jpg
deleting test/label_images/pitted_0078.jpg
deleting test/label_images/pitted_0073.jpg
deleting test/label_images/pitted_0038.jpg
deleting test/label_images/pitted_0011.jpg
deleting test/label_images/pitted_0004.jpg
deleting test/label_images/perforated_0148.jpg
deleting test/label_images/perforated_0140.jpg
deleting test/label_images/perforated_0135.jpg
deleting test/label_images/perforated_0126.jpg
deleting test/label_images/perforated_0119.jpg
deleting test/label_images/perforated_0097.jpg
deleting test/label_images/perforated_0085.jpg
deleting test/label_images/perforated_0042.jpg
deleting test/label_images/perforated_0025.jpg
deleting test/label_images/perforated_0012.jpg
deleting test/label_images/paisley_0107.jpg
deleting test/label_images/paisley_0099.jpg
deleting test/label_images/paisley_0094.jpg
deleting test/label_images/paisley_0084.jpg
deleting test/label_images/paisley_0077.jpg
deleting test/label_images/paisley_0052.jpg
deleting test/label_images/paisley_0047.jpg
deleting test/label_images/paisley_0023.jpg
deleting test/label_images/paisley_0011.jpg
deleting test/label_images/paisley_0004.jpg
deleting test/label_images/meshed_0166.jpg
deleting test/label_images/meshed_0158.jpg
deleting test/label_images/meshed_0153.jpg
deleting test/label_images/meshed_0144.jpg
deleting test/label_images/meshed_0137.jpg
deleting test/label_images/meshed_0118.jpg
deleting test/label_images/meshed_0113.jpg
deleting test/label_images/meshed_0072.jpg
deleting test/label_images/meshed_0042.jpg
deleting test/label_images/meshed_0025.jpg
deleting test/label_images/matted_0142.jpg
deleting test/label_images/matted_0134.jpg
deleting test/label_images/matted_0129.jpg
deleting test/label_images/matted_0120.jpg
deleting test/label_images/matted_0113.jpg
deleting test/label_images/matted_0089.jpg
deleting test/label_images/matted_0083.jpg
deleting test/label_images/matted_0054.jpg
deleting test/label_images/matted_0038.jpg
deleting test/label_images/matted_0026.jpg
deleting test/label_images/marbled_0170.jpg
deleting test/label_images/marbled_0162.jpg
deleting test/label_images/marbled_0157.jpg
deleting test/label_images/marbled_0148.jpg
deleting test/label_images/marbled_0141.jpg
deleting test/label_images/marbled_0121.jpg
deleting test/label_images/marbled_0116.jpg
deleting test/label_images/marbled_0095.jpg
deleting test/label_images/marbled_0082.jpg
deleting test/label_images/marbled_0074.jpg
deleting test/label_images/lined_0153.jpg
deleting test/label_images/lined_0143.jpg
deleting test/label_images/lined_0137.jpg
deleting test/label_images/lined_0128.jpg
deleting test/label_images/lined_0121.jpg
deleting test/label_images/lined_0101.jpg
deleting test/label_images/lined_0087.jpg
deleting test/label_images/lined_0057.jpg
deleting test/label_images/lined_0036.jpg
deleting test/label_images/lined_0023.jpg
deleting test/label_images/lacelike_0097.jpg
deleting test/label_images/lacelike_0088.jpg
deleting test/label_images/lacelike_0083.jpg
deleting test/label_images/lacelike_0074.jpg
deleting test/label_images/lacelike_0067.jpg
deleting test/label_images/lacelike_0048.jpg
deleting test/label_images/lacelike_0043.jpg
deleting test/label_images/lacelike_0022.jpg
deleting test/label_images/lacelike_0011.jpg
deleting test/label_images/lacelike_0004.jpg
deleting test/label_images/knitted_0179.jpg
deleting test/label_images/knitted_0171.jpg
deleting test/label_images/knitted_0166.jpg
deleting test/label_images/knitted_0157.jpg
deleting test/label_images/knitted_0150.jpg
deleting test/label_images/knitted_0131.jpg
deleting test/label_images/knitted_0126.jpg
deleting test/label_images/knitted_0105.jpg
deleting test/label_images/knitted_0091.jpg
deleting test/label_images/knitted_0075.jpg
deleting test/label_images/interlaced_0177.jpg
deleting test/label_images/interlaced_0169.jpg
deleting test/label_images/interlaced_0164.jpg
deleting test/label_images/interlaced_0155.jpg
deleting test/label_images/interlaced_0148.jpg
deleting test/label_images/interlaced_0129.jpg
deleting test/label_images/interlaced_0124.jpg
deleting test/label_images/interlaced_0102.jpg
deleting test/label_images/interlaced_0067.jpg
deleting test/label_images/interlaced_0047.jpg
deleting test/label_images/honeycombed_0151.jpg
deleting test/label_images/honeycombed_0143.jpg
deleting test/label_images/honeycombed_0138.jpg
deleting test/label_images/honeycombed_0129.jpg
deleting test/label_images/honeycombed_0122.jpg
deleting test/label_images/honeycombed_0103.jpg
deleting test/label_images/honeycombed_0098.jpg
deleting test/label_images/honeycombed_0067.jpg
deleting test/label_images/honeycombed_0050.jpg
deleting test/label_images/honeycombed_0043.jpg
deleting test/label_images/grooved_0145.jpg
deleting test/label_images/grooved_0137.jpg
deleting test/label_images/grooved_0132.jpg
deleting test/label_images/grooved_0123.jpg
deleting test/label_images/grooved_0116.jpg
deleting test/label_images/grooved_0097.jpg
deleting test/label_images/grooved_0092.jpg
deleting test/label_images/grooved_0066.jpg
deleting test/label_images/grooved_0055.jpg
deleting test/label_images/grooved_0047.jpg
deleting test/label_images/grid_0111.jpg
deleting test/label_images/grid_0103.jpg
deleting test/label_images/grid_0098.jpg
deleting test/label_images/grid_0088.jpg
deleting test/label_images/grid_0081.jpg
deleting test/label_images/grid_0060.jpg
deleting test/label_images/grid_0055.jpg
deleting test/label_images/grid_0030.jpg
deleting test/label_images/grid_0015.jpg
deleting test/label_images/grid_0005.jpg
deleting test/label_images/gauzy_0179.jpg
deleting test/label_images/gauzy_0171.jpg
deleting test/label_images/gauzy_0166.jpg
deleting test/label_images/gauzy_0157.jpg
deleting test/label_images/gauzy_0150.jpg
deleting test/label_images/gauzy_0131.jpg
deleting test/label_images/gauzy_0126.jpg
deleting test/label_images/gauzy_0105.jpg
deleting test/label_images/gauzy_0090.jpg
deleting test/label_images/gauzy_0081.jpg
deleting test/label_images/frilly_0102.jpg
deleting test/label_images/frilly_0091.jpg
deleting test/label_images/frilly_0085.jpg
deleting test/label_images/frilly_0075.jpg
deleting test/label_images/frilly_0068.jpg
deleting test/label_images/frilly_0049.jpg
deleting test/label_images/frilly_0044.jpg
deleting test/label_images/frilly_0022.jpg
deleting test/label_images/frilly_0011.jpg
deleting test/label_images/frilly_0004.jpg
deleting test/label_images/freckled_0154.jpg
deleting test/label_images/freckled_0146.jpg
deleting test/label_images/freckled_0141.jpg
deleting test/label_images/freckled_0132.jpg
deleting test/label_images/freckled_0125.jpg
deleting test/label_images/freckled_0106.jpg
deleting test/label_images/freckled_0101.jpg
deleting test/label_images/freckled_0075.jpg
deleting test/label_images/freckled_0059.jpg
deleting test/label_images/freckled_0048.jpg
deleting test/label_images/flecked_0145.jpg
deleting test/label_images/flecked_0137.jpg
deleting test/label_images/flecked_0132.jpg
deleting test/label_images/flecked_0123.jpg
deleting test/label_images/flecked_0116.jpg
deleting test/label_images/flecked_0096.jpg
deleting test/label_images/flecked_0090.jpg
deleting test/label_images/flecked_0065.jpg
deleting test/label_images/flecked_0053.jpg
deleting test/label_images/flecked_0045.jpg
deleting test/label_images/fibrous_0192.jpg
deleting test/label_images/fibrous_0184.jpg
deleting test/label_images/fibrous_0179.jpg
deleting test/label_images/fibrous_0170.jpg
deleting test/label_images/fibrous_0163.jpg
deleting test/label_images/fibrous_0144.jpg
deleting test/label_images/fibrous_0139.jpg
deleting test/label_images/fibrous_0118.jpg
deleting test/label_images/fibrous_0107.jpg
deleting test/label_images/fibrous_0095.jpg
deleting test/label_images/dotted_0182.jpg
deleting test/label_images/dotted_0172.jpg
deleting test/label_images/dotted_0167.jpg
deleting test/label_images/dotted_0156.jpg
deleting test/label_images/dotted_0149.jpg
deleting test/label_images/dotted_0128.jpg
deleting test/label_images/dotted_0123.jpg
deleting test/label_images/dotted_0102.jpg
deleting test/label_images/dotted_0073.jpg
deleting test/label_images/dotted_0047.jpg
deleting test/label_images/crystalline_0196.jpg
deleting test/label_images/crystalline_0188.jpg
deleting test/label_images/crystalline_0183.jpg
deleting test/label_images/crystalline_0174.jpg
deleting test/label_images/crystalline_0167.jpg
deleting test/label_images/crystalline_0148.jpg
deleting test/label_images/crystalline_0143.jpg
deleting test/label_images/crystalline_0122.jpg
deleting test/label_images/crystalline_0111.jpg
deleting test/label_images/crystalline_0104.jpg
deleting test/label_images/crosshatched_0148.jpg
deleting test/label_images/crosshatched_0140.jpg
deleting test/label_images/crosshatched_0135.jpg
deleting test/label_images/crosshatched_0126.jpg
deleting test/label_images/crosshatched_0119.jpg
deleting test/label_images/crosshatched_0100.jpg
deleting test/label_images/crosshatched_0095.jpg
deleting test/label_images/crosshatched_0059.jpg
deleting test/label_images/crosshatched_0048.jpg
deleting test/label_images/crosshatched_0025.jpg
deleting test/label_images/cracked_0143.jpg
deleting test/label_images/cracked_0135.jpg
deleting test/label_images/cracked_0130.jpg
deleting test/label_images/cracked_0121.jpg
deleting test/label_images/cracked_0114.jpg
deleting test/label_images/cracked_0094.jpg
deleting test/label_images/cracked_0089.jpg
deleting test/label_images/cracked_0067.jpg
deleting test/label_images/cracked_0056.jpg
deleting test/label_images/cracked_0048.jpg
deleting test/label_images/cobwebbed_0137.jpg
deleting test/label_images/cobwebbed_0129.jpg
deleting test/label_images/cobwebbed_0124.jpg
deleting test/label_images/cobwebbed_0115.jpg
deleting test/label_images/cobwebbed_0108.jpg
deleting test/label_images/cobwebbed_0089.jpg
deleting test/label_images/cobwebbed_0084.jpg
deleting test/label_images/cobwebbed_0062.jpg
deleting test/label_images/cobwebbed_0051.jpg
deleting test/label_images/cobwebbed_0044.jpg
deleting test/label_images/chequered_0191.jpg
deleting test/label_images/chequered_0183.jpg
deleting test/label_images/chequered_0178.jpg
deleting test/label_images/chequered_0167.jpg
deleting test/label_images/chequered_0158.jpg
deleting test/label_images/chequered_0123.jpg
deleting test/label_images/chequered_0118.jpg
deleting test/label_images/chequered_0084.jpg
deleting test/label_images/chequered_0052.jpg
deleting test/label_images/chequered_0044.jpg
deleting test/label_images/bumpy_0179.jpg
deleting test/label_images/bumpy_0171.jpg
deleting test/label_images/bumpy_0166.jpg
deleting test/label_images/bumpy_0157.jpg
deleting test/label_images/bumpy_0150.jpg
deleting test/label_images/bumpy_0131.jpg
deleting test/label_images/bumpy_0126.jpg
deleting test/label_images/bumpy_0105.jpg
deleting test/label_images/bumpy_0077.jpg
deleting test/label_images/bumpy_0059.jpg
deleting test/label_images/bubbly_0149.jpg
deleting test/label_images/bubbly_0141.jpg
deleting test/label_images/bubbly_0136.jpg
deleting test/label_images/bubbly_0127.jpg
deleting test/label_images/bubbly_0120.jpg
deleting test/label_images/bubbly_0101.jpg
deleting test/label_images/bubbly_0093.jpg
deleting test/label_images/bubbly_0067.jpg
deleting test/label_images/bubbly_0052.jpg
deleting test/label_images/bubbly_0044.jpg
deleting test/label_images/braided_0173.jpg
deleting test/label_images/braided_0165.jpg
deleting test/label_images/braided_0160.jpg
deleting test/label_images/braided_0151.jpg
deleting test/label_images/braided_0144.jpg
deleting test/label_images/braided_0125.jpg
deleting test/label_images/braided_0120.jpg
deleting test/label_images/braided_0081.jpg
deleting test/label_images/braided_0061.jpg
deleting test/label_images/braided_0008.jpg
deleting test/label_images/blotchy_0117.jpg
deleting test/label_images/blotchy_0109.jpg
deleting test/label_images/blotchy_0104.jpg
deleting test/label_images/blotchy_0094.jpg
deleting test/label_images/blotchy_0087.jpg
deleting test/label_images/blotchy_0066.jpg
deleting test/label_images/blotchy_0061.jpg
deleting test/label_images/blotchy_0038.jpg
deleting test/label_images/blotchy_0025.jpg
deleting test/label_images/blotchy_0015.jpg
deleting test/label_images/banded_0125.jpg
deleting test/label_images/banded_0117.jpg
deleting test/label_images/banded_0112.jpg
deleting test/label_images/banded_0103.jpg
deleting test/label_images/banded_0096.jpg
deleting test/label_images/banded_0073.jpg
deleting test/label_images/banded_0066.jpg
deleting test/label_images/banded_0037.jpg
deleting test/label_images/banded_0016.jpg
deleting test/label_images/banded_0006.jpg
use 3 GPU(s)
  0%|          | 0/470 [00:00<?, ?it/s][('continue_from_epoch', '-1'), ('seed', '0'), ('task', 'regression'), ('use_gpu', 'True'), ('gpu_id', '0,1,2'), ('model_name', 'context_encoder'), ('kernel_size', '4'), ('num_layers_enc', '6'), ('num_channels_enc', '64'), ('num_channels_progression_enc', '[1, 1, 2, 4, 8]'), ('num_channels_bottleneck', '8192'), ('num_layers_dec', '6'), ('num_channels_dec', '64'), ('num_channels_progression_dec', '[8, 4, 2, 1, 1]'), ('dataset_name', 'DescribableTextures'), ('num_image_channels', '3'), ('image_height', '128'), ('image_width', '128'), ('normalisation', 'range-11'), ('scale_image', 'None'), ('data_format', 'autoencoding'), ('debug_mode', 'False'), ('num_workers', '6'), ('augment', 'False'), ('gamma_factor', '1'), ('rot_angle', '0'), ('translate_factor', '[0, 0]'), ('scale_factor', '1'), ('shear_angle', '0'), ('patch_mode', 'True'), ('patch_size', '[128, 128]'), ('patch_location_during_training', 'random'), ('patch_rejection_threshold', '10'), ('mask_size', '[64, 64]'), ('batch_size', '50'), ('loss', 'L2'), ('num_epochs', '200'), ('learning_rate', '0.0002'), ('betas', '[0.5, 0.999]'), ('weight_decay_coefficient', '0'), ('anomaly_dataset_name', 'DTPathologicalIrreg1'), ('AD_patch_stride', '[10, 10]'), ('measure_of_anomaly', 'absolute distance'), ('window_aggregation_method', 'min'), ('save_anomaly_maps', 'True'), ('AD_margins', '[128, 128]'), ('AD_batch_size', '50'), ('experiment_name', 'AE_DTD_r3_patch_128_bn_8192___AD_window_min')]
Loading data from:  /disk/scratch/s1890594/data/DTPathologicalIrreg1
Loading data from:  /disk/scratch/s1890594/data/DTPathologicalIrreg1
  0%|          | 1/470 [01:01<8:02:21, 61.71s/it]  0%|          | 2/470 [01:33<6:50:13, 52.59s/it]  1%|          | 3/470 [02:29<6:59:13, 53.86s/it]  1%|          | 4/470 [02:43<5:23:29, 41.65s/it]  1%|          | 5/470 [03:18<5:09:02, 39.88s/it]  1%|▏         | 6/470 [03:24<3:48:23, 29.53s/it]  1%|▏         | 7/470 [03:30<2:54:19, 22.59s/it]  2%|▏         | 8/470 [04:14<3:43:20, 29.00s/it]  2%|▏         | 9/470 [04:20<2:49:30, 22.06s/it]  2%|▏         | 10/470 [04:27<2:13:50, 17.46s/it]  2%|▏         | 11/470 [04:55<2:37:57, 20.65s/it]  3%|▎         | 12/470 [05:30<3:11:26, 25.08s/it]  3%|▎         | 13/470 [05:53<3:05:51, 24.40s/it]  3%|▎         | 14/470 [06:38<3:52:20, 30.57s/it]  3%|▎         | 15/470 [07:06<3:45:25, 29.73s/it]  3%|▎         | 16/470 [07:39<3:53:22, 30.84s/it]  4%|▎         | 17/470 [08:14<4:01:23, 31.97s/it]  4%|▍         | 18/470 [08:22<3:07:17, 24.86s/it]  4%|▍         | 19/470 [08:34<2:37:42, 20.98s/it]  4%|▍         | 20/470 [09:23<3:41:29, 29.53s/it]  4%|▍         | 21/470 [10:04<4:06:29, 32.94s/it]  5%|▍         | 22/470 [10:38<4:06:42, 33.04s/it]  5%|▍         | 23/470 [10:43<3:04:53, 24.82s/it]  5%|▌         | 24/470 [10:54<2:33:05, 20.60s/it]  5%|▌         | 25/470 [10:59<1:58:00, 15.91s/it]  6%|▌         | 26/470 [11:11<1:48:35, 14.67s/it]  6%|▌         | 27/470 [11:22<1:41:17, 13.72s/it]  6%|▌         | 28/470 [11:32<1:31:23, 12.41s/it]  6%|▌         | 29/470 [11:40<1:22:04, 11.17s/it]  6%|▋         | 30/470 [11:44<1:07:06,  9.15s/it]  7%|▋         | 31/470 [11:48<55:37,  7.60s/it]    7%|▋         | 32/470 [12:17<1:42:22, 14.02s/it]  7%|▋         | 33/470 [12:23<1:23:49, 11.51s/it]  7%|▋         | 34/470 [13:07<2:35:00, 21.33s/it]  7%|▋         | 35/470 [13:53<3:28:22, 28.74s/it]  8%|▊         | 36/470 [14:17<3:17:35, 27.32s/it]  8%|▊         | 37/470 [14:47<3:22:43, 28.09s/it]  8%|▊         | 38/470 [14:52<2:32:38, 21.20s/it]  8%|▊         | 39/470 [15:02<2:07:37, 17.77s/it]  9%|▊         | 40/470 [15:18<2:03:41, 17.26s/it]  9%|▊         | 41/470 [16:16<3:31:27, 29.58s/it]  9%|▉         | 42/470 [16:24<2:44:45, 23.10s/it]  9%|▉         | 43/470 [16:29<2:05:35, 17.65s/it]  9%|▉         | 44/470 [16:35<1:39:10, 13.97s/it] 10%|▉         | 45/470 [16:39<1:17:50, 10.99s/it] 10%|▉         | 46/470 [16:52<1:21:54, 11.59s/it] 10%|█         | 47/470 [16:57<1:09:08,  9.81s/it] 10%|█         | 48/470 [17:12<1:19:15, 11.27s/it] 10%|█         | 49/470 [17:29<1:31:47, 13.08s/it] 11%|█         | 50/470 [17:34<1:13:44, 10.53s/it] 11%|█         | 51/470 [18:17<2:21:45, 20.30s/it] 11%|█         | 52/470 [19:15<3:40:56, 31.72s/it] 11%|█▏        | 53/470 [20:01<4:09:07, 35.84s/it] 11%|█▏        | 54/470 [20:21<3:35:18, 31.05s/it] 12%|█▏        | 55/470 [20:27<2:44:19, 23.76s/it] 12%|█▏        | 56/470 [20:40<2:20:43, 20.40s/it] 12%|█▏        | 57/470 [21:00<2:19:41, 20.30s/it] 12%|█▏        | 58/470 [21:07<1:51:06, 16.18s/it] 13%|█▎        | 59/470 [21:15<1:34:54, 13.86s/it] 13%|█▎        | 60/470 [21:35<1:46:48, 15.63s/it] 13%|█▎        | 61/470 [21:45<1:35:08, 13.96s/it] 13%|█▎        | 62/470 [22:00<1:38:13, 14.44s/it] 13%|█▎        | 63/470 [22:40<2:28:11, 21.85s/it] 14%|█▎        | 64/470 [23:04<2:32:20, 22.51s/it] 14%|█▍        | 65/470 [23:12<2:03:13, 18.26s/it] 14%|█▍        | 66/470 [23:23<1:47:28, 15.96s/it] 14%|█▍        | 67/470 [23:54<2:17:53, 20.53s/it] 14%|█▍        | 68/470 [24:10<2:09:08, 19.27s/it] 15%|█▍        | 69/470 [24:50<2:49:45, 25.40s/it] 15%|█▍        | 70/470 [25:05<2:28:06, 22.22s/it] 15%|█▌        | 71/470 [25:18<2:10:01, 19.55s/it] 15%|█▌        | 72/470 [25:30<1:54:43, 17.30s/it] 16%|█▌        | 73/470 [26:03<2:26:34, 22.15s/it] 16%|█▌        | 74/470 [26:16<2:06:55, 19.23s/it] 16%|█▌        | 75/470 [26:32<2:01:02, 18.39s/it] 16%|█▌        | 76/470 [27:03<2:25:48, 22.21s/it] 16%|█▋        | 77/470 [27:15<2:05:37, 19.18s/it] 17%|█▋        | 78/470 [27:38<2:12:34, 20.29s/it] 17%|█▋        | 79/470 [28:29<3:11:11, 29.34s/it] 17%|█▋        | 80/470 [29:04<3:21:18, 30.97s/it] 17%|█▋        | 81/470 [29:11<2:34:33, 23.84s/it] 17%|█▋        | 82/470 [29:18<2:00:58, 18.71s/it] 18%|█▊        | 83/470 [29:39<2:06:07, 19.55s/it] 18%|█▊        | 84/470 [30:05<2:18:34, 21.54s/it] 18%|█▊        | 85/470 [30:53<3:09:20, 29.51s/it] 18%|█▊        | 86/470 [30:59<2:23:47, 22.47s/it] 19%|█▊        | 87/470 [31:14<2:08:10, 20.08s/it] 19%|█▊        | 88/470 [31:43<2:24:57, 22.77s/it] 19%|█▉        | 89/470 [32:09<2:31:43, 23.89s/it] 19%|█▉        | 90/470 [32:51<3:04:16, 29.10s/it] 19%|█▉        | 91/470 [33:37<3:35:59, 34.19s/it] 20%|█▉        | 92/470 [33:44<2:44:09, 26.06s/it] 20%|█▉        | 93/470 [34:04<2:32:21, 24.25s/it] 20%|██        | 94/470 [34:25<2:25:50, 23.27s/it] 20%|██        | 95/470 [34:36<2:02:10, 19.55s/it] 20%|██        | 96/470 [34:53<1:58:24, 19.00s/it] 21%|██        | 97/470 [35:17<2:05:59, 20.27s/it] 21%|██        | 98/470 [35:48<2:26:00, 23.55s/it] 21%|██        | 99/470 [36:08<2:20:05, 22.66s/it] 21%|██▏       | 100/470 [36:15<1:50:29, 17.92s/it] 21%|██▏       | 101/470 [36:33<1:50:40, 18.00s/it] 22%|██▏       | 102/470 [36:42<1:32:17, 15.05s/it] 22%|██▏       | 103/470 [36:51<1:21:05, 13.26s/it] 22%|██▏       | 104/470 [37:39<2:25:08, 23.79s/it] 22%|██▏       | 105/470 [37:47<1:55:09, 18.93s/it] 23%|██▎       | 106/470 [37:52<1:30:56, 14.99s/it] 23%|██▎       | 107/470 [38:06<1:27:38, 14.49s/it] 23%|██▎       | 108/470 [38:54<2:28:31, 24.62s/it] 23%|██▎       | 109/470 [39:33<2:53:28, 28.83s/it] 23%|██▎       | 110/470 [39:47<2:27:19, 24.55s/it] 24%|██▎       | 111/470 [40:02<2:08:39, 21.50s/it] 24%|██▍       | 112/470 [40:26<2:12:33, 22.22s/it] 24%|██▍       | 113/470 [41:15<3:00:17, 30.30s/it] 24%|██▍       | 114/470 [41:21<2:17:01, 23.09s/it] 24%|██▍       | 115/470 [41:56<2:37:42, 26.65s/it] 25%|██▍       | 116/470 [42:10<2:15:39, 22.99s/it] 25%|██▍       | 117/470 [42:52<2:47:36, 28.49s/it] 25%|██▌       | 118/470 [43:05<2:19:32, 23.79s/it] 25%|██▌       | 119/470 [43:10<1:46:32, 18.21s/it] 26%|██▌       | 120/470 [44:07<2:54:56, 29.99s/it] 26%|██▌       | 121/470 [44:48<3:12:48, 33.15s/it] 26%|██▌       | 122/470 [45:58<4:16:02, 44.15s/it] 26%|██▌       | 123/470 [46:15<3:28:25, 36.04s/it] 26%|██▋       | 124/470 [46:47<3:20:36, 34.79s/it] 27%|██▋       | 125/470 [47:08<2:57:53, 30.94s/it] 27%|██▋       | 126/470 [48:02<3:36:12, 37.71s/it] 27%|██▋       | 127/470 [48:12<2:48:42, 29.51s/it] 27%|██▋       | 128/470 [48:34<2:35:28, 27.28s/it] 27%|██▋       | 129/470 [48:40<1:57:53, 20.74s/it] 28%|██▊       | 130/470 [48:46<1:32:22, 16.30s/it] 28%|██▊       | 131/470 [48:56<1:21:02, 14.34s/it] 28%|██▊       | 132/470 [49:11<1:22:55, 14.72s/it] 28%|██▊       | 133/470 [49:21<1:13:38, 13.11s/it] 29%|██▊       | 134/470 [49:31<1:09:29, 12.41s/it] 29%|██▊       | 135/470 [49:36<56:23, 10.10s/it]   29%|██▉       | 136/470 [49:46<55:16,  9.93s/it] 29%|██▉       | 137/470 [49:51<47:17,  8.52s/it] 29%|██▉       | 138/470 [49:55<39:05,  7.07s/it] 30%|██▉       | 139/470 [50:00<36:48,  6.67s/it] 30%|██▉       | 140/470 [50:07<37:31,  6.82s/it] 30%|███       | 141/470 [50:39<1:17:33, 14.14s/it] 30%|███       | 142/470 [51:11<1:46:44, 19.52s/it] 30%|███       | 143/470 [51:39<2:00:36, 22.13s/it] 31%|███       | 144/470 [52:00<1:59:13, 21.94s/it] 31%|███       | 145/470 [52:22<1:58:32, 21.88s/it] 31%|███       | 146/470 [52:42<1:55:00, 21.30s/it] 31%|███▏      | 147/470 [53:00<1:48:31, 20.16s/it] 31%|███▏      | 148/470 [53:35<2:13:25, 24.86s/it] 32%|███▏      | 149/470 [54:02<2:16:17, 25.48s/it] 32%|███▏      | 150/470 [54:39<2:33:12, 28.73s/it] 32%|███▏      | 151/470 [55:12<2:39:23, 29.98s/it] 32%|███▏      | 152/470 [55:17<1:59:58, 22.64s/it] 33%|███▎      | 153/470 [55:34<1:50:05, 20.84s/it] 33%|███▎      | 154/470 [55:46<1:36:24, 18.31s/it] 33%|███▎      | 155/470 [56:22<2:03:30, 23.52s/it] 33%|███▎      | 156/470 [56:38<1:52:05, 21.42s/it] 33%|███▎      | 157/470 [57:14<2:14:06, 25.71s/it] 34%|███▎      | 158/470 [58:00<2:44:27, 31.63s/it] 34%|███▍      | 159/470 [58:33<2:46:12, 32.07s/it] 34%|███▍      | 160/470 [58:39<2:06:04, 24.40s/it] 34%|███▍      | 161/470 [59:06<2:09:23, 25.12s/it] 34%|███▍      | 162/470 [59:40<2:22:11, 27.70s/it] 35%|███▍      | 163/470 [59:50<1:54:55, 22.46s/it] 35%|███▍      | 164/470 [1:00:01<1:37:33, 19.13s/it] 35%|███▌      | 165/470 [1:00:21<1:38:43, 19.42s/it] 35%|███▌      | 166/470 [1:00:56<2:01:51, 24.05s/it] 36%|███▌      | 167/470 [1:01:33<2:20:50, 27.89s/it] 36%|███▌      | 168/470 [1:01:40<1:48:11, 21.49s/it] 36%|███▌      | 169/470 [1:01:46<1:24:45, 16.90s/it] 36%|███▌      | 170/470 [1:01:55<1:12:42, 14.54s/it] 36%|███▋      | 171/470 [1:02:00<57:46, 11.59s/it]   37%|███▋      | 172/470 [1:02:13<1:00:46, 12.24s/it] 37%|███▋      | 173/470 [1:02:40<1:22:44, 16.72s/it] 37%|███▋      | 174/470 [1:02:50<1:11:18, 14.46s/it] 37%|███▋      | 175/470 [1:03:13<1:23:47, 17.04s/it] 37%|███▋      | 176/470 [1:03:19<1:07:27, 13.77s/it] 38%|███▊      | 177/470 [1:03:33<1:07:15, 13.77s/it] 38%|███▊      | 178/470 [1:03:46<1:06:53, 13.75s/it] 38%|███▊      | 179/470 [1:04:04<1:13:01, 15.06s/it] 38%|███▊      | 180/470 [1:04:10<58:43, 12.15s/it]   39%|███▊      | 181/470 [1:04:44<1:30:07, 18.71s/it] 39%|███▊      | 182/470 [1:05:42<2:26:11, 30.46s/it] 39%|███▉      | 183/470 [1:05:45<1:47:19, 22.44s/it] 39%|███▉      | 184/470 [1:06:00<1:35:12, 19.97s/it] 39%|███▉      | 185/470 [1:07:02<2:34:53, 32.61s/it] 40%|███▉      | 186/470 [1:07:31<2:29:38, 31.62s/it] 40%|███▉      | 187/470 [1:08:09<2:38:30, 33.60s/it] 40%|████      | 188/470 [1:08:25<2:12:58, 28.29s/it] 40%|████      | 189/470 [1:08:42<1:56:06, 24.79s/it] 40%|████      | 190/470 [1:09:23<2:18:52, 29.76s/it] 41%|████      | 191/470 [1:09:30<1:46:53, 22.99s/it] 41%|████      | 192/470 [1:09:40<1:27:38, 18.92s/it] 41%|████      | 193/470 [1:09:54<1:21:18, 17.61s/it] 41%|████▏     | 194/470 [1:10:16<1:27:01, 18.92s/it] 41%|████▏     | 195/470 [1:10:41<1:34:55, 20.71s/it] 42%|████▏     | 196/470 [1:10:56<1:26:09, 18.87s/it] 42%|████▏     | 197/470 [1:11:03<1:09:23, 15.25s/it] 42%|████▏     | 198/470 [1:11:13<1:02:35, 13.81s/it] 42%|████▏     | 199/470 [1:12:07<1:56:11, 25.73s/it] 43%|████▎     | 200/470 [1:12:14<1:31:49, 20.41s/it] 43%|████▎     | 201/470 [1:12:49<1:51:01, 24.76s/it] 43%|████▎     | 202/470 [1:13:44<2:30:05, 33.60s/it] 43%|████▎     | 203/470 [1:13:52<1:55:59, 26.07s/it] 43%|████▎     | 204/470 [1:14:56<2:45:32, 37.34s/it] 44%|████▎     | 205/470 [1:15:23<2:32:09, 34.45s/it] 44%|████▍     | 206/470 [1:15:53<2:24:59, 32.95s/it] 44%|████▍     | 207/470 [1:16:49<2:54:41, 39.85s/it] 44%|████▍     | 208/470 [1:16:53<2:07:12, 29.13s/it] 44%|████▍     | 209/470 [1:17:02<1:39:54, 22.97s/it] 45%|████▍     | 210/470 [1:17:11<1:21:46, 18.87s/it] 45%|████▍     | 211/470 [1:17:20<1:09:16, 16.05s/it] 45%|████▌     | 212/470 [1:17:32<1:02:41, 14.58s/it] 45%|████▌     | 213/470 [1:17:56<1:15:34, 17.65s/it] 46%|████▌     | 214/470 [1:18:33<1:40:12, 23.49s/it] 46%|████▌     | 215/470 [1:18:41<1:20:02, 18.83s/it] 46%|████▌     | 216/470 [1:19:24<1:49:26, 25.85s/it] 46%|████▌     | 217/470 [1:19:52<1:52:08, 26.60s/it] 46%|████▋     | 218/470 [1:20:19<1:52:10, 26.71s/it] 47%|████▋     | 219/470 [1:20:38<1:42:11, 24.43s/it] 47%|████▋     | 220/470 [1:20:51<1:27:35, 21.02s/it] 47%|████▋     | 221/470 [1:21:20<1:37:28, 23.49s/it] 47%|████▋     | 222/470 [1:21:31<1:20:45, 19.54s/it] 47%|████▋     | 223/470 [1:21:38<1:04:57, 15.78s/it] 48%|████▊     | 224/470 [1:21:59<1:10:57, 17.31s/it] 48%|████▊     | 225/470 [1:22:28<1:25:21, 20.90s/it] 48%|████▊     | 226/470 [1:22:38<1:11:58, 17.70s/it] 48%|████▊     | 227/470 [1:23:11<1:29:37, 22.13s/it] 49%|████▊     | 228/470 [1:23:41<1:39:48, 24.75s/it] 49%|████▊     | 229/470 [1:23:49<1:18:26, 19.53s/it] 49%|████▉     | 230/470 [1:24:33<1:48:08, 27.03s/it] 49%|████▉     | 231/470 [1:24:58<1:45:23, 26.46s/it] 49%|████▉     | 232/470 [1:25:26<1:45:53, 26.69s/it] 50%|████▉     | 233/470 [1:26:03<1:57:29, 29.75s/it] 50%|████▉     | 234/470 [1:26:15<1:36:20, 24.49s/it] 50%|█████     | 235/470 [1:26:51<1:49:43, 28.02s/it] 50%|█████     | 236/470 [1:26:59<1:25:38, 21.96s/it] 50%|█████     | 237/470 [1:27:32<1:38:45, 25.43s/it] 51%|█████     | 238/470 [1:27:43<1:21:09, 20.99s/it] 51%|█████     | 239/470 [1:28:12<1:30:01, 23.38s/it] 51%|█████     | 240/470 [1:28:39<1:33:48, 24.47s/it] 51%|█████▏    | 241/470 [1:29:12<1:42:50, 26.95s/it] 51%|█████▏    | 242/470 [1:29:43<1:47:25, 28.27s/it] 52%|█████▏    | 243/470 [1:30:12<1:47:36, 28.44s/it] 52%|█████▏    | 244/470 [1:30:36<1:41:47, 27.02s/it] 52%|█████▏    | 245/470 [1:30:51<1:28:30, 23.60s/it] 52%|█████▏    | 246/470 [1:31:06<1:18:04, 20.91s/it] 53%|█████▎    | 247/470 [1:32:06<2:01:40, 32.74s/it] 53%|█████▎    | 248/470 [1:32:36<1:57:56, 31.88s/it] 53%|█████▎    | 249/470 [1:32:45<1:32:26, 25.10s/it] 53%|█████▎    | 250/470 [1:33:32<1:56:00, 31.64s/it] 53%|█████▎    | 251/470 [1:33:49<1:39:32, 27.27s/it] 54%|█████▎    | 252/470 [1:33:55<1:15:52, 20.88s/it] 54%|█████▍    | 253/470 [1:34:04<1:02:04, 17.16s/it] 54%|█████▍    | 254/470 [1:34:39<1:20:51, 22.46s/it] 54%|█████▍    | 255/470 [1:35:13<1:32:54, 25.93s/it] 54%|█████▍    | 256/470 [1:35:36<1:29:34, 25.11s/it] 55%|█████▍    | 257/470 [1:35:39<1:06:06, 18.62s/it] 55%|█████▍    | 258/470 [1:35:46<52:55, 14.98s/it]   55%|█████▌    | 259/470 [1:35:57<48:34, 13.81s/it] 55%|█████▌    | 260/470 [1:36:50<1:29:20, 25.53s/it] 56%|█████▌    | 261/470 [1:36:56<1:08:58, 19.80s/it] 56%|█████▌    | 262/470 [1:37:13<1:05:20, 18.85s/it] 56%|█████▌    | 263/470 [1:38:09<1:43:31, 30.01s/it] 56%|█████▌    | 264/470 [1:38:19<1:22:51, 24.13s/it] 56%|█████▋    | 265/470 [1:38:45<1:23:42, 24.50s/it] 57%|█████▋    | 266/470 [1:40:23<2:39:07, 46.80s/it] 57%|█████▋    | 267/470 [1:40:40<2:07:23, 37.65s/it] 57%|█████▋    | 268/470 [1:41:08<1:57:20, 34.85s/it] 57%|█████▋    | 269/470 [1:41:59<2:13:22, 39.81s/it] 57%|█████▋    | 270/470 [1:42:47<2:20:05, 42.03s/it] 58%|█████▊    | 271/470 [1:43:04<1:54:30, 34.52s/it] 58%|█████▊    | 272/470 [1:43:32<1:47:47, 32.66s/it] 58%|█████▊    | 273/470 [1:43:39<1:21:51, 24.93s/it] 58%|█████▊    | 274/470 [1:43:43<1:01:27, 18.81s/it] 59%|█████▊    | 275/470 [1:43:48<47:18, 14.55s/it]   59%|█████▊    | 276/470 [1:44:20<1:03:45, 19.72s/it] 59%|█████▉    | 277/470 [1:44:24<48:47, 15.17s/it]   59%|█████▉    | 278/470 [1:44:32<41:10, 12.87s/it] 59%|█████▉    | 279/470 [1:44:37<33:54, 10.65s/it] 60%|█████▉    | 280/470 [1:44:42<28:06,  8.88s/it] 60%|█████▉    | 281/470 [1:45:22<56:49, 18.04s/it] 60%|██████    | 282/470 [1:45:48<1:04:10, 20.48s/it] 60%|██████    | 283/470 [1:46:23<1:17:54, 25.00s/it] 60%|██████    | 284/470 [1:47:00<1:28:23, 28.51s/it] 61%|██████    | 285/470 [1:47:24<1:23:33, 27.10s/it] 61%|██████    | 286/470 [1:47:37<1:10:20, 22.94s/it] 61%|██████    | 287/470 [1:47:58<1:08:12, 22.36s/it] 61%|██████▏   | 288/470 [1:48:04<52:48, 17.41s/it]   61%|██████▏   | 289/470 [1:48:15<46:40, 15.47s/it] 62%|██████▏   | 290/470 [1:48:40<54:53, 18.30s/it] 62%|██████▏   | 291/470 [1:49:07<1:02:14, 20.87s/it] 62%|██████▏   | 292/470 [1:49:29<1:03:02, 21.25s/it] 62%|██████▏   | 293/470 [1:49:50<1:02:27, 21.17s/it] 63%|██████▎   | 294/470 [1:50:11<1:02:03, 21.15s/it] 63%|██████▎   | 295/470 [1:50:16<47:45, 16.37s/it]   63%|██████▎   | 296/470 [1:50:34<49:01, 16.90s/it] 63%|██████▎   | 297/470 [1:50:46<44:26, 15.41s/it] 63%|██████▎   | 298/470 [1:51:18<58:47, 20.51s/it] 64%|██████▎   | 299/470 [1:51:27<48:19, 16.95s/it] 64%|██████▍   | 300/470 [1:52:00<1:01:56, 21.86s/it] 64%|██████▍   | 301/470 [1:52:30<1:08:08, 24.19s/it] 64%|██████▍   | 302/470 [1:52:39<55:12, 19.72s/it]   64%|██████▍   | 303/470 [1:53:24<1:15:56, 27.29s/it] 65%|██████▍   | 304/470 [1:54:18<1:37:21, 35.19s/it] 65%|██████▍   | 305/470 [1:55:19<1:57:51, 42.86s/it] 65%|██████▌   | 306/470 [1:55:26<1:28:12, 32.27s/it] 65%|██████▌   | 307/470 [1:55:56<1:25:47, 31.58s/it] 66%|██████▌   | 308/470 [1:56:32<1:28:35, 32.81s/it] 66%|██████▌   | 309/470 [1:56:51<1:17:20, 28.82s/it] 66%|██████▌   | 310/470 [1:57:15<1:12:33, 27.21s/it] 66%|██████▌   | 311/470 [1:57:25<58:07, 21.94s/it]   66%|██████▋   | 312/470 [1:58:01<1:09:11, 26.28s/it] 67%|██████▋   | 313/470 [1:58:19<1:02:22, 23.84s/it] 67%|██████▋   | 314/470 [1:58:48<1:06:01, 25.39s/it] 67%|██████▋   | 315/470 [1:59:32<1:19:33, 30.80s/it] 67%|██████▋   | 316/470 [1:59:39<1:01:27, 23.95s/it] 67%|██████▋   | 317/470 [1:59:49<50:08, 19.66s/it]   68%|██████▊   | 318/470 [2:00:30<1:05:56, 26.03s/it] 68%|██████▊   | 319/470 [2:01:31<1:31:50, 36.49s/it] 68%|██████▊   | 320/470 [2:02:04<1:28:43, 35.49s/it] 68%|██████▊   | 321/470 [2:02:22<1:14:50, 30.14s/it] 69%|██████▊   | 322/470 [2:02:42<1:07:09, 27.23s/it] 69%|██████▊   | 323/470 [2:02:53<54:32, 22.26s/it]   69%|██████▉   | 324/470 [2:03:21<58:21, 23.98s/it] 69%|██████▉   | 325/470 [2:03:38<53:11, 22.01s/it] 69%|██████▉   | 326/470 [2:04:02<53:47, 22.42s/it] 70%|██████▉   | 327/470 [2:04:12<44:38, 18.73s/it] 70%|██████▉   | 328/470 [2:04:35<47:35, 20.11s/it] 70%|███████   | 329/470 [2:04:49<43:04, 18.33s/it] 70%|███████   | 330/470 [2:05:11<45:10, 19.36s/it] 70%|███████   | 331/470 [2:05:41<52:14, 22.55s/it] 71%|███████   | 332/470 [2:06:01<49:51, 21.68s/it] 71%|███████   | 333/470 [2:06:10<40:46, 17.86s/it] 71%|███████   | 334/470 [2:06:28<40:50, 18.02s/it] 71%|███████▏  | 335/470 [2:06:48<41:41, 18.53s/it] 71%|███████▏  | 336/470 [2:07:10<43:54, 19.66s/it] 72%|███████▏  | 337/470 [2:07:17<35:11, 15.88s/it] 72%|███████▏  | 338/470 [2:07:24<28:51, 13.12s/it] 72%|███████▏  | 339/470 [2:08:07<48:33, 22.24s/it] 72%|███████▏  | 340/470 [2:09:03<1:10:03, 32.34s/it] 73%|███████▎  | 341/470 [2:09:16<57:06, 26.56s/it]   73%|███████▎  | 342/470 [2:09:32<49:54, 23.40s/it] 73%|███████▎  | 343/470 [2:09:51<46:31, 21.98s/it] 73%|███████▎  | 344/470 [2:10:15<47:17, 22.52s/it] 73%|███████▎  | 345/470 [2:11:00<1:01:01, 29.29s/it] 74%|███████▎  | 346/470 [2:11:32<1:02:07, 30.06s/it] 74%|███████▍  | 347/470 [2:11:43<50:02, 24.41s/it]   74%|███████▍  | 348/470 [2:11:59<44:30, 21.89s/it] 74%|███████▍  | 349/470 [2:12:11<38:20, 19.01s/it] 74%|███████▍  | 350/470 [2:12:19<31:31, 15.76s/it] 75%|███████▍  | 351/470 [2:12:29<27:48, 14.02s/it] 75%|███████▍  | 352/470 [2:13:37<59:26, 30.22s/it] 75%|███████▌  | 353/470 [2:14:16<1:03:58, 32.81s/it] 75%|███████▌  | 354/470 [2:14:37<56:23, 29.17s/it]   76%|███████▌  | 355/470 [2:15:01<53:17, 27.80s/it] 76%|███████▌  | 356/470 [2:15:13<43:28, 22.88s/it] 76%|███████▌  | 357/470 [2:15:40<45:27, 24.14s/it] 76%|███████▌  | 358/470 [2:16:12<49:15, 26.39s/it] 76%|███████▋  | 359/470 [2:16:16<36:24, 19.68s/it] 77%|███████▋  | 360/470 [2:16:23<29:07, 15.89s/it] 77%|███████▋  | 361/470 [2:16:48<34:02, 18.74s/it] 77%|███████▋  | 362/470 [2:17:22<41:57, 23.31s/it] 77%|███████▋  | 363/470 [2:17:55<46:54, 26.30s/it] 77%|███████▋  | 364/470 [2:18:27<49:26, 27.98s/it] 78%|███████▊  | 365/470 [2:18:41<41:30, 23.72s/it] 78%|███████▊  | 366/470 [2:18:57<37:05, 21.40s/it] 78%|███████▊  | 367/470 [2:19:24<39:23, 22.95s/it] 78%|███████▊  | 368/470 [2:19:38<34:43, 20.43s/it] 79%|███████▊  | 369/470 [2:19:48<29:13, 17.37s/it] 79%|███████▊  | 370/470 [2:20:25<38:44, 23.25s/it] 79%|███████▉  | 371/470 [2:21:06<47:10, 28.60s/it] 79%|███████▉  | 372/470 [2:21:47<52:48, 32.33s/it] 79%|███████▉  | 373/470 [2:22:15<49:59, 30.92s/it] 80%|███████▉  | 374/470 [2:22:54<53:10, 33.23s/it] 80%|███████▉  | 375/470 [2:23:01<40:08, 25.35s/it] 80%|████████  | 376/470 [2:23:37<44:59, 28.72s/it] 80%|████████  | 377/470 [2:24:10<46:38, 30.09s/it] 80%|████████  | 378/470 [2:24:20<36:45, 23.98s/it] 81%|████████  | 379/470 [2:24:38<33:30, 22.09s/it] 81%|████████  | 380/470 [2:25:36<49:31, 33.02s/it] 81%|████████  | 381/470 [2:26:03<46:06, 31.08s/it] 81%|████████▏ | 382/470 [2:26:38<47:24, 32.32s/it] 81%|████████▏ | 383/470 [2:27:12<47:28, 32.74s/it] 82%|████████▏ | 384/470 [2:27:19<36:07, 25.20s/it] 82%|████████▏ | 385/470 [2:27:44<35:18, 24.92s/it] 82%|████████▏ | 386/470 [2:28:24<41:20, 29.52s/it] 82%|████████▏ | 387/470 [2:28:53<40:39, 29.39s/it] 83%|████████▎ | 388/470 [2:28:59<30:21, 22.21s/it] 83%|████████▎ | 389/470 [2:29:27<32:36, 24.15s/it] 83%|████████▎ | 390/470 [2:29:35<25:38, 19.24s/it] 83%|████████▎ | 391/470 [2:29:41<20:02, 15.22s/it] 83%|████████▎ | 392/470 [2:30:09<24:57, 19.20s/it] 84%|████████▎ | 393/470 [2:30:18<20:29, 15.96s/it] 84%|████████▍ | 394/470 [2:30:32<19:40, 15.54s/it] 84%|████████▍ | 395/470 [2:31:21<31:55, 25.53s/it] 84%|████████▍ | 396/470 [2:32:17<42:41, 34.62s/it] 84%|████████▍ | 397/470 [2:32:22<31:11, 25.64s/it] 85%|████████▍ | 398/470 [2:32:30<24:30, 20.42s/it] 85%|████████▍ | 399/470 [2:32:35<18:51, 15.94s/it] 85%|████████▌ | 400/470 [2:32:44<15:58, 13.69s/it] 85%|████████▌ | 401/470 [2:33:04<18:00, 15.66s/it] 86%|████████▌ | 402/470 [2:33:09<14:00, 12.37s/it] 86%|████████▌ | 403/470 [2:33:20<13:19, 11.93s/it] 86%|████████▌ | 404/470 [2:33:24<10:35,  9.63s/it] 86%|████████▌ | 405/470 [2:33:27<08:26,  7.80s/it] 86%|████████▋ | 406/470 [2:33:41<10:13,  9.59s/it] 87%|████████▋ | 407/470 [2:33:46<08:30,  8.10s/it] 87%|████████▋ | 408/470 [2:33:51<07:28,  7.24s/it] 87%|████████▋ | 409/470 [2:33:56<06:32,  6.43s/it] 87%|████████▋ | 410/470 [2:34:31<15:04, 15.08s/it] 87%|████████▋ | 411/470 [2:34:56<17:47, 18.10s/it] 88%|████████▊ | 412/470 [2:35:45<26:17, 27.21s/it] 88%|████████▊ | 413/470 [2:36:04<23:37, 24.86s/it] 88%|████████▊ | 414/470 [2:36:13<18:42, 20.05s/it] 88%|████████▊ | 415/470 [2:37:06<27:37, 30.13s/it] 89%|████████▊ | 416/470 [2:37:58<32:59, 36.65s/it] 89%|████████▊ | 417/470 [2:38:52<36:48, 41.67s/it] 89%|████████▉ | 418/470 [2:39:12<30:34, 35.27s/it] 89%|████████▉ | 419/470 [2:39:53<31:32, 37.11s/it] 89%|████████▉ | 420/470 [2:40:14<26:46, 32.13s/it] 90%|████████▉ | 421/470 [2:40:37<24:01, 29.41s/it] 90%|████████▉ | 422/470 [2:40:43<17:53, 22.37s/it] 90%|█████████ | 423/470 [2:41:09<18:30, 23.63s/it] 90%|█████████ | 424/470 [2:41:22<15:37, 20.39s/it] 90%|█████████ | 425/470 [2:41:56<18:15, 24.34s/it] 91%|█████████ | 426/470 [2:42:29<19:53, 27.13s/it] 91%|█████████ | 427/470 [2:42:57<19:32, 27.26s/it] 91%|█████████ | 428/470 [2:43:07<15:25, 22.02s/it] 91%|█████████▏| 429/470 [2:43:30<15:17, 22.37s/it] 91%|█████████▏| 430/470 [2:43:38<12:07, 18.18s/it] 92%|█████████▏| 431/470 [2:43:43<09:07, 14.04s/it] 92%|█████████▏| 432/470 [2:43:48<07:12, 11.39s/it] 92%|█████████▏| 433/470 [2:43:54<06:00,  9.75s/it] 92%|█████████▏| 434/470 [2:44:04<05:50,  9.74s/it] 93%|█████████▎| 435/470 [2:44:48<11:47, 20.20s/it] 93%|█████████▎| 436/470 [2:45:11<11:50, 20.90s/it] 93%|█████████▎| 437/470 [2:45:37<12:24, 22.57s/it] 93%|█████████▎| 438/470 [2:46:16<14:36, 27.40s/it] 93%|█████████▎| 439/470 [2:46:54<15:52, 30.72s/it] 94%|█████████▎| 440/470 [2:47:05<12:17, 24.60s/it] 94%|█████████▍| 441/470 [2:47:16<09:54, 20.51s/it] 94%|█████████▍| 442/470 [2:47:42<10:26, 22.38s/it] 94%|█████████▍| 443/470 [2:48:19<11:55, 26.50s/it] 94%|█████████▍| 444/470 [2:48:45<11:26, 26.42s/it] 95%|█████████▍| 445/470 [2:48:54<08:52, 21.32s/it] 95%|█████████▍| 446/470 [2:49:22<09:20, 23.37s/it] 95%|█████████▌| 447/470 [2:49:52<09:41, 25.29s/it] 95%|█████████▌| 448/470 [2:50:15<09:02, 24.67s/it] 96%|█████████▌| 449/470 [2:50:33<07:54, 22.62s/it] 96%|█████████▌| 450/470 [2:50:38<05:44, 17.22s/it] 96%|█████████▌| 451/470 [2:51:10<06:50, 21.62s/it] 96%|█████████▌| 452/470 [2:51:25<05:57, 19.87s/it] 96%|█████████▋| 453/470 [2:52:01<06:57, 24.55s/it] 97%|█████████▋| 454/470 [2:52:23<06:20, 23.78s/it] 97%|█████████▋| 455/470 [2:52:48<06:02, 24.17s/it] 97%|█████████▋| 456/470 [2:53:22<06:20, 27.19s/it] 97%|█████████▋| 457/470 [2:53:28<04:29, 20.70s/it] 97%|█████████▋| 458/470 [2:53:38<03:30, 17.57s/it] 98%|█████████▊| 459/470 [2:53:50<02:55, 15.92s/it] 98%|█████████▊| 460/470 [2:54:20<03:19, 19.98s/it] 98%|█████████▊| 461/470 [2:54:42<03:07, 20.81s/it] 98%|█████████▊| 462/470 [2:54:54<02:24, 18.10s/it] 99%|█████████▊| 463/470 [2:55:29<02:42, 23.22s/it] 99%|█████████▊| 464/470 [2:55:46<02:08, 21.34s/it] 99%|█████████▉| 465/470 [2:56:26<02:13, 26.80s/it] 99%|█████████▉| 466/470 [2:56:50<01:44, 26.04s/it] 99%|█████████▉| 467/470 [2:57:00<01:04, 21.37s/it]100%|█████████▉| 468/470 [2:57:12<00:36, 18.47s/it]100%|█████████▉| 469/470 [2:57:47<00:23, 23.31s/it]100%|██████████| 470/470 [2:57:51<00:00, 17.58s/it]
  0%|          | 0/470 [00:00<?, ?it/s]val set results:
Mean  aucroc :  0.6298
  0%|          | 1/470 [00:06<51:13,  6.55s/it]  0%|          | 2/470 [00:33<1:38:26, 12.62s/it]  1%|          | 3/470 [00:40<1:24:44, 10.89s/it]  1%|          | 4/470 [01:17<2:26:25, 18.85s/it]  1%|          | 5/470 [01:26<2:01:57, 15.74s/it]  1%|▏         | 6/470 [01:36<1:49:22, 14.14s/it]  1%|▏         | 7/470 [01:54<1:57:12, 15.19s/it]  2%|▏         | 8/470 [02:51<3:34:04, 27.80s/it]  2%|▏         | 9/470 [03:16<3:26:59, 26.94s/it]  2%|▏         | 10/470 [03:20<2:35:15, 20.25s/it]  2%|▏         | 11/470 [03:26<2:01:33, 15.89s/it]  3%|▎         | 12/470 [03:46<2:10:18, 17.07s/it]  3%|▎         | 13/470 [04:11<2:27:53, 19.42s/it]  3%|▎         | 14/470 [04:46<3:02:26, 24.01s/it]  3%|▎         | 15/470 [05:21<3:27:13, 27.33s/it]  3%|▎         | 16/470 [06:27<4:55:31, 39.06s/it]  4%|▎         | 17/470 [06:43<4:03:24, 32.24s/it]  4%|▍         | 18/470 [06:53<3:12:27, 25.55s/it]  4%|▍         | 19/470 [07:02<2:32:57, 20.35s/it]  4%|▍         | 20/470 [07:33<2:57:00, 23.60s/it]  4%|▍         | 21/470 [07:37<2:14:05, 17.92s/it]  5%|▍         | 22/470 [07:45<1:49:40, 14.69s/it]  5%|▍         | 23/470 [07:49<1:27:08, 11.70s/it]  5%|▌         | 24/470 [08:03<1:32:21, 12.42s/it]  5%|▌         | 25/470 [08:46<2:39:54, 21.56s/it]  6%|▌         | 26/470 [08:52<2:03:24, 16.68s/it]  6%|▌         | 27/470 [09:15<2:18:41, 18.78s/it]  6%|▌         | 28/470 [09:29<2:06:29, 17.17s/it]  6%|▌         | 29/470 [09:32<1:36:12, 13.09s/it]  6%|▋         | 30/470 [09:40<1:24:17, 11.49s/it]  7%|▋         | 31/470 [10:13<2:10:39, 17.86s/it]  7%|▋         | 32/470 [10:27<2:03:05, 16.86s/it]  7%|▋         | 33/470 [10:32<1:36:23, 13.23s/it]  7%|▋         | 34/470 [10:39<1:23:20, 11.47s/it]  7%|▋         | 35/470 [10:47<1:14:08, 10.23s/it]  8%|▊         | 36/470 [11:23<2:09:44, 17.94s/it]  8%|▊         | 37/470 [11:48<2:26:12, 20.26s/it]  8%|▊         | 38/470 [12:39<3:31:26, 29.37s/it]  8%|▊         | 39/470 [12:45<2:41:18, 22.46s/it]  9%|▊         | 40/470 [12:51<2:06:00, 17.58s/it]  9%|▊         | 41/470 [13:19<2:26:51, 20.54s/it]  9%|▉         | 42/470 [13:37<2:20:54, 19.75s/it]  9%|▉         | 43/470 [13:40<1:45:20, 14.80s/it]  9%|▉         | 44/470 [13:45<1:23:32, 11.77s/it] 10%|▉         | 45/470 [13:50<1:09:21,  9.79s/it] 10%|▉         | 46/470 [14:38<2:30:38, 21.32s/it] 10%|█         | 47/470 [14:50<2:10:02, 18.45s/it] 10%|█         | 48/470 [15:06<2:04:15, 17.67s/it] 10%|█         | 49/470 [15:10<1:36:23, 13.74s/it] 11%|█         | 50/470 [15:24<1:36:52, 13.84s/it] 11%|█         | 51/470 [16:23<3:09:30, 27.14s/it] 11%|█         | 52/470 [17:26<4:25:53, 38.17s/it] 11%|█▏        | 53/470 [17:42<3:38:16, 31.41s/it] 11%|█▏        | 54/470 [19:05<5:24:20, 46.78s/it] 12%|█▏        | 55/470 [19:31<4:41:09, 40.65s/it] 12%|█▏        | 56/470 [19:55<4:06:35, 35.74s/it] 12%|█▏        | 57/470 [20:23<3:49:02, 33.28s/it] 12%|█▏        | 58/470 [20:36<3:06:22, 27.14s/it] 13%|█▎        | 59/470 [20:43<2:25:37, 21.26s/it] 13%|█▎        | 60/470 [20:47<1:49:48, 16.07s/it] 13%|█▎        | 61/470 [20:59<1:40:19, 14.72s/it] 13%|█▎        | 62/470 [21:38<2:29:14, 21.95s/it] 13%|█▎        | 63/470 [21:44<1:58:13, 17.43s/it] 14%|█▎        | 64/470 [22:22<2:38:15, 23.39s/it] 14%|█▍        | 65/470 [23:24<3:55:31, 34.89s/it] 14%|█▍        | 66/470 [23:30<2:58:19, 26.48s/it] 14%|█▍        | 67/470 [24:01<3:05:44, 27.65s/it] 14%|█▍        | 68/470 [24:18<2:44:08, 24.50s/it] 15%|█▍        | 69/470 [24:31<2:20:32, 21.03s/it] 15%|█▍        | 70/470 [24:51<2:18:11, 20.73s/it] 15%|█▌        | 71/470 [26:00<3:55:16, 35.38s/it] 15%|█▌        | 72/470 [26:10<3:03:42, 27.70s/it] 16%|█▌        | 73/470 [26:52<3:30:15, 31.78s/it] 16%|█▌        | 74/470 [27:29<3:40:04, 33.34s/it] 16%|█▌        | 75/470 [28:16<4:07:05, 37.53s/it] 16%|█▌        | 76/470 [28:22<3:05:00, 28.17s/it] 16%|█▋        | 77/470 [28:34<2:31:57, 23.20s/it] 17%|█▋        | 78/470 [28:43<2:03:51, 18.96s/it] 17%|█▋        | 79/470 [28:48<1:37:00, 14.89s/it] 17%|█▋        | 80/470 [29:29<2:26:44, 22.58s/it] 17%|█▋        | 81/470 [30:31<3:44:16, 34.59s/it] 17%|█▋        | 82/470 [30:41<2:56:07, 27.24s/it] 18%|█▊        | 83/470 [31:10<2:58:13, 27.63s/it] 18%|█▊        | 84/470 [31:17<2:17:31, 21.38s/it] 18%|█▊        | 85/470 [31:23<1:48:54, 16.97s/it] 18%|█▊        | 86/470 [31:33<1:35:08, 14.87s/it] 19%|█▊        | 87/470 [31:39<1:17:18, 12.11s/it] 19%|█▊        | 88/470 [31:46<1:06:38, 10.47s/it] 19%|█▉        | 89/470 [32:10<1:32:20, 14.54s/it] 19%|█▉        | 90/470 [32:15<1:14:13, 11.72s/it] 19%|█▉        | 91/470 [32:26<1:12:17, 11.44s/it] 20%|█▉        | 92/470 [33:24<2:40:15, 25.44s/it] 20%|█▉        | 93/470 [34:16<3:30:51, 33.56s/it] 20%|██        | 94/470 [34:35<3:01:38, 28.99s/it] 20%|██        | 95/470 [34:59<2:51:45, 27.48s/it] 20%|██        | 96/470 [35:04<2:10:26, 20.93s/it] 21%|██        | 97/470 [35:34<2:26:58, 23.64s/it] 21%|██        | 98/470 [35:58<2:27:03, 23.72s/it] 21%|██        | 99/470 [36:31<2:44:13, 26.56s/it] 21%|██▏       | 100/470 [37:05<2:56:37, 28.64s/it] 21%|██▏       | 101/470 [37:29<2:47:27, 27.23s/it] 22%|██▏       | 102/470 [37:59<2:52:19, 28.10s/it] 22%|██▏       | 103/470 [38:04<2:09:44, 21.21s/it] 22%|██▏       | 104/470 [38:13<1:46:31, 17.46s/it] 22%|██▏       | 105/470 [38:18<1:23:23, 13.71s/it] 23%|██▎       | 106/470 [38:28<1:17:04, 12.70s/it] 23%|██▎       | 107/470 [38:35<1:06:52, 11.05s/it] 23%|██▎       | 108/470 [39:37<2:38:43, 26.31s/it] 23%|██▎       | 109/470 [40:00<2:32:01, 25.27s/it] 23%|██▎       | 110/470 [40:06<1:56:52, 19.48s/it] 24%|██▎       | 111/470 [40:59<2:55:58, 29.41s/it] 24%|██▍       | 112/470 [41:37<3:12:17, 32.23s/it] 24%|██▍       | 113/470 [41:43<2:25:16, 24.41s/it] 24%|██▍       | 114/470 [41:50<1:53:25, 19.12s/it] 24%|██▍       | 115/470 [42:47<2:59:42, 30.37s/it] 25%|██▍       | 116/470 [43:26<3:14:00, 32.88s/it] 25%|██▍       | 117/470 [44:06<3:27:09, 35.21s/it] 25%|██▌       | 118/470 [44:14<2:37:37, 26.87s/it] 25%|██▌       | 119/470 [44:55<3:03:05, 31.30s/it] 26%|██▌       | 120/470 [45:45<3:34:50, 36.83s/it] 26%|██▌       | 121/470 [46:23<3:35:33, 37.06s/it] 26%|██▌       | 122/470 [46:47<3:12:15, 33.15s/it] 26%|██▌       | 123/470 [47:16<3:05:34, 32.09s/it] 26%|██▋       | 124/470 [48:14<3:48:47, 39.68s/it] 27%|██▋       | 125/470 [48:46<3:36:22, 37.63s/it] 27%|██▋       | 126/470 [48:54<2:43:51, 28.58s/it] 27%|██▋       | 127/470 [49:04<2:11:48, 23.06s/it] 27%|██▋       | 128/470 [49:21<2:01:04, 21.24s/it] 27%|██▋       | 129/470 [49:39<1:55:07, 20.26s/it] 28%|██▊       | 130/470 [49:44<1:28:29, 15.62s/it] 28%|██▊       | 131/470 [49:49<1:10:30, 12.48s/it] 28%|██▊       | 132/470 [50:22<1:45:23, 18.71s/it] 28%|██▊       | 133/470 [51:02<2:21:17, 25.15s/it] 29%|██▊       | 134/470 [51:09<1:49:49, 19.61s/it] 29%|██▊       | 135/470 [51:13<1:22:48, 14.83s/it] 29%|██▉       | 136/470 [51:17<1:05:08, 11.70s/it] 29%|██▉       | 137/470 [51:24<57:24, 10.34s/it]   29%|██▉       | 138/470 [51:37<1:01:33, 11.13s/it] 30%|██▉       | 139/470 [51:44<53:58,  9.78s/it]   30%|██▉       | 140/470 [51:58<1:01:02, 11.10s/it] 30%|███       | 141/470 [52:21<1:20:54, 14.75s/it] 30%|███       | 142/470 [52:34<1:17:23, 14.16s/it] 30%|███       | 143/470 [53:11<1:53:42, 20.86s/it] 31%|███       | 144/470 [53:33<1:55:34, 21.27s/it] 31%|███       | 145/470 [53:55<1:56:43, 21.55s/it] 31%|███       | 146/470 [54:03<1:34:39, 17.53s/it] 31%|███▏      | 147/470 [54:09<1:15:19, 13.99s/it] 31%|███▏      | 148/470 [54:18<1:06:35, 12.41s/it] 32%|███▏      | 149/470 [54:22<53:12,  9.95s/it]   32%|███▏      | 150/470 [54:27<44:43,  8.38s/it] 32%|███▏      | 151/470 [55:11<1:42:19, 19.25s/it] 32%|███▏      | 152/470 [56:06<2:37:40, 29.75s/it] 33%|███▎      | 153/470 [56:39<2:43:33, 30.96s/it] 33%|███▎      | 154/470 [57:14<2:48:11, 31.94s/it] 33%|███▎      | 155/470 [57:32<2:26:42, 27.94s/it] 33%|███▎      | 156/470 [58:14<2:47:58, 32.10s/it] 33%|███▎      | 157/470 [58:22<2:10:00, 24.92s/it] 34%|███▎      | 158/470 [59:17<2:55:59, 33.85s/it] 34%|███▍      | 159/470 [59:23<2:12:54, 25.64s/it] 34%|███▍      | 160/470 [59:35<1:50:42, 21.43s/it] 34%|███▍      | 161/470 [1:00:02<1:59:35, 23.22s/it] 34%|███▍      | 162/470 [1:00:40<2:21:09, 27.50s/it] 35%|███▍      | 163/470 [1:01:11<2:26:00, 28.54s/it] 35%|███▍      | 164/470 [1:01:27<2:06:44, 24.85s/it] 35%|███▌      | 165/470 [1:01:53<2:08:20, 25.25s/it] 35%|███▌      | 166/470 [1:02:02<1:42:32, 20.24s/it] 36%|███▌      | 167/470 [1:02:30<1:53:42, 22.51s/it] 36%|███▌      | 168/470 [1:02:56<1:58:59, 23.64s/it] 36%|███▌      | 169/470 [1:03:00<1:28:54, 17.72s/it] 36%|███▌      | 170/470 [1:03:12<1:20:48, 16.16s/it] 36%|███▋      | 171/470 [1:03:44<1:44:29, 20.97s/it] 37%|███▋      | 172/470 [1:04:12<1:54:27, 23.04s/it] 37%|███▋      | 173/470 [1:04:35<1:53:42, 22.97s/it] 37%|███▋      | 174/470 [1:04:41<1:27:47, 17.80s/it] 37%|███▋      | 175/470 [1:04:54<1:19:57, 16.26s/it] 37%|███▋      | 176/470 [1:04:59<1:03:19, 12.92s/it] 38%|███▊      | 177/470 [1:05:05<53:09, 10.89s/it]   38%|███▊      | 178/470 [1:05:50<1:42:46, 21.12s/it] 38%|███▊      | 179/470 [1:06:21<1:57:14, 24.17s/it] 38%|███▊      | 180/470 [1:06:27<1:29:55, 18.60s/it] 39%|███▊      | 181/470 [1:06:33<1:11:06, 14.76s/it] 39%|███▊      | 182/470 [1:06:41<1:01:32, 12.82s/it] 39%|███▉      | 183/470 [1:07:16<1:33:24, 19.53s/it] 39%|███▉      | 184/470 [1:07:19<1:09:39, 14.61s/it] 39%|███▉      | 185/470 [1:07:24<55:17, 11.64s/it]   40%|███▉      | 186/470 [1:07:38<58:09, 12.29s/it] 40%|███▉      | 187/470 [1:07:44<49:46, 10.55s/it] 40%|████      | 188/470 [1:07:51<45:03,  9.59s/it] 40%|████      | 189/470 [1:07:58<40:44,  8.70s/it] 40%|████      | 190/470 [1:08:03<35:27,  7.60s/it] 41%|████      | 191/470 [1:08:10<34:17,  7.37s/it] 41%|████      | 192/470 [1:08:45<1:13:09, 15.79s/it] 41%|████      | 193/470 [1:08:53<1:01:08, 13.24s/it] 41%|████▏     | 194/470 [1:09:45<1:55:20, 25.08s/it] 41%|████▏     | 195/470 [1:09:56<1:35:15, 20.78s/it] 42%|████▏     | 196/470 [1:10:08<1:22:00, 17.96s/it] 42%|████▏     | 197/470 [1:10:10<1:01:13, 13.46s/it] 42%|████▏     | 198/470 [1:10:15<49:03, 10.82s/it]   42%|████▏     | 199/470 [1:10:23<44:48,  9.92s/it] 43%|████▎     | 200/470 [1:10:37<50:36, 11.25s/it] 43%|████▎     | 201/470 [1:10:46<46:58, 10.48s/it] 43%|████▎     | 202/470 [1:10:56<46:17, 10.36s/it] 43%|████▎     | 203/470 [1:11:02<40:08,  9.02s/it] 43%|████▎     | 204/470 [1:11:07<34:07,  7.70s/it] 44%|████▎     | 205/470 [1:11:46<1:16:15, 17.27s/it] 44%|████▍     | 206/470 [1:12:08<1:22:06, 18.66s/it] 44%|████▍     | 207/470 [1:12:54<1:58:03, 26.93s/it] 44%|████▍     | 208/470 [1:13:40<2:22:19, 32.59s/it] 44%|████▍     | 209/470 [1:13:58<2:02:39, 28.20s/it] 45%|████▍     | 210/470 [1:14:52<2:36:14, 36.06s/it] 45%|████▍     | 211/470 [1:15:09<2:10:23, 30.21s/it] 45%|████▌     | 212/470 [1:15:49<2:22:16, 33.09s/it] 45%|████▌     | 213/470 [1:17:03<3:13:53, 45.27s/it] 46%|████▌     | 214/470 [1:17:39<3:01:50, 42.62s/it] 46%|████▌     | 215/470 [1:18:13<2:49:52, 39.97s/it] 46%|████▌     | 216/470 [1:18:22<2:10:32, 30.84s/it] 46%|████▌     | 217/470 [1:18:30<1:40:31, 23.84s/it] 46%|████▋     | 218/470 [1:19:09<2:00:06, 28.60s/it] 47%|████▋     | 219/470 [1:20:20<2:52:04, 41.13s/it] 47%|████▋     | 220/470 [1:20:35<2:19:30, 33.48s/it] 47%|████▋     | 221/470 [1:20:41<1:44:05, 25.08s/it] 47%|████▋     | 222/470 [1:20:53<1:26:54, 21.03s/it] 47%|████▋     | 223/470 [1:21:19<1:33:48, 22.79s/it] 48%|████▊     | 224/470 [1:21:48<1:40:17, 24.46s/it] 48%|████▊     | 225/470 [1:21:52<1:14:41, 18.29s/it] 48%|████▊     | 226/470 [1:22:08<1:11:26, 17.57s/it] 48%|████▊     | 227/470 [1:22:31<1:17:46, 19.20s/it] 49%|████▊     | 228/470 [1:23:04<1:34:29, 23.43s/it] 49%|████▊     | 229/470 [1:23:10<1:12:46, 18.12s/it] 49%|████▉     | 230/470 [1:23:16<58:27, 14.61s/it]   49%|████▉     | 231/470 [1:23:22<47:25, 11.91s/it] 49%|████▉     | 232/470 [1:23:51<1:08:35, 17.29s/it] 50%|████▉     | 233/470 [1:24:23<1:25:30, 21.65s/it] 50%|████▉     | 234/470 [1:24:50<1:30:54, 23.11s/it] 50%|█████     | 235/470 [1:25:52<2:15:53, 34.70s/it] 50%|█████     | 236/470 [1:26:23<2:11:18, 33.67s/it] 50%|█████     | 237/470 [1:27:16<2:33:50, 39.62s/it] 51%|█████     | 238/470 [1:27:50<2:26:00, 37.76s/it] 51%|█████     | 239/470 [1:28:26<2:24:06, 37.43s/it] 51%|█████     | 240/470 [1:29:24<2:46:08, 43.34s/it] 51%|█████▏    | 241/470 [1:30:18<2:57:46, 46.58s/it] 51%|█████▏    | 242/470 [1:31:05<2:57:33, 46.73s/it] 52%|█████▏    | 243/470 [1:31:35<2:38:25, 41.88s/it] 52%|█████▏    | 244/470 [1:31:56<2:14:12, 35.63s/it] 52%|█████▏    | 245/470 [1:32:25<2:05:34, 33.49s/it] 52%|█████▏    | 246/470 [1:32:38<1:41:49, 27.27s/it] 53%|█████▎    | 247/470 [1:33:11<1:48:13, 29.12s/it] 53%|█████▎    | 248/470 [1:33:23<1:28:53, 24.02s/it] 53%|█████▎    | 249/470 [1:33:33<1:12:56, 19.80s/it] 53%|█████▎    | 250/470 [1:34:12<1:33:03, 25.38s/it] 53%|█████▎    | 251/470 [1:35:16<2:14:58, 36.98s/it] 54%|█████▎    | 252/470 [1:35:57<2:18:39, 38.16s/it] 54%|█████▍    | 253/470 [1:36:05<1:45:45, 29.24s/it] 54%|█████▍    | 254/470 [1:36:20<1:29:31, 24.87s/it] 54%|█████▍    | 255/470 [1:37:07<1:52:49, 31.49s/it] 54%|█████▍    | 256/470 [1:37:43<1:57:23, 32.92s/it] 55%|█████▍    | 257/470 [1:38:46<2:28:38, 41.87s/it] 55%|█████▍    | 258/470 [1:38:51<1:49:11, 30.90s/it] 55%|█████▌    | 259/470 [1:38:56<1:22:00, 23.32s/it] 55%|█████▌    | 260/470 [1:39:36<1:38:29, 28.14s/it] 56%|█████▌    | 261/470 [1:39:41<1:14:13, 21.31s/it] 56%|█████▌    | 262/470 [1:40:39<1:52:06, 32.34s/it] 56%|█████▌    | 263/470 [1:41:34<2:14:15, 38.91s/it] 56%|█████▌    | 264/470 [1:42:01<2:02:01, 35.54s/it] 56%|█████▋    | 265/470 [1:42:17<1:41:15, 29.64s/it] 57%|█████▋    | 266/470 [1:42:42<1:36:07, 28.27s/it] 57%|█████▋    | 267/470 [1:43:14<1:39:18, 29.35s/it] 57%|█████▋    | 268/470 [1:43:21<1:16:32, 22.73s/it] 57%|█████▋    | 269/470 [1:43:50<1:22:31, 24.63s/it] 57%|█████▋    | 270/470 [1:44:04<1:11:15, 21.38s/it] 58%|█████▊    | 271/470 [1:44:30<1:15:37, 22.80s/it] 58%|█████▊    | 272/470 [1:44:35<57:03, 17.29s/it]   58%|█████▊    | 273/470 [1:44:45<49:38, 15.12s/it] 58%|█████▊    | 274/470 [1:45:10<59:33, 18.23s/it] 59%|█████▊    | 275/470 [1:45:46<1:16:00, 23.39s/it] 59%|█████▊    | 276/470 [1:45:50<57:21, 17.74s/it]   59%|█████▉    | 277/470 [1:45:57<45:57, 14.29s/it] 59%|█████▉    | 278/470 [1:46:02<37:01, 11.57s/it] 59%|█████▉    | 279/470 [1:46:37<59:00, 18.54s/it] 60%|█████▉    | 280/470 [1:46:50<53:33, 16.92s/it] 60%|█████▉    | 281/470 [1:47:28<1:13:54, 23.47s/it] 60%|██████    | 282/470 [1:48:12<1:32:04, 29.39s/it] 60%|██████    | 283/470 [1:48:27<1:18:20, 25.14s/it] 60%|██████    | 284/470 [1:48:46<1:12:12, 23.29s/it] 61%|██████    | 285/470 [1:48:49<53:08, 17.23s/it]   61%|██████    | 286/470 [1:48:56<43:10, 14.08s/it] 61%|██████    | 287/470 [1:49:28<1:00:04, 19.69s/it] 61%|██████▏   | 288/470 [1:50:06<1:16:16, 25.15s/it] 61%|██████▏   | 289/470 [1:50:11<57:13, 18.97s/it]   62%|██████▏   | 290/470 [1:50:14<42:45, 14.25s/it] 62%|██████▏   | 291/470 [1:50:20<34:48, 11.67s/it] 62%|██████▏   | 292/470 [1:50:41<43:08, 14.54s/it] 62%|██████▏   | 293/470 [1:50:50<38:16, 12.97s/it] 63%|██████▎   | 294/470 [1:51:25<57:02, 19.45s/it] 63%|██████▎   | 295/470 [1:51:29<43:08, 14.79s/it] 63%|██████▎   | 296/470 [1:51:42<41:52, 14.44s/it] 63%|██████▎   | 297/470 [1:52:18<59:56, 20.79s/it] 63%|██████▎   | 298/470 [1:52:48<1:07:06, 23.41s/it] 64%|██████▎   | 299/470 [1:52:56<54:17, 19.05s/it]   64%|██████▍   | 300/470 [1:53:49<1:22:54, 29.26s/it] 64%|██████▍   | 301/470 [1:54:21<1:24:41, 30.07s/it] 64%|██████▍   | 302/470 [1:54:41<1:15:30, 26.97s/it] 64%|██████▍   | 303/470 [1:54:47<57:40, 20.72s/it]   65%|██████▍   | 304/470 [1:55:20<1:07:38, 24.45s/it] 65%|██████▍   | 305/470 [1:55:46<1:07:58, 24.72s/it] 65%|██████▌   | 306/470 [1:56:28<1:21:41, 29.89s/it] 65%|██████▌   | 307/470 [1:56:44<1:10:18, 25.88s/it] 66%|██████▌   | 308/470 [1:57:00<1:01:17, 22.70s/it] 66%|██████▌   | 309/470 [1:57:08<49:11, 18.33s/it]   66%|██████▌   | 310/470 [1:57:12<37:29, 14.06s/it] 66%|██████▌   | 311/470 [1:58:31<1:28:47, 33.50s/it] 66%|██████▋   | 312/470 [1:58:38<1:07:47, 25.75s/it] 67%|██████▋   | 313/470 [1:58:46<53:28, 20.43s/it]   67%|██████▋   | 314/470 [1:58:59<46:54, 18.04s/it] 67%|██████▋   | 315/470 [1:59:39<1:03:26, 24.56s/it] 67%|██████▋   | 316/470 [1:59:55<56:35, 22.05s/it]   67%|██████▋   | 317/470 [1:59:59<42:37, 16.72s/it] 68%|██████▊   | 318/470 [2:00:05<34:02, 13.44s/it] 68%|██████▊   | 319/470 [2:00:53<59:42, 23.73s/it] 68%|██████▊   | 320/470 [2:00:57<44:31, 17.81s/it] 68%|██████▊   | 321/470 [2:01:32<57:40, 23.22s/it] 69%|██████▊   | 322/470 [2:02:07<1:05:52, 26.71s/it] 69%|██████▊   | 323/470 [2:02:38<1:08:12, 27.84s/it] 69%|██████▉   | 324/470 [2:03:12<1:12:10, 29.66s/it] 69%|██████▉   | 325/470 [2:03:21<56:56, 23.56s/it]   69%|██████▉   | 326/470 [2:03:53<1:02:43, 26.14s/it] 70%|██████▉   | 327/470 [2:04:02<49:42, 20.85s/it]   70%|██████▉   | 328/470 [2:04:12<42:07, 17.80s/it] 70%|███████   | 329/470 [2:04:20<34:27, 14.67s/it] 70%|███████   | 330/470 [2:04:26<28:13, 12.09s/it] 70%|███████   | 331/470 [2:04:32<24:14, 10.47s/it] 71%|███████   | 332/470 [2:04:41<22:45,  9.89s/it] 71%|███████   | 333/470 [2:04:51<22:43,  9.95s/it] 71%|███████   | 334/470 [2:05:56<1:00:13, 26.57s/it] 71%|███████▏  | 335/470 [2:06:04<47:10, 20.97s/it]   71%|███████▏  | 336/470 [2:06:10<36:15, 16.23s/it] 72%|███████▏  | 337/470 [2:06:17<29:56, 13.50s/it] 72%|███████▏  | 338/470 [2:06:33<31:54, 14.51s/it] 72%|███████▏  | 339/470 [2:06:45<29:24, 13.47s/it] 72%|███████▏  | 340/470 [2:07:10<37:05, 17.12s/it] 73%|███████▎  | 341/470 [2:07:48<50:10, 23.34s/it] 73%|███████▎  | 342/470 [2:08:15<52:04, 24.41s/it] 73%|███████▎  | 343/470 [2:08:25<42:33, 20.11s/it] 73%|███████▎  | 344/470 [2:08:37<37:19, 17.78s/it] 73%|███████▎  | 345/470 [2:09:00<39:50, 19.12s/it] 74%|███████▎  | 346/470 [2:09:17<38:27, 18.61s/it] 74%|███████▍  | 347/470 [2:09:45<43:55, 21.43s/it] 74%|███████▍  | 348/470 [2:10:09<45:16, 22.27s/it] 74%|███████▍  | 349/470 [2:11:03<1:04:11, 31.83s/it] 74%|███████▍  | 350/470 [2:11:12<49:38, 24.82s/it]   75%|███████▍  | 351/470 [2:11:51<57:42, 29.10s/it] 75%|███████▍  | 352/470 [2:12:13<53:11, 27.05s/it] 75%|███████▌  | 353/470 [2:12:40<52:51, 27.11s/it] 75%|███████▌  | 354/470 [2:13:05<50:44, 26.25s/it] 76%|███████▌  | 355/470 [2:13:46<59:09, 30.87s/it] 76%|███████▌  | 356/470 [2:14:33<1:07:21, 35.46s/it] 76%|███████▌  | 357/470 [2:14:38<49:58, 26.54s/it]   76%|███████▌  | 358/470 [2:14:44<37:49, 20.26s/it] 76%|███████▋  | 359/470 [2:14:54<32:05, 17.34s/it] 77%|███████▋  | 360/470 [2:15:40<47:17, 25.80s/it] 77%|███████▋  | 361/470 [2:16:05<46:24, 25.55s/it] 77%|███████▋  | 362/470 [2:16:08<34:03, 18.92s/it] 77%|███████▋  | 363/470 [2:16:25<32:23, 18.17s/it] 77%|███████▋  | 364/470 [2:16:51<36:20, 20.58s/it] 78%|███████▊  | 365/470 [2:17:01<30:29, 17.42s/it] 78%|███████▊  | 366/470 [2:17:37<39:55, 23.04s/it] 78%|███████▊  | 367/470 [2:18:01<40:08, 23.38s/it] 78%|███████▊  | 368/470 [2:18:16<35:10, 20.69s/it] 79%|███████▊  | 369/470 [2:18:56<44:57, 26.70s/it] 79%|███████▊  | 370/470 [2:19:06<36:05, 21.65s/it] 79%|███████▉  | 371/470 [2:19:56<49:32, 30.03s/it] 79%|███████▉  | 372/470 [2:20:37<54:14, 33.21s/it] 79%|███████▉  | 373/470 [2:20:43<40:53, 25.30s/it] 80%|███████▉  | 374/470 [2:20:48<30:46, 19.24s/it] 80%|███████▉  | 375/470 [2:21:59<54:36, 34.49s/it] 80%|████████  | 376/470 [2:22:36<55:22, 35.35s/it] 80%|████████  | 377/470 [2:22:52<45:37, 29.43s/it] 80%|████████  | 378/470 [2:23:06<38:08, 24.88s/it] 81%|████████  | 379/470 [2:23:45<44:06, 29.09s/it] 81%|████████  | 380/470 [2:24:40<55:20, 36.89s/it] 81%|████████  | 381/470 [2:25:15<53:58, 36.39s/it] 81%|████████▏ | 382/470 [2:25:49<52:14, 35.62s/it] 81%|████████▏ | 383/470 [2:26:10<45:27, 31.35s/it] 82%|████████▏ | 384/470 [2:26:39<43:49, 30.58s/it] 82%|████████▏ | 385/470 [2:26:49<34:39, 24.46s/it] 82%|████████▏ | 386/470 [2:27:25<38:58, 27.84s/it] 82%|████████▏ | 387/470 [2:27:51<37:37, 27.20s/it] 83%|████████▎ | 388/470 [2:28:16<36:31, 26.73s/it] 83%|████████▎ | 389/470 [2:28:34<32:23, 24.00s/it] 83%|████████▎ | 390/470 [2:28:39<24:37, 18.47s/it] 83%|████████▎ | 391/470 [2:28:47<19:51, 15.09s/it] 83%|████████▎ | 392/470 [2:28:52<15:42, 12.09s/it] 84%|████████▎ | 393/470 [2:29:07<16:52, 13.15s/it] 84%|████████▍ | 394/470 [2:29:14<14:20, 11.32s/it] 84%|████████▍ | 395/470 [2:29:22<12:44, 10.19s/it] 84%|████████▍ | 396/470 [2:29:31<12:12,  9.89s/it] 84%|████████▍ | 397/470 [2:29:35<09:59,  8.21s/it] 85%|████████▍ | 398/470 [2:29:40<08:40,  7.23s/it] 85%|████████▍ | 399/470 [2:29:48<08:32,  7.22s/it] 85%|████████▌ | 400/470 [2:30:00<10:06,  8.66s/it] 85%|████████▌ | 401/470 [2:30:25<15:50, 13.77s/it] 86%|████████▌ | 402/470 [2:30:39<15:35, 13.76s/it] 86%|████████▌ | 403/470 [2:30:46<13:02, 11.68s/it] 86%|████████▌ | 404/470 [2:30:49<10:08,  9.22s/it] 86%|████████▌ | 405/470 [2:30:54<08:30,  7.85s/it] 86%|████████▋ | 406/470 [2:31:17<13:13, 12.40s/it] 87%|████████▋ | 407/470 [2:31:21<10:17,  9.81s/it] 87%|████████▋ | 408/470 [2:31:26<08:38,  8.36s/it] 87%|████████▋ | 409/470 [2:31:31<07:27,  7.34s/it] 87%|████████▋ | 410/470 [2:31:37<06:53,  6.88s/it] 87%|████████▋ | 411/470 [2:31:44<06:58,  7.10s/it] 88%|████████▊ | 412/470 [2:31:49<06:09,  6.37s/it] 88%|████████▊ | 413/470 [2:32:38<18:12, 19.16s/it] 88%|████████▊ | 414/470 [2:33:40<30:03, 32.20s/it] 88%|████████▊ | 415/470 [2:34:18<30:55, 33.74s/it] 89%|████████▊ | 416/470 [2:34:36<26:13, 29.14s/it] 89%|████████▊ | 417/470 [2:34:45<20:23, 23.08s/it] 89%|████████▉ | 418/470 [2:35:44<29:19, 33.84s/it] 89%|████████▉ | 419/470 [2:35:51<21:51, 25.71s/it] 89%|████████▉ | 420/470 [2:36:49<29:29, 35.40s/it] 90%|████████▉ | 421/470 [2:37:26<29:13, 35.79s/it] 90%|████████▉ | 422/470 [2:37:54<26:46, 33.47s/it] 90%|█████████ | 423/470 [2:38:23<25:18, 32.30s/it] 90%|█████████ | 424/470 [2:38:35<19:58, 26.06s/it] 90%|█████████ | 425/470 [2:39:29<25:57, 34.60s/it] 91%|█████████ | 426/470 [2:40:13<27:22, 37.32s/it] 91%|█████████ | 427/470 [2:40:23<20:48, 29.04s/it] 91%|█████████ | 428/470 [2:40:48<19:29, 27.85s/it] 91%|█████████▏| 429/470 [2:41:42<24:33, 35.94s/it] 91%|█████████▏| 430/470 [2:41:55<19:13, 28.84s/it] 92%|█████████▏| 431/470 [2:42:21<18:15, 28.10s/it] 92%|█████████▏| 432/470 [2:42:42<16:30, 26.08s/it] 92%|█████████▏| 433/470 [2:43:27<19:29, 31.60s/it] 92%|█████████▏| 434/470 [2:44:22<23:11, 38.65s/it] 93%|█████████▎| 435/470 [2:44:27<16:40, 28.58s/it] 93%|█████████▎| 436/470 [2:45:00<16:55, 29.87s/it] 93%|█████████▎| 437/470 [2:45:28<16:07, 29.31s/it] 93%|█████████▎| 438/470 [2:45:59<15:49, 29.68s/it] 93%|█████████▎| 439/470 [2:46:14<13:08, 25.43s/it] 94%|█████████▎| 440/470 [2:46:36<12:12, 24.43s/it] 94%|█████████▍| 441/470 [2:47:06<12:37, 26.13s/it] 94%|█████████▍| 442/470 [2:47:44<13:46, 29.52s/it] 94%|█████████▍| 443/470 [2:48:53<18:35, 41.32s/it] 94%|█████████▍| 444/470 [2:49:05<14:07, 32.60s/it] 95%|█████████▍| 445/470 [2:49:45<14:33, 34.95s/it] 95%|█████████▍| 446/470 [2:50:48<17:16, 43.19s/it] 95%|█████████▌| 447/470 [2:51:14<14:36, 38.10s/it] 95%|█████████▌| 448/470 [2:51:50<13:45, 37.52s/it] 96%|█████████▌| 449/470 [2:52:33<13:40, 39.09s/it] 96%|█████████▌| 450/470 [2:52:49<10:43, 32.18s/it] 96%|█████████▌| 451/470 [2:53:02<08:22, 26.43s/it] 96%|█████████▌| 452/470 [2:54:10<11:43, 39.06s/it] 96%|█████████▋| 453/470 [2:54:32<09:36, 33.90s/it] 97%|█████████▋| 454/470 [2:55:06<09:00, 33.75s/it] 97%|█████████▋| 455/470 [2:55:38<08:20, 33.37s/it] 97%|█████████▋| 456/470 [2:56:04<07:15, 31.07s/it] 97%|█████████▋| 457/470 [2:56:48<07:33, 34.90s/it] 97%|█████████▋| 458/470 [2:57:19<06:46, 33.87s/it] 98%|█████████▊| 459/470 [2:57:24<04:37, 25.24s/it] 98%|█████████▊| 460/470 [2:57:56<04:31, 27.19s/it] 98%|█████████▊| 461/470 [2:58:22<04:02, 26.99s/it] 98%|█████████▊| 462/470 [2:58:53<03:44, 28.02s/it] 99%|█████████▊| 463/470 [2:59:46<04:09, 35.60s/it] 99%|█████████▊| 464/470 [3:00:54<04:31, 45.24s/it] 99%|█████████▉| 465/470 [3:01:56<04:11, 50.21s/it] 99%|█████████▉| 466/470 [3:02:54<03:30, 52.73s/it] 99%|█████████▉| 467/470 [3:03:21<02:14, 44.84s/it]100%|█████████▉| 468/470 [3:04:02<01:27, 43.90s/it]100%|█████████▉| 469/470 [3:04:39<00:41, 41.58s/it]100%|██████████| 470/470 [3:04:54<00:00, 33.74s/it]
test set results:
Mean  aucroc :  0.6397
